<?xml version="1.0" encoding="UTF-8"?>
<testsuites>
  <testsuite name="" tests="170" assertions="471" errors="0" warnings="0" failures="0" skipped="0" time="9.781707">
    <testsuite name="unit" tests="170" assertions="471" errors="0" warnings="0" failures="0" skipped="0" time="9.781707">
      <testsuite name="Test_OrderMethods" file="/Applications/MAMP/htdocs/wordpressut/wp-content/plugins/razorpay-woocommerce/tests/phpunit/tests/test-order-methods.php" tests="15" assertions="43" errors="0" warnings="0" failures="0" skipped="0" time="1.251084">
        <testcase name="testgetVersionMetaInfoSubscription" class="Test_OrderMethods" classname="Test_OrderMethods" file="/Applications/MAMP/htdocs/wordpressut/wp-content/plugins/razorpay-woocommerce/tests/phpunit/tests/test-order-methods.php" line="333" assertions="5" time="0.033702"/>
        <testcase name="testProcessRefund" class="Test_OrderMethods" classname="Test_OrderMethods" file="/Applications/MAMP/htdocs/wordpressut/wp-content/plugins/razorpay-woocommerce/tests/phpunit/tests/test-order-methods.php" line="300" assertions="1" time="0.086254"/>
        <testcase name="testgetVersionMetaInfo" class="Test_OrderMethods" classname="Test_OrderMethods" file="/Applications/MAMP/htdocs/wordpressut/wp-content/plugins/razorpay-woocommerce/tests/phpunit/tests/test-order-methods.php" line="318" assertions="4" time="0.007447"/>
        <testcase name="testwoocommerce_razorpay_init" class="Test_OrderMethods" classname="Test_OrderMethods" file="/Applications/MAMP/htdocs/wordpressut/wp-content/plugins/razorpay-woocommerce/tests/phpunit/tests/test-order-methods.php" line="295" assertions="1" time="0.005776"/>
        <testcase name="testgetRazorpayPaymentParamsRzpidnull" class="Test_OrderMethods" classname="Test_OrderMethods" file="/Applications/MAMP/htdocs/wordpressut/wp-content/plugins/razorpay-woocommerce/tests/phpunit/tests/test-order-methods.php" line="56" assertions="1" time="0.072338"/>
        <testcase name="testgetCustomOrdercreationMessage" class="Test_OrderMethods" classname="Test_OrderMethods" file="/Applications/MAMP/htdocs/wordpressut/wp-content/plugins/razorpay-woocommerce/tests/phpunit/tests/test-order-methods.php" line="85" assertions="1" time="0.072416"/>
        <testcase name="testhandleErrorCase" class="Test_OrderMethods" classname="Test_OrderMethods" file="/Applications/MAMP/htdocs/wordpressut/wp-content/plugins/razorpay-woocommerce/tests/phpunit/tests/test-order-methods.php" line="276" assertions="2" time="0.071713"/>
        <testcase name="testgetDefaultCheckoutArguments" class="Test_OrderMethods" classname="Test_OrderMethods" file="/Applications/MAMP/htdocs/wordpressut/wp-content/plugins/razorpay-woocommerce/tests/phpunit/tests/test-order-methods.php" line="113" assertions="7" time="0.102092"/>
        <testcase name="testgetRazorpayPaymentParams" class="Test_OrderMethods" classname="Test_OrderMethods" file="/Applications/MAMP/htdocs/wordpressut/wp-content/plugins/razorpay-woocommerce/tests/phpunit/tests/test-order-methods.php" line="34" assertions="2" time="0.078205"/>
        <testcase name="testupdateUserAddressInfo" class="Test_OrderMethods" classname="Test_OrderMethods" file="/Applications/MAMP/htdocs/wordpressut/wp-content/plugins/razorpay-woocommerce/tests/phpunit/tests/test-order-methods.php" line="222" assertions="9" time="0.170680"/>
        <testcase name="testUpdateOrder" class="Test_OrderMethods" classname="Test_OrderMethods" file="/Applications/MAMP/htdocs/wordpressut/wp-content/plugins/razorpay-woocommerce/tests/phpunit/tests/test-order-methods.php" line="193" assertions="4" time="0.376843"/>
        <testcase name="testgetCustomOrdercreationMessagedefaultmessage" class="Test_OrderMethods" classname="Test_OrderMethods" file="/Applications/MAMP/htdocs/wordpressut/wp-content/plugins/razorpay-woocommerce/tests/phpunit/tests/test-order-methods.php" line="100" assertions="1" time="0.078110"/>
        <testcase name="testrazorpay_woo_plugin_links" class="Test_OrderMethods" classname="Test_OrderMethods" file="/Applications/MAMP/htdocs/wordpressut/wp-content/plugins/razorpay-woocommerce/tests/phpunit/tests/test-order-methods.php" line="350" assertions="3" time="0.006564"/>
        <testcase name="testwoocommerce_razorpay_inithasAction" class="Test_OrderMethods" classname="Test_OrderMethods" file="/Applications/MAMP/htdocs/wordpressut/wp-content/plugins/razorpay-woocommerce/tests/phpunit/tests/test-order-methods.php" line="361" assertions="1" time="0.006809"/>
        <testcase name="testcheck_razorpay_response" class="Test_OrderMethods" classname="Test_OrderMethods" file="/Applications/MAMP/htdocs/wordpressut/wp-content/plugins/razorpay-woocommerce/tests/phpunit/tests/test-order-methods.php" line="368" assertions="1" time="0.082134"/>
      </testsuite>
      <testsuite name="Test_Instrumentation" file="/Applications/MAMP/htdocs/wordpressut/wp-content/plugins/razorpay-woocommerce/tests/phpunit/tests/test-instrumentation.php" tests="17" assertions="26" errors="0" warnings="0" failures="0" skipped="0" time="3.812255">
        <testcase name="testGetDefaultPropertiesWithTimeStamp" class="Test_Instrumentation" classname="Test_Instrumentation" file="/Applications/MAMP/htdocs/wordpressut/wp-content/plugins/razorpay-woocommerce/tests/phpunit/tests/test-instrumentation.php" line="253" assertions="7" time="0.006924"/>
        <testcase name="testTriggerValidationInstrumentation" class="Test_Instrumentation" classname="Test_Instrumentation" file="/Applications/MAMP/htdocs/wordpressut/wp-content/plugins/razorpay-woocommerce/tests/phpunit/tests/test-instrumentation.php" line="159" assertions="1" time="0.006414"/>
        <testcase name="testInstrumentationDataLake" class="Test_Instrumentation" classname="Test_Instrumentation" file="/Applications/MAMP/htdocs/wordpressut/wp-content/plugins/razorpay-woocommerce/tests/phpunit/tests/test-instrumentation.php" line="233" assertions="1" time="0.427306"/>
        <testcase name="testInstrumentationSegment" class="Test_Instrumentation" classname="Test_Instrumentation" file="/Applications/MAMP/htdocs/wordpressut/wp-content/plugins/razorpay-woocommerce/tests/phpunit/tests/test-instrumentation.php" line="213" assertions="1" time="0.007322"/>
        <testcase name="testInstrumentationPluginUpgraded" class="Test_Instrumentation" classname="Test_Instrumentation" file="/Applications/MAMP/htdocs/wordpressut/wp-content/plugins/razorpay-woocommerce/tests/phpunit/tests/test-instrumentation.php" line="202" assertions="1" time="0.328699"/>
        <testcase name="testInstrmentationInvalidKeySecret" class="Test_Instrumentation" classname="Test_Instrumentation" file="/Applications/MAMP/htdocs/wordpressut/wp-content/plugins/razorpay-woocommerce/tests/phpunit/tests/test-instrumentation.php" line="44" assertions="1" time="0.006715"/>
        <testcase name="testHooks" class="Test_Instrumentation" classname="Test_Instrumentation" file="/Applications/MAMP/htdocs/wordpressut/wp-content/plugins/razorpay-woocommerce/tests/phpunit/tests/test-instrumentation.php" line="34" assertions="3" time="0.004662"/>
        <testcase name="testNewTrackPluginInstrumentation" class="Test_Instrumentation" classname="Test_Instrumentation" file="/Applications/MAMP/htdocs/wordpressut/wp-content/plugins/razorpay-woocommerce/tests/phpunit/tests/test-instrumentation.php" line="152" assertions="1" time="0.005839"/>
        <testcase name="testInstrumentationPluginDeactivated" class="Test_Instrumentation" classname="Test_Instrumentation" file="/Applications/MAMP/htdocs/wordpressut/wp-content/plugins/razorpay-woocommerce/tests/phpunit/tests/test-instrumentation.php" line="191" assertions="1" time="0.315797"/>
        <testcase name="testInstrumentationPluginActivated" class="Test_Instrumentation" classname="Test_Instrumentation" file="/Applications/MAMP/htdocs/wordpressut/wp-content/plugins/razorpay-woocommerce/tests/phpunit/tests/test-instrumentation.php" line="177" assertions="1" time="0.324741"/>
        <testcase name="testInstrumentationSavingAuthDetailsAndPluginEnableAndPluginEnabled" class="Test_Instrumentation" classname="Test_Instrumentation" file="/Applications/MAMP/htdocs/wordpressut/wp-content/plugins/razorpay-woocommerce/tests/phpunit/tests/test-instrumentation.php" line="55" assertions="0" time="0.747659"/>
        <testcase name="testInstrumentationUpdatingAuthDetailsAndPluginDisabled" class="Test_Instrumentation" classname="Test_Instrumentation" file="/Applications/MAMP/htdocs/wordpressut/wp-content/plugins/razorpay-woocommerce/tests/phpunit/tests/test-instrumentation.php" line="115" assertions="0" time="0.810597"/>
        <testcase name="testExistingVersion" class="Test_Instrumentation" classname="Test_Instrumentation" file="/Applications/MAMP/htdocs/wordpressut/wp-content/plugins/razorpay-woocommerce/tests/phpunit/tests/test-instrumentation.php" line="84" assertions="0" time="0.805624"/>
        <testcase name="testInstrumentationSegmentEmptyEvent" class="Test_Instrumentation" classname="Test_Instrumentation" file="/Applications/MAMP/htdocs/wordpressut/wp-content/plugins/razorpay-woocommerce/tests/phpunit/tests/test-instrumentation.php" line="219" assertions="2" time="0.003963"/>
        <testcase name="testInstrumentationSegmentEmptyProperties" class="Test_Instrumentation" classname="Test_Instrumentation" file="/Applications/MAMP/htdocs/wordpressut/wp-content/plugins/razorpay-woocommerce/tests/phpunit/tests/test-instrumentation.php" line="226" assertions="2" time="0.003644"/>
        <testcase name="testInstrumentationDataLakeEmptyEvent" class="Test_Instrumentation" classname="Test_Instrumentation" file="/Applications/MAMP/htdocs/wordpressut/wp-content/plugins/razorpay-woocommerce/tests/phpunit/tests/test-instrumentation.php" line="239" assertions="2" time="0.003353"/>
        <testcase name="testInstrumentationDataLakeEmptyProperties" class="Test_Instrumentation" classname="Test_Instrumentation" file="/Applications/MAMP/htdocs/wordpressut/wp-content/plugins/razorpay-woocommerce/tests/phpunit/tests/test-instrumentation.php" line="246" assertions="2" time="0.002998"/>
      </testsuite>
      <testsuite name="Test_RzpRouteAction" file="/Applications/MAMP/htdocs/wordpressut/wp-content/plugins/razorpay-woocommerce/tests/phpunit/tests/test-razorpay-route-actions.php" tests="7" assertions="14" errors="0" warnings="0" failures="0" skipped="0" time="0.518876">
        <testcase name="testdirectTransfer" class="Test_RzpRouteAction" classname="Test_RzpRouteAction" file="/Applications/MAMP/htdocs/wordpressut/wp-content/plugins/razorpay-woocommerce/tests/phpunit/tests/test-razorpay-route-actions.php" line="53" assertions="1" time="0.009429"/>
        <testcase name="testcreatePaymentTransfer" class="Test_RzpRouteAction" classname="Test_RzpRouteAction" file="/Applications/MAMP/htdocs/wordpressut/wp-content/plugins/razorpay-woocommerce/tests/phpunit/tests/test-razorpay-route-actions.php" line="92" assertions="1" time="0.007431"/>
        <testcase name="testreverseTransfer" class="Test_RzpRouteAction" classname="Test_RzpRouteAction" file="/Applications/MAMP/htdocs/wordpressut/wp-content/plugins/razorpay-woocommerce/tests/phpunit/tests/test-razorpay-route-actions.php" line="34" assertions="1" time="0.007425"/>
        <testcase name="testgetOrderTransferData" class="Test_RzpRouteAction" classname="Test_RzpRouteAction" file="/Applications/MAMP/htdocs/wordpressut/wp-content/plugins/razorpay-woocommerce/tests/phpunit/tests/test-razorpay-route-actions.php" line="114" assertions="6" time="0.237731"/>
        <testcase name="testAddRouteAnalyticsScript" class="Test_RzpRouteAction" classname="Test_RzpRouteAction" file="/Applications/MAMP/htdocs/wordpressut/wp-content/plugins/razorpay-woocommerce/tests/phpunit/tests/test-razorpay-route-actions.php" line="25" assertions="3" time="0.010169"/>
        <testcase name="testtransferFromPayment" class="Test_RzpRouteAction" classname="Test_RzpRouteAction" file="/Applications/MAMP/htdocs/wordpressut/wp-content/plugins/razorpay-woocommerce/tests/phpunit/tests/test-razorpay-route-actions.php" line="160" assertions="1" time="0.239351"/>
        <testcase name="testupdateTransferSettlement" class="Test_RzpRouteAction" classname="Test_RzpRouteAction" file="/Applications/MAMP/htdocs/wordpressut/wp-content/plugins/razorpay-woocommerce/tests/phpunit/tests/test-razorpay-route-actions.php" line="72" assertions="1" time="0.007340"/>
      </testsuite>
      <testsuite name="Test_RzpRoute" file="/Applications/MAMP/htdocs/wordpressut/wp-content/plugins/razorpay-woocommerce/tests/phpunit/tests/test-razorpay-route.php" tests="35" assertions="154" errors="0" warnings="0" failures="0" skipped="0" time="0.154331">
        <testcase name="testgetReversalItems" class="Test_RzpRoute" classname="Test_RzpRoute" file="/Applications/MAMP/htdocs/wordpressut/wp-content/plugins/razorpay-woocommerce/tests/phpunit/tests/test-razorpay-route.php" line="591" assertions="4" time="0.008165"/>
        <testcase name="testgetItems" class="Test_RzpRoute" classname="Test_RzpRoute" file="/Applications/MAMP/htdocs/wordpressut/wp-content/plugins/razorpay-woocommerce/tests/phpunit/tests/test-razorpay-route.php" line="310" assertions="8" time="0.002871"/>
        <testcase name="testrzpTransferDetailsStatusComplete" class="Test_RzpRoute" classname="Test_RzpRoute" file="/Applications/MAMP/htdocs/wordpressut/wp-content/plugins/razorpay-woocommerce/tests/phpunit/tests/test-razorpay-route.php" line="446" assertions="1" time="0.004804"/>
        <testcase name="testrzpTransferDetailsWithoutSettlementStatus" class="Test_RzpRoute" classname="Test_RzpRoute" file="/Applications/MAMP/htdocs/wordpressut/wp-content/plugins/razorpay-woocommerce/tests/phpunit/tests/test-razorpay-route.php" line="428" assertions="1" time="0.005178"/>
        <testcase name="testrzpTransferDetailsOnholdwithoutsettlementid" class="Test_RzpRoute" classname="Test_RzpRoute" file="/Applications/MAMP/htdocs/wordpressut/wp-content/plugins/razorpay-woocommerce/tests/phpunit/tests/test-razorpay-route.php" line="408" assertions="2" time="0.005013"/>
        <testcase name="testrzpTransferDetailsOnholdwithholdunit" class="Test_RzpRoute" classname="Test_RzpRoute" file="/Applications/MAMP/htdocs/wordpressut/wp-content/plugins/razorpay-woocommerce/tests/phpunit/tests/test-razorpay-route.php" line="388" assertions="2" time="0.004383"/>
        <testcase name="testrzpTransferDetails" class="Test_RzpRoute" classname="Test_RzpRoute" file="/Applications/MAMP/htdocs/wordpressut/wp-content/plugins/razorpay-woocommerce/tests/phpunit/tests/test-razorpay-route.php" line="336" assertions="18" time="0.004656"/>
        <testcase name="testgetPaymentItems" class="Test_RzpRoute" classname="Test_RzpRoute" file="/Applications/MAMP/htdocs/wordpressut/wp-content/plugins/razorpay-woocommerce/tests/phpunit/tests/test-razorpay-route.php" line="700" assertions="7" time="0.002706"/>
        <testcase name="testrzpSettlementTransfers" class="Test_RzpRoute" classname="Test_RzpRoute" file="/Applications/MAMP/htdocs/wordpressut/wp-content/plugins/razorpay-woocommerce/tests/phpunit/tests/test-razorpay-route.php" line="724" assertions="7" time="0.002714"/>
        <testcase name="testrzpPaymentDetails" class="Test_RzpRoute" classname="Test_RzpRoute" file="/Applications/MAMP/htdocs/wordpressut/wp-content/plugins/razorpay-woocommerce/tests/phpunit/tests/test-razorpay-route.php" line="861" assertions="3" time="0.004794"/>
        <testcase name="testrzpAddPluginPage" class="Test_RzpRoute" classname="Test_RzpRoute" file="/Applications/MAMP/htdocs/wordpressut/wp-content/plugins/razorpay-woocommerce/tests/phpunit/tests/test-razorpay-route.php" line="109" assertions="6" time="0.004001"/>
        <testcase name="testgetReversalColumns" class="Test_RzpRoute" classname="Test_RzpRoute" file="/Applications/MAMP/htdocs/wordpressut/wp-content/plugins/razorpay-woocommerce/tests/phpunit/tests/test-razorpay-route.php" line="578" assertions="4" time="0.003231"/>
        <testcase name="testadminEnqueueScriptsFunc" class="Test_RzpRoute" classname="Test_RzpRoute" file="/Applications/MAMP/htdocs/wordpressut/wp-content/plugins/razorpay-woocommerce/tests/phpunit/tests/test-razorpay-route.php" line="776" assertions="7" time="0.002930"/>
        <testcase name="testtransferDataTab" class="Test_RzpRoute" classname="Test_RzpRoute" file="/Applications/MAMP/htdocs/wordpressut/wp-content/plugins/razorpay-woocommerce/tests/phpunit/tests/test-razorpay-route.php" line="795" assertions="3" time="0.002283"/>
        <testcase name="testpaymentTransferMetaBox" class="Test_RzpRoute" classname="Test_RzpRoute" file="/Applications/MAMP/htdocs/wordpressut/wp-content/plugins/razorpay-woocommerce/tests/phpunit/tests/test-razorpay-route.php" line="823" assertions="2" time="0.003099"/>
        <testcase name="testgetPaymentColumns" class="Test_RzpRoute" classname="Test_RzpRoute" file="/Applications/MAMP/htdocs/wordpressut/wp-content/plugins/razorpay-woocommerce/tests/phpunit/tests/test-razorpay-route.php" line="681" assertions="7" time="0.002605"/>
        <testcase name="testpreparePaymentItemswithouroffset" class="Test_RzpRoute" classname="Test_RzpRoute" file="/Applications/MAMP/htdocs/wordpressut/wp-content/plugins/razorpay-woocommerce/tests/phpunit/tests/test-razorpay-route.php" line="655" assertions="1" time="0.002848"/>
        <testcase name="testpreparePaymentItems" class="Test_RzpRoute" classname="Test_RzpRoute" file="/Applications/MAMP/htdocs/wordpressut/wp-content/plugins/razorpay-woocommerce/tests/phpunit/tests/test-razorpay-route.php" line="631" assertions="1" time="0.003473"/>
        <testcase name="testrzpRoutePayments" class="Test_RzpRoute" classname="Test_RzpRoute" file="/Applications/MAMP/htdocs/wordpressut/wp-content/plugins/razorpay-woocommerce/tests/phpunit/tests/test-razorpay-route.php" line="609" assertions="3" time="0.002687"/>
        <testcase name="testrzpTransferReversals" class="Test_RzpRoute" classname="Test_RzpRoute" file="/Applications/MAMP/htdocs/wordpressut/wp-content/plugins/razorpay-woocommerce/tests/phpunit/tests/test-razorpay-route.php" line="512" assertions="3" time="0.002576"/>
        <testcase name="testprepareReversalItemswithoutOffet" class="Test_RzpRoute" classname="Test_RzpRoute" file="/Applications/MAMP/htdocs/wordpressut/wp-content/plugins/razorpay-woocommerce/tests/phpunit/tests/test-razorpay-route.php" line="554" assertions="1" time="0.002930"/>
        <testcase name="testprepareReversalItems" class="Test_RzpRoute" classname="Test_RzpRoute" file="/Applications/MAMP/htdocs/wordpressut/wp-content/plugins/razorpay-woocommerce/tests/phpunit/tests/test-razorpay-route.php" line="532" assertions="1" time="0.002582"/>
        <testcase name="testrouteHeaderrazorpayRouteReversals" class="Test_RzpRoute" classname="Test_RzpRoute" file="/Applications/MAMP/htdocs/wordpressut/wp-content/plugins/razorpay-woocommerce/tests/phpunit/tests/test-razorpay-route.php" line="496" assertions="3" time="0.002240"/>
        <testcase name="testrouteHeaderrazorpayRoutePayments" class="Test_RzpRoute" classname="Test_RzpRoute" file="/Applications/MAMP/htdocs/wordpressut/wp-content/plugins/razorpay-woocommerce/tests/phpunit/tests/test-razorpay-route.php" line="480" assertions="3" time="0.002624"/>
        <testcase name="testrouteHeaderrazorpayRouteWoocommerce" class="Test_RzpRoute" classname="Test_RzpRoute" file="/Applications/MAMP/htdocs/wordpressut/wp-content/plugins/razorpay-woocommerce/tests/phpunit/tests/test-razorpay-route.php" line="464" assertions="3" time="0.002207"/>
        <testcase name="testprepareItemsnoOffset" class="Test_RzpRoute" classname="Test_RzpRoute" file="/Applications/MAMP/htdocs/wordpressut/wp-content/plugins/razorpay-woocommerce/tests/phpunit/tests/test-razorpay-route.php" line="282" assertions="1" time="0.003020"/>
        <testcase name="testprepareItems" class="Test_RzpRoute" classname="Test_RzpRoute" file="/Applications/MAMP/htdocs/wordpressut/wp-content/plugins/razorpay-woocommerce/tests/phpunit/tests/test-razorpay-route.php" line="254" assertions="1" time="0.003148"/>
        <testcase name="testcolumn_default" class="Test_RzpRoute" classname="Test_RzpRoute" file="/Applications/MAMP/htdocs/wordpressut/wp-content/plugins/razorpay-woocommerce/tests/phpunit/tests/test-razorpay-route.php" line="195" assertions="18" time="0.002808"/>
        <testcase name="testget_columns" class="Test_RzpRoute" classname="Test_RzpRoute" file="/Applications/MAMP/htdocs/wordpressut/wp-content/plugins/razorpay-woocommerce/tests/phpunit/tests/test-razorpay-route.php" line="174" assertions="8" time="0.003273"/>
        <testcase name="testrazorpayRouteModule" class="Test_RzpRoute" classname="Test_RzpRoute" file="/Applications/MAMP/htdocs/wordpressut/wp-content/plugins/razorpay-woocommerce/tests/phpunit/tests/test-razorpay-route.php" line="90" assertions="6" time="0.005413"/>
        <testcase name="testrzpTransfers" class="Test_RzpRoute" classname="Test_RzpRoute" file="/Applications/MAMP/htdocs/wordpressut/wp-content/plugins/razorpay-woocommerce/tests/phpunit/tests/test-razorpay-route.php" line="138" assertions="8" time="0.004658"/>
        <testcase name="testaddRouteModuleSettingFields" class="Test_RzpRoute" classname="Test_RzpRoute" file="/Applications/MAMP/htdocs/wordpressut/wp-content/plugins/razorpay-woocommerce/tests/phpunit/tests/test-razorpay-route.php" line="56" assertions="5" time="0.006024"/>
        <testcase name="testcheckDirectTransferFeature" class="Test_RzpRoute" classname="Test_RzpRoute" file="/Applications/MAMP/htdocs/wordpressut/wp-content/plugins/razorpay-woocommerce/tests/phpunit/tests/test-razorpay-route.php" line="755" assertions="1" time="0.009058"/>
        <testcase name="testwoocommerce_process_transfer_meta_fields_save" class="Test_RzpRoute" classname="Test_RzpRoute" file="/Applications/MAMP/htdocs/wordpressut/wp-content/plugins/razorpay-woocommerce/tests/phpunit/tests/test-razorpay-route.php" line="806" assertions="4" time="0.013683"/>
        <testcase name="testrenderPaymentMetaBox" class="Test_RzpRoute" classname="Test_RzpRoute" file="/Applications/MAMP/htdocs/wordpressut/wp-content/plugins/razorpay-woocommerce/tests/phpunit/tests/test-razorpay-route.php" line="832" assertions="1" time="0.015641"/>
      </testsuite>
      <testsuite name="Test_Webhook" file="/Applications/MAMP/htdocs/wordpressut/wp-content/plugins/razorpay-woocommerce/tests/phpunit/tests/test-webhookinit.php" tests="25" assertions="36" errors="0" warnings="0" failures="0" skipped="0" time="1.414977">
        <testcase name="testgetPaymentEntity" class="Test_Webhook" classname="Test_Webhook" file="/Applications/MAMP/htdocs/wordpressut/wp-content/plugins/razorpay-woocommerce/tests/phpunit/tests/test-webhookinit.php" line="414" assertions="1" time="0.065651"/>
        <testcase name="testvirtualAccountCredited" class="Test_Webhook" classname="Test_Webhook" file="/Applications/MAMP/htdocs/wordpressut/wp-content/plugins/razorpay-woocommerce/tests/phpunit/tests/test-webhookinit.php" line="491" assertions="1" time="0.065122"/>
        <testcase name="testrefundednotCreated" class="Test_Webhook" classname="Test_Webhook" file="/Applications/MAMP/htdocs/wordpressut/wp-content/plugins/razorpay-woocommerce/tests/phpunit/tests/test-webhookinit.php" line="551" assertions="1" time="0.068261"/>
        <testcase name="testrefundedCreated" class="Test_Webhook" classname="Test_Webhook" file="/Applications/MAMP/htdocs/wordpressut/wp-content/plugins/razorpay-woocommerce/tests/phpunit/tests/test-webhookinit.php" line="520" assertions="2" time="0.089680"/>
        <testcase name="testprocesswebhooksecret" class="Test_Webhook" classname="Test_Webhook" file="/Applications/MAMP/htdocs/wordpressut/wp-content/plugins/razorpay-woocommerce/tests/phpunit/tests/test-webhookinit.php" line="63" assertions="1" time="0.067648"/>
        <testcase name="testprocessshouldntconsumewebhook" class="Test_Webhook" classname="Test_Webhook" file="/Applications/MAMP/htdocs/wordpressut/wp-content/plugins/razorpay-woocommerce/tests/phpunit/tests/test-webhookinit.php" line="46" assertions="1" time="0.074028"/>
        <testcase name="testpaymentPending" class="Test_Webhook" classname="Test_Webhook" file="/Applications/MAMP/htdocs/wordpressut/wp-content/plugins/razorpay-woocommerce/tests/phpunit/tests/test-webhookinit.php" line="460" assertions="2" time="0.074611"/>
        <testcase name="testpaymentAuthorized" class="Test_Webhook" classname="Test_Webhook" file="/Applications/MAMP/htdocs/wordpressut/wp-content/plugins/razorpay-woocommerce/tests/phpunit/tests/test-webhookinit.php" line="429" assertions="2" time="0.068999"/>
        <testcase name="testprocesspaymentfailed" class="Test_Webhook" classname="Test_Webhook" file="/Applications/MAMP/htdocs/wordpressut/wp-content/plugins/razorpay-woocommerce/tests/phpunit/tests/test-webhookinit.php" line="150" assertions="1" time="0.079864"/>
        <testcase name="testprocesspaymentpending" class="Test_Webhook" classname="Test_Webhook" file="/Applications/MAMP/htdocs/wordpressut/wp-content/plugins/razorpay-woocommerce/tests/phpunit/tests/test-webhookinit.php" line="183" assertions="1" time="0.077746"/>
        <testcase name="testprocesssubscriptionCancelled" class="Test_Webhook" classname="Test_Webhook" file="/Applications/MAMP/htdocs/wordpressut/wp-content/plugins/razorpay-woocommerce/tests/phpunit/tests/test-webhookinit.php" line="216" assertions="1" time="0.082350"/>
        <testcase name="testprocesspaymentAuthorized" class="Test_Webhook" classname="Test_Webhook" file="/Applications/MAMP/htdocs/wordpressut/wp-content/plugins/razorpay-woocommerce/tests/phpunit/tests/test-webhookinit.php" line="84" assertions="1" time="0.078434"/>
        <testcase name="testprocesssubscriptionpaused" class="Test_Webhook" classname="Test_Webhook" file="/Applications/MAMP/htdocs/wordpressut/wp-content/plugins/razorpay-woocommerce/tests/phpunit/tests/test-webhookinit.php" line="117" assertions="1" time="0.081041"/>
        <testcase name="testprocesssubscriptionCharged" class="Test_Webhook" classname="Test_Webhook" file="/Applications/MAMP/htdocs/wordpressut/wp-content/plugins/razorpay-woocommerce/tests/phpunit/tests/test-webhookinit.php" line="249" assertions="1" time="0.081397"/>
        <testcase name="testprocesssubscriptionResumed" class="Test_Webhook" classname="Test_Webhook" file="/Applications/MAMP/htdocs/wordpressut/wp-content/plugins/razorpay-woocommerce/tests/phpunit/tests/test-webhookinit.php" line="282" assertions="1" time="0.084132"/>
        <testcase name="testcheckisobject" class="Test_Webhook" classname="Test_Webhook" file="/Applications/MAMP/htdocs/wordpressut/wp-content/plugins/razorpay-woocommerce/tests/phpunit/tests/test-webhookinit.php" line="397" assertions="2" time="0.107028"/>
        <testcase name="testprocess" class="Test_Webhook" classname="Test_Webhook" file="/Applications/MAMP/htdocs/wordpressut/wp-content/plugins/razorpay-woocommerce/tests/phpunit/tests/test-webhookinit.php" line="39" assertions="1" time="0.002741"/>
        <testcase name="testgetOrderAmountAsInteger" class="Test_Webhook" classname="Test_Webhook" file="/Applications/MAMP/htdocs/wordpressut/wp-content/plugins/razorpay-woocommerce/tests/phpunit/tests/test-webhookinit.php" line="384" assertions="1" time="0.075827"/>
        <testcase name="testshouldConsumWebhook" class="Test_Webhook" classname="Test_Webhook" file="/Applications/MAMP/htdocs/wordpressut/wp-content/plugins/razorpay-woocommerce/tests/phpunit/tests/test-webhookinit.php" line="371" assertions="1" time="0.074575"/>
        <testcase name="testsubscriptionCharged" class="Test_Webhook" classname="Test_Webhook" file="/Applications/MAMP/htdocs/wordpressut/wp-content/plugins/razorpay-woocommerce/tests/phpunit/tests/test-webhookinit.php" line="363" assertions="1" time="0.002964"/>
        <testcase name="testsubscriptionResumed" class="Test_Webhook" classname="Test_Webhook" file="/Applications/MAMP/htdocs/wordpressut/wp-content/plugins/razorpay-woocommerce/tests/phpunit/tests/test-webhookinit.php" line="356" assertions="1" time="0.002647"/>
        <testcase name="testsubscriptionPaused" class="Test_Webhook" classname="Test_Webhook" file="/Applications/MAMP/htdocs/wordpressut/wp-content/plugins/razorpay-woocommerce/tests/phpunit/tests/test-webhookinit.php" line="349" assertions="1" time="0.002715"/>
        <testcase name="testPaymentFailed" class="Test_Webhook" classname="Test_Webhook" file="/Applications/MAMP/htdocs/wordpressut/wp-content/plugins/razorpay-woocommerce/tests/phpunit/tests/test-webhookinit.php" line="335" assertions="1" time="0.002421"/>
        <testcase name="testWebhookConstants" class="Test_Webhook" classname="Test_Webhook" file="/Applications/MAMP/htdocs/wordpressut/wp-content/plugins/razorpay-woocommerce/tests/phpunit/tests/test-webhookinit.php" line="315" assertions="8" time="0.002539"/>
        <testcase name="testsubscriptionCancelled" class="Test_Webhook" classname="Test_Webhook" file="/Applications/MAMP/htdocs/wordpressut/wp-content/plugins/razorpay-woocommerce/tests/phpunit/tests/test-webhookinit.php" line="342" assertions="1" time="0.002555"/>
      </testsuite>
      <testsuite name="Test_AfdWidget" file="/Applications/MAMP/htdocs/wordpressut/wp-content/plugins/razorpay-woocommerce/tests/phpunit/tests/test-affordabilitywidget.php" tests="36" assertions="69" errors="0" warnings="0" failures="0" skipped="0" time="0.386531">
        <testcase name="testgetOffersOptionYes" class="Test_AfdWidget" classname="Test_AfdWidget" file="/Applications/MAMP/htdocs/wordpressut/wp-content/plugins/razorpay-woocommerce/tests/phpunit/tests/test-affordabilitywidget.php" line="365" assertions="1" time="0.002569"/>
        <testcase name="testgetEmiOptionYes" class="Test_AfdWidget" classname="Test_AfdWidget" file="/Applications/MAMP/htdocs/wordpressut/wp-content/plugins/razorpay-woocommerce/tests/phpunit/tests/test-affordabilitywidget.php" line="343" assertions="1" time="0.003058"/>
        <testcase name="testgetCardlessEmiOptionYes" class="Test_AfdWidget" classname="Test_AfdWidget" file="/Applications/MAMP/htdocs/wordpressut/wp-content/plugins/razorpay-woocommerce/tests/phpunit/tests/test-affordabilitywidget.php" line="312" assertions="1" time="0.003482"/>
        <testcase name="testgetPayLaterOptionYes" class="Test_AfdWidget" classname="Test_AfdWidget" file="/Applications/MAMP/htdocs/wordpressut/wp-content/plugins/razorpay-woocommerce/tests/phpunit/tests/test-affordabilitywidget.php" line="281" assertions="1" time="0.002893"/>
        <testcase name="testgetHeadingFontSize" class="Test_AfdWidget" classname="Test_AfdWidget" file="/Applications/MAMP/htdocs/wordpressut/wp-content/plugins/razorpay-woocommerce/tests/phpunit/tests/test-affordabilitywidget.php" line="111" assertions="1" time="0.000752"/>
        <testcase name="testgetContentFontSize" class="Test_AfdWidget" classname="Test_AfdWidget" file="/Applications/MAMP/htdocs/wordpressut/wp-content/plugins/razorpay-woocommerce/tests/phpunit/tests/test-affordabilitywidget.php" line="125" assertions="1" time="0.001348"/>
        <testcase name="testgetCustomisation" class="Test_AfdWidget" classname="Test_AfdWidget" file="/Applications/MAMP/htdocs/wordpressut/wp-content/plugins/razorpay-woocommerce/tests/phpunit/tests/test-affordabilitywidget.php" line="160" assertions="1" time="0.001767"/>
        <testcase name="testaddSubSection" class="Test_AfdWidget" classname="Test_AfdWidget" file="/Applications/MAMP/htdocs/wordpressut/wp-content/plugins/razorpay-woocommerce/tests/phpunit/tests/test-affordabilitywidget.php" line="201" assertions="4" time="0.001246"/>
        <testcase name="testisEnabledwithoutfeature" class="Test_AfdWidget" classname="Test_AfdWidget" file="/Applications/MAMP/htdocs/wordpressut/wp-content/plugins/razorpay-woocommerce/tests/phpunit/tests/test-affordabilitywidget.php" line="262" assertions="1" time="0.000855"/>
        <testcase name="testgetThemeColor" class="Test_AfdWidget" classname="Test_AfdWidget" file="/Applications/MAMP/htdocs/wordpressut/wp-content/plugins/razorpay-woocommerce/tests/phpunit/tests/test-affordabilitywidget.php" line="97" assertions="1" time="0.000550"/>
        <testcase name="testgetEmiOptionNo" class="Test_AfdWidget" classname="Test_AfdWidget" file="/Applications/MAMP/htdocs/wordpressut/wp-content/plugins/razorpay-woocommerce/tests/phpunit/tests/test-affordabilitywidget.php" line="334" assertions="1" time="0.002820"/>
        <testcase name="testgetCardlessEmiwithProvider" class="Test_AfdWidget" classname="Test_AfdWidget" file="/Applications/MAMP/htdocs/wordpressut/wp-content/plugins/razorpay-woocommerce/tests/phpunit/tests/test-affordabilitywidget.php" line="321" assertions="1" time="0.002692"/>
        <testcase name="testgetCardlessEmiOptionNo" class="Test_AfdWidget" classname="Test_AfdWidget" file="/Applications/MAMP/htdocs/wordpressut/wp-content/plugins/razorpay-woocommerce/tests/phpunit/tests/test-affordabilitywidget.php" line="303" assertions="1" time="0.002087"/>
        <testcase name="testgetPayLaterOptionwithProvider" class="Test_AfdWidget" classname="Test_AfdWidget" file="/Applications/MAMP/htdocs/wordpressut/wp-content/plugins/razorpay-woocommerce/tests/phpunit/tests/test-affordabilitywidget.php" line="290" assertions="1" time="0.003581"/>
        <testcase name="testgetPayLaterOptionNo" class="Test_AfdWidget" classname="Test_AfdWidget" file="/Applications/MAMP/htdocs/wordpressut/wp-content/plugins/razorpay-woocommerce/tests/phpunit/tests/test-affordabilitywidget.php" line="272" assertions="1" time="0.002743"/>
        <testcase name="testgetFooterDarkLogo" class="Test_AfdWidget" classname="Test_AfdWidget" file="/Applications/MAMP/htdocs/wordpressut/wp-content/plugins/razorpay-woocommerce/tests/phpunit/tests/test-affordabilitywidget.php" line="267" assertions="1" time="0.000383"/>
        <testcase name="testisEnabledYes" class="Test_AfdWidget" classname="Test_AfdWidget" file="/Applications/MAMP/htdocs/wordpressut/wp-content/plugins/razorpay-woocommerce/tests/phpunit/tests/test-affordabilitywidget.php" line="244" assertions="1" time="0.002035"/>
        <testcase name="testisAffordabilityWidgetTestModeEnabledYes" class="Test_AfdWidget" classname="Test_AfdWidget" file="/Applications/MAMP/htdocs/wordpressut/wp-content/plugins/razorpay-woocommerce/tests/phpunit/tests/test-affordabilitywidget.php" line="224" assertions="1" time="0.002266"/>
        <testcase name="testgetAdditionalOffers" class="Test_AfdWidget" classname="Test_AfdWidget" file="/Applications/MAMP/htdocs/wordpressut/wp-content/plugins/razorpay-woocommerce/tests/phpunit/tests/test-affordabilitywidget.php" line="387" assertions="2" time="0.001714"/>
        <testcase name="testgetAffordabilityWidgetSettings" class="Test_AfdWidget" classname="Test_AfdWidget" file="/Applications/MAMP/htdocs/wordpressut/wp-content/plugins/razorpay-woocommerce/tests/phpunit/tests/test-affordabilitywidget.php" line="398" assertions="24" time="0.001884"/>
        <testcase name="testgetKeyID" class="Test_AfdWidget" classname="Test_AfdWidget" file="/Applications/MAMP/htdocs/wordpressut/wp-content/plugins/razorpay-woocommerce/tests/phpunit/tests/test-affordabilitywidget.php" line="169" assertions="1" time="0.001966"/>
        <testcase name="testgetFooterFontSize" class="Test_AfdWidget" classname="Test_AfdWidget" file="/Applications/MAMP/htdocs/wordpressut/wp-content/plugins/razorpay-woocommerce/tests/phpunit/tests/test-affordabilitywidget.php" line="153" assertions="1" time="0.001014"/>
        <testcase name="testgetFooterColor" class="Test_AfdWidget" classname="Test_AfdWidget" file="/Applications/MAMP/htdocs/wordpressut/wp-content/plugins/razorpay-woocommerce/tests/phpunit/tests/test-affordabilitywidget.php" line="146" assertions="1" time="0.000783"/>
        <testcase name="testgetLinkFontSize" class="Test_AfdWidget" classname="Test_AfdWidget" file="/Applications/MAMP/htdocs/wordpressut/wp-content/plugins/razorpay-woocommerce/tests/phpunit/tests/test-affordabilitywidget.php" line="139" assertions="1" time="0.000868"/>
        <testcase name="testgetLinkColor" class="Test_AfdWidget" classname="Test_AfdWidget" file="/Applications/MAMP/htdocs/wordpressut/wp-content/plugins/razorpay-woocommerce/tests/phpunit/tests/test-affordabilitywidget.php" line="132" assertions="1" time="0.000759"/>
        <testcase name="testgetContentColor" class="Test_AfdWidget" classname="Test_AfdWidget" file="/Applications/MAMP/htdocs/wordpressut/wp-content/plugins/razorpay-woocommerce/tests/phpunit/tests/test-affordabilitywidget.php" line="118" assertions="1" time="0.000960"/>
        <testcase name="testgetHeadingColor" class="Test_AfdWidget" classname="Test_AfdWidget" file="/Applications/MAMP/htdocs/wordpressut/wp-content/plugins/razorpay-woocommerce/tests/phpunit/tests/test-affordabilitywidget.php" line="104" assertions="1" time="0.001115"/>
        <testcase name="testisAffordabilityWidgetTestModeEnabledNo" class="Test_AfdWidget" classname="Test_AfdWidget" file="/Applications/MAMP/htdocs/wordpressut/wp-content/plugins/razorpay-woocommerce/tests/phpunit/tests/test-affordabilitywidget.php" line="231" assertions="1" time="0.001459"/>
        <testcase name="testisAffordabilityWidgetTestModeNotEnabled" class="Test_AfdWidget" classname="Test_AfdWidget" file="/Applications/MAMP/htdocs/wordpressut/wp-content/plugins/razorpay-woocommerce/tests/phpunit/tests/test-affordabilitywidget.php" line="238" assertions="1" time="0.001528"/>
        <testcase name="testgetOfferswithOfferId" class="Test_AfdWidget" classname="Test_AfdWidget" file="/Applications/MAMP/htdocs/wordpressut/wp-content/plugins/razorpay-woocommerce/tests/phpunit/tests/test-affordabilitywidget.php" line="374" assertions="2" time="0.001355"/>
        <testcase name="testisEnabledNo" class="Test_AfdWidget" classname="Test_AfdWidget" file="/Applications/MAMP/htdocs/wordpressut/wp-content/plugins/razorpay-woocommerce/tests/phpunit/tests/test-affordabilitywidget.php" line="253" assertions="1" time="0.002863"/>
        <testcase name="testgetEmiwithIssuer" class="Test_AfdWidget" classname="Test_AfdWidget" file="/Applications/MAMP/htdocs/wordpressut/wp-content/plugins/razorpay-woocommerce/tests/phpunit/tests/test-affordabilitywidget.php" line="352" assertions="1" time="0.002737"/>
        <testcase name="testdisplayAffordabilityWidgetSettings" class="Test_AfdWidget" classname="Test_AfdWidget" file="/Applications/MAMP/htdocs/wordpressut/wp-content/plugins/razorpay-woocommerce/tests/phpunit/tests/test-affordabilitywidget.php" line="454" assertions="1" time="0.020098"/>
        <testcase name="testaddAffordabilityWidgetHTML" class="Test_AfdWidget" classname="Test_AfdWidget" file="/Applications/MAMP/htdocs/wordpressut/wp-content/plugins/razorpay-woocommerce/tests/phpunit/tests/test-affordabilitywidget.php" line="44" assertions="6" time="0.109327"/>
        <testcase name="testgetPriceSimpleProduct" class="Test_AfdWidget" classname="Test_AfdWidget" file="/Applications/MAMP/htdocs/wordpressut/wp-content/plugins/razorpay-woocommerce/tests/phpunit/tests/test-affordabilitywidget.php" line="178" assertions="1" time="0.088919"/>
        <testcase name="testgetPriceVariableProduct" class="Test_AfdWidget" classname="Test_AfdWidget" file="/Applications/MAMP/htdocs/wordpressut/wp-content/plugins/razorpay-woocommerce/tests/phpunit/tests/test-affordabilitywidget.php" line="190" assertions="1" time="0.110055"/>
      </testsuite>
      <testsuite name="Test_Class_Fuctions" file="/Applications/MAMP/htdocs/wordpressut/wp-content/plugins/razorpay-woocommerce/tests/phpunit/tests/test-methods.php" tests="16" assertions="48" errors="0" warnings="0" failures="0" skipped="0" time="0.699629">
        <testcase name="testGenerateOrderForm" class="Test_Class_Fuctions" classname="Test_Class_Fuctions" file="/Applications/MAMP/htdocs/wordpressut/wp-content/plugins/razorpay-woocommerce/tests/phpunit/tests/test-methods.php" line="183" assertions="17" time="0.086315"/>
        <testcase name="testwebhookAPI" class="Test_Class_Fuctions" classname="Test_Class_Fuctions" file="/Applications/MAMP/htdocs/wordpressut/wp-content/plugins/razorpay-woocommerce/tests/phpunit/tests/test-methods.php" line="30" assertions="4" time="0.006743"/>
        <testcase name="testrzpThankYouMessage" class="Test_Class_Fuctions" classname="Test_Class_Fuctions" file="/Applications/MAMP/htdocs/wordpressut/wp-content/plugins/razorpay-woocommerce/tests/phpunit/tests/test-methods.php" line="45" assertions="1" time="0.006128"/>
        <testcase name="testgetErrorMessage" class="Test_Class_Fuctions" classname="Test_Class_Fuctions" file="/Applications/MAMP/htdocs/wordpressut/wp-content/plugins/razorpay-woocommerce/tests/phpunit/tests/test-methods.php" line="50" assertions="3" time="0.007515"/>
        <testcase name="testWoocommerceAddRazorpayGateway" class="Test_Class_Fuctions" classname="Test_Class_Fuctions" file="/Applications/MAMP/htdocs/wordpressut/wp-content/plugins/razorpay-woocommerce/tests/phpunit/tests/test-methods.php" line="71" assertions="1" time="0.006058"/>
        <testcase name="testGetShippingZone" class="Test_Class_Fuctions" classname="Test_Class_Fuctions" file="/Applications/MAMP/htdocs/wordpressut/wp-content/plugins/razorpay-woocommerce/tests/phpunit/tests/test-methods.php" line="239" assertions="1" time="0.007426"/>
        <testcase name="testGetDescription" class="Test_Class_Fuctions" classname="Test_Class_Fuctions" file="/Applications/MAMP/htdocs/wordpressut/wp-content/plugins/razorpay-woocommerce/tests/phpunit/tests/test-methods.php" line="245" assertions="1" time="0.005767"/>
        <testcase name="testAdminOptions" class="Test_Class_Fuctions" classname="Test_Class_Fuctions" file="/Applications/MAMP/htdocs/wordpressut/wp-content/plugins/razorpay-woocommerce/tests/phpunit/tests/test-methods.php" line="252" assertions="4" time="0.007284"/>
        <testcase name="testverifySignature" class="Test_Class_Fuctions" classname="Test_Class_Fuctions" file="/Applications/MAMP/htdocs/wordpressut/wp-content/plugins/razorpay-woocommerce/tests/phpunit/tests/test-methods.php" line="76" assertions="0" time="0.009129"/>
        <testcase name="testInvalidverifySignature" class="Test_Class_Fuctions" classname="Test_Class_Fuctions" file="/Applications/MAMP/htdocs/wordpressut/wp-content/plugins/razorpay-woocommerce/tests/phpunit/tests/test-methods.php" line="87" assertions="1" time="0.007870"/>
        <testcase name="testGenerateRazorpayFormException" class="Test_Class_Fuctions" classname="Test_Class_Fuctions" file="/Applications/MAMP/htdocs/wordpressut/wp-content/plugins/razorpay-woocommerce/tests/phpunit/tests/test-methods.php" line="171" assertions="1" time="0.079147"/>
        <testcase name="testProcessPayment" class="Test_Class_Fuctions" classname="Test_Class_Fuctions" file="/Applications/MAMP/htdocs/wordpressut/wp-content/plugins/razorpay-woocommerce/tests/phpunit/tests/test-methods.php" line="266" assertions="2" time="0.083156"/>
        <testcase name="testReceiptPage" class="Test_Class_Fuctions" classname="Test_Class_Fuctions" file="/Applications/MAMP/htdocs/wordpressut/wp-content/plugins/razorpay-woocommerce/tests/phpunit/tests/test-methods.php" line="98" assertions="9" time="0.095468"/>
        <testcase name="testCreateRazorpayOrderId" class="Test_Class_Fuctions" classname="Test_Class_Fuctions" file="/Applications/MAMP/htdocs/wordpressut/wp-content/plugins/razorpay-woocommerce/tests/phpunit/tests/test-methods.php" line="125" assertions="1" time="0.094277"/>
        <testcase name="testCreateRazorpayOrderIdwitwebhooktime" class="Test_Class_Fuctions" classname="Test_Class_Fuctions" file="/Applications/MAMP/htdocs/wordpressut/wp-content/plugins/razorpay-woocommerce/tests/phpunit/tests/test-methods.php" line="139" assertions="1" time="0.093355"/>
        <testcase name="testGetRazorpayOrderId" class="Test_Class_Fuctions" classname="Test_Class_Fuctions" file="/Applications/MAMP/htdocs/wordpressut/wp-content/plugins/razorpay-woocommerce/tests/phpunit/tests/test-methods.php" line="155" assertions="1" time="0.103991"/>
      </testsuite>
      <testsuite name="Test_AfdFormFields" file="/Applications/MAMP/htdocs/wordpressut/wp-content/plugins/razorpay-woocommerce/tests/phpunit/tests/test-afd-formfields.php" tests="1" assertions="5" errors="0" warnings="0" failures="0" skipped="0" time="0.009698">
        <testcase name="testinitformfields" class="Test_AfdFormFields" classname="Test_AfdFormFields" file="/Applications/MAMP/htdocs/wordpressut/wp-content/plugins/razorpay-woocommerce/tests/phpunit/tests/test-afd-formfields.php" line="22" assertions="5" time="0.009698"/>
      </testsuite>
      <testsuite name="Test_AutoWebhook" file="/Applications/MAMP/htdocs/wordpressut/wp-content/plugins/razorpay-woocommerce/tests/phpunit/tests/test-autowebhook.php" tests="7" assertions="19" errors="0" warnings="0" failures="0" skipped="0" time="1.107929">
        <testcase name="testEmptyKeyAndSecretValidation" class="Test_AutoWebhook" classname="Test_AutoWebhook" file="/Applications/MAMP/htdocs/wordpressut/wp-content/plugins/razorpay-woocommerce/tests/phpunit/tests/test-autowebhook.php" line="24" assertions="1" time="0.007970"/>
        <testcase name="testWebhookFailedForLocalhost" class="Test_AutoWebhook" classname="Test_AutoWebhook" file="/Applications/MAMP/htdocs/wordpressut/wp-content/plugins/razorpay-woocommerce/tests/phpunit/tests/test-autowebhook.php" line="99" assertions="1" time="0.007689"/>
        <testcase name="testInvalidKeyAndSecretValidation" class="Test_AutoWebhook" classname="Test_AutoWebhook" file="/Applications/MAMP/htdocs/wordpressut/wp-content/plugins/razorpay-woocommerce/tests/phpunit/tests/test-autowebhook.php" line="72" assertions="1" time="0.007204"/>
        <testcase name="testSubscriptionWebhookFlag" class="Test_AutoWebhook" classname="Test_AutoWebhook" file="/Applications/MAMP/htdocs/wordpressut/wp-content/plugins/razorpay-woocommerce/tests/phpunit/tests/test-autowebhook.php" line="201" assertions="1" time="1.045451"/>
        <testcase name="testAutoUpdateWebhook" class="Test_AutoWebhook" classname="Test_AutoWebhook" file="/Applications/MAMP/htdocs/wordpressut/wp-content/plugins/razorpay-woocommerce/tests/phpunit/tests/test-autowebhook.php" line="162" assertions="7" time="0.013385"/>
        <testcase name="testAutoCreateWebhook" class="Test_AutoWebhook" classname="Test_AutoWebhook" file="/Applications/MAMP/htdocs/wordpressut/wp-content/plugins/razorpay-woocommerce/tests/phpunit/tests/test-autowebhook.php" line="124" assertions="7" time="0.014054"/>
        <testcase name="testUpdateKeyAndSecretValidation" class="Test_AutoWebhook" classname="Test_AutoWebhook" file="/Applications/MAMP/htdocs/wordpressut/wp-content/plugins/razorpay-woocommerce/tests/phpunit/tests/test-autowebhook.php" line="48" assertions="1" time="0.012176"/>
      </testsuite>
      <testsuite name="Test_Class_Objects" file="/Applications/MAMP/htdocs/wordpressut/wp-content/plugins/razorpay-woocommerce/tests/phpunit/tests/test-class-properties.php" tests="3" assertions="8" errors="0" warnings="0" failures="0" skipped="0" time="0.372830">
        <testcase name="testClassInstance" class="Test_Class_Objects" classname="Test_Class_Objects" file="/Applications/MAMP/htdocs/wordpressut/wp-content/plugins/razorpay-woocommerce/tests/phpunit/tests/test-class-properties.php" line="17" assertions="1" time="0.011045"/>
        <testcase name="testPropertiesNotEmpty" class="Test_Class_Objects" classname="Test_Class_Objects" file="/Applications/MAMP/htdocs/wordpressut/wp-content/plugins/razorpay-woocommerce/tests/phpunit/tests/test-class-properties.php" line="32" assertions="6" time="0.009163"/>
        <testcase name="testRazorpayIcon" class="Test_Class_Objects" classname="Test_Class_Objects" file="/Applications/MAMP/htdocs/wordpressut/wp-content/plugins/razorpay-woocommerce/tests/phpunit/tests/test-class-properties.php" line="22" assertions="1" time="0.352622"/>
      </testsuite>
      <testsuite name="Test_Constants" file="/Applications/MAMP/htdocs/wordpressut/wp-content/plugins/razorpay-woocommerce/tests/phpunit/tests/test-constants.php" tests="1" assertions="14" errors="0" warnings="0" failures="0" skipped="0" time="0.013760">
        <testcase name="testPluginConstants" class="Test_Constants" classname="Test_Constants" file="/Applications/MAMP/htdocs/wordpressut/wp-content/plugins/razorpay-woocommerce/tests/phpunit/tests/test-constants.php" line="17" assertions="14" time="0.013760"/>
      </testsuite>
      <testsuite name="Test_FormFields" file="/Applications/MAMP/htdocs/wordpressut/wp-content/plugins/razorpay-woocommerce/tests/phpunit/tests/test-formfields.php" tests="1" assertions="4" errors="0" warnings="0" failures="0" skipped="0" time="0.009742">
        <testcase name="testformfields" class="Test_FormFields" classname="Test_FormFields" file="/Applications/MAMP/htdocs/wordpressut/wp-content/plugins/razorpay-woocommerce/tests/phpunit/tests/test-formfields.php" line="17" assertions="4" time="0.009742"/>
      </testsuite>
      <testsuite name="Test_Hooks" file="/Applications/MAMP/htdocs/wordpressut/wp-content/plugins/razorpay-woocommerce/tests/phpunit/tests/test-hooks.php" tests="2" assertions="11" errors="0" warnings="0" failures="0" skipped="0" time="0.018587">
        <testcase name="testRegisteredHooks" class="Test_Hooks" classname="Test_Hooks" file="/Applications/MAMP/htdocs/wordpressut/wp-content/plugins/razorpay-woocommerce/tests/phpunit/tests/test-hooks.php" line="16" assertions="8" time="0.010130"/>
        <testcase name="testHooks" class="Test_Hooks" classname="Test_Hooks" file="/Applications/MAMP/htdocs/wordpressut/wp-content/plugins/razorpay-woocommerce/tests/phpunit/tests/test-hooks.php" line="44" assertions="3" time="0.008458"/>
      </testsuite>
      <testsuite name="Test_Plugin_Metadata" file="/Applications/MAMP/htdocs/wordpressut/wp-content/plugins/razorpay-woocommerce/tests/phpunit/tests/test-metadata.php" tests="1" assertions="6" errors="0" warnings="0" failures="0" skipped="0" time="0.004372">
        <testcase name="testMetadata" class="Test_Plugin_Metadata" classname="Test_Plugin_Metadata" file="/Applications/MAMP/htdocs/wordpressut/wp-content/plugins/razorpay-woocommerce/tests/phpunit/tests/test-metadata.php" line="8" assertions="6" time="0.004372"/>
      </testsuite>
      <testsuite name="Test_Scripts_Styles" file="/Applications/MAMP/htdocs/wordpressut/wp-content/plugins/razorpay-woocommerce/tests/phpunit/tests/test-scripts-styles.php" tests="1" assertions="4" errors="0" warnings="0" failures="0" skipped="0" time="0.002805">
        <testcase name="testRegisteredScripts" class="Test_Scripts_Styles" classname="Test_Scripts_Styles" file="/Applications/MAMP/htdocs/wordpressut/wp-content/plugins/razorpay-woocommerce/tests/phpunit/tests/test-scripts-styles.php" line="8" assertions="4" time="0.002805"/>
      </testsuite>
      <testsuite name="Test_Utils" file="/Applications/MAMP/htdocs/wordpressut/wp-content/plugins/razorpay-woocommerce/tests/phpunit/tests/test-utils.php" tests="2" assertions="10" errors="0" warnings="0" failures="0" skipped="0" time="0.004300">
        <testcase name="testisRazorpayPluginEnabled" class="Test_Utils" classname="Test_Utils" file="/Applications/MAMP/htdocs/wordpressut/wp-content/plugins/razorpay-woocommerce/tests/phpunit/tests/test-utils.php" line="19" assertions="1" time="0.003649"/>
        <testcase name="testvalidateInput" class="Test_Utils" classname="Test_Utils" file="/Applications/MAMP/htdocs/wordpressut/wp-content/plugins/razorpay-woocommerce/tests/phpunit/tests/test-utils.php" line="26" assertions="9" time="0.000651"/>
      </testsuite>
    </testsuite>
  </testsuite>
</testsuites>
