<?xml version="1.0" encoding="UTF-8"?>
<coverage generated="1688652542">
  <project timestamp="1688652542">
    <file name="/Applications/MAMP/htdocs/wordpressut/wp-content/plugins/razorpay-woocommerce/includes/plugin-instrumentation.php">
      <class name="TrackPluginInstrumentation" namespace="global">
        <metrics complexity="30" methods="9" coveredmethods="5" conditionals="0" coveredconditionals="0" statements="112" coveredstatements="99" elements="121" coveredelements="104"/>
      </class>
      <line num="11" type="method" name="__construct" visibility="public" complexity="2" crap="2" count="17"/>
      <line num="13" type="stmt" count="17"/>
      <line num="14" type="stmt" count="17"/>
      <line num="16" type="stmt" count="17"/>
      <line num="17" type="stmt" count="17"/>
      <line num="18" type="stmt" count="17"/>
      <line num="21" type="method" name="razorpayPluginActivated" visibility="public" complexity="1" crap="1" count="1"/>
      <line num="23" type="stmt" count="1"/>
      <line num="24" type="stmt" count="1"/>
      <line num="25" type="stmt" count="1"/>
      <line num="26" type="stmt" count="1"/>
      <line num="28" type="stmt" count="1"/>
      <line num="30" type="stmt" count="1"/>
      <line num="32" type="stmt" count="1"/>
      <line num="34" type="stmt" count="1"/>
      <line num="38" type="method" name="initRzpCronJobs" visibility="public" complexity="1" crap="1" count="1"/>
      <line num="40" type="stmt" count="1"/>
      <line num="43" type="method" name="razorpayPluginDeactivated" visibility="public" complexity="3" crap="3.00" count="1"/>
      <line num="45" type="stmt" count="1"/>
      <line num="46" type="stmt" count="1"/>
      <line num="48" type="stmt" count="1"/>
      <line num="50" type="stmt" count="1"/>
      <line num="52" type="stmt" count="1"/>
      <line num="53" type="stmt" count="1"/>
      <line num="55" type="stmt" count="0"/>
      <line num="58" type="stmt" count="1"/>
      <line num="59" type="stmt" count="1"/>
      <line num="60" type="stmt" count="1"/>
      <line num="61" type="stmt" count="1"/>
      <line num="63" type="stmt" count="1"/>
      <line num="65" type="stmt" count="1"/>
      <line num="67" type="stmt" count="1"/>
      <line num="69" type="stmt" count="1"/>
      <line num="73" type="method" name="deleteRzpCronJobs" visibility="public" complexity="1" crap="1" count="1"/>
      <line num="75" type="stmt" count="1"/>
      <line num="78" type="method" name="razorpayPluginUpgraded" visibility="public" complexity="5" crap="5.01" count="1"/>
      <line num="80" type="stmt" count="1"/>
      <line num="81" type="stmt" count="1"/>
      <line num="82" type="stmt" count="1"/>
      <line num="83" type="stmt" count="1"/>
      <line num="84" type="stmt" count="1"/>
      <line num="85" type="stmt" count="1"/>
      <line num="87" type="stmt" count="1"/>
      <line num="89" type="stmt" count="1"/>
      <line num="92" type="stmt" count="1"/>
      <line num="94" type="stmt" count="1"/>
      <line num="97" type="stmt" count="1"/>
      <line num="99" type="stmt" count="1"/>
      <line num="101" type="stmt" count="1"/>
      <line num="103" type="stmt" count="1"/>
      <line num="107" type="stmt" count="0"/>
      <line num="110" type="stmt" count="1"/>
      <line num="114" type="method" name="rzpTrackSegment" visibility="public" complexity="7" crap="8.81" count="9"/>
      <line num="118" type="stmt" count="9"/>
      <line num="119" type="stmt" count="9"/>
      <line num="121" type="stmt" count="1"/>
      <line num="124" type="stmt" count="8"/>
      <line num="125" type="stmt" count="8"/>
      <line num="127" type="stmt" count="1"/>
      <line num="130" type="stmt" count="7"/>
      <line num="131" type="stmt" count="7"/>
      <line num="132" type="stmt" count="7"/>
      <line num="133" type="stmt" count="7"/>
      <line num="135" type="stmt" count="7"/>
      <line num="137" type="stmt" count="7"/>
      <line num="139" type="stmt" count="0"/>
      <line num="141" type="stmt" count="0"/>
      <line num="142" type="stmt" count="0"/>
      <line num="144" type="stmt" count="0"/>
      <line num="146" type="stmt" count="0"/>
      <line num="147" type="stmt" count="0"/>
      <line num="151" type="method" name="rzpTrackDataLake" visibility="public" complexity="8" crap="8.19" count="9"/>
      <line num="155" type="stmt" count="9"/>
      <line num="156" type="stmt" count="9"/>
      <line num="158" type="stmt" count="1"/>
      <line num="161" type="stmt" count="8"/>
      <line num="162" type="stmt" count="8"/>
      <line num="164" type="stmt" count="1"/>
      <line num="167" type="stmt" count="7"/>
      <line num="168" type="stmt" count="7"/>
      <line num="169" type="stmt" count="7"/>
      <line num="170" type="stmt" count="7"/>
      <line num="171" type="stmt" count="7"/>
      <line num="172" type="stmt" count="7"/>
      <line num="173" type="stmt" count="7"/>
      <line num="174" type="stmt" count="7"/>
      <line num="175" type="stmt" count="7"/>
      <line num="176" type="stmt" count="7"/>
      <line num="177" type="stmt" count="7"/>
      <line num="178" type="stmt" count="7"/>
      <line num="179" type="stmt" count="7"/>
      <line num="180" type="stmt" count="7"/>
      <line num="181" type="stmt" count="7"/>
      <line num="182" type="stmt" count="7"/>
      <line num="183" type="stmt" count="7"/>
      <line num="184" type="stmt" count="7"/>
      <line num="185" type="stmt" count="7"/>
      <line num="186" type="stmt" count="7"/>
      <line num="187" type="stmt" count="7"/>
      <line num="189" type="stmt" count="7"/>
      <line num="191" type="stmt" count="7"/>
      <line num="193" type="stmt" count="0"/>
      <line num="196" type="stmt" count="7"/>
      <line num="198" type="stmt" count="0"/>
      <line num="200" type="stmt" count="0"/>
      <line num="202" type="stmt" count="0"/>
      <line num="204" type="stmt" count="0"/>
      <line num="208" type="method" name="getDefaultProperties" visibility="public" complexity="2" crap="2" count="9"/>
      <line num="210" type="stmt" count="9"/>
      <line num="211" type="stmt" count="9"/>
      <line num="213" type="stmt" count="9"/>
      <line num="214" type="stmt" count="9"/>
      <line num="215" type="stmt" count="9"/>
      <line num="216" type="stmt" count="9"/>
      <line num="217" type="stmt" count="9"/>
      <line num="218" type="stmt" count="9"/>
      <line num="219" type="stmt" count="9"/>
      <line num="220" type="stmt" count="9"/>
      <line num="222" type="stmt" count="9"/>
      <line num="224" type="stmt" count="8"/>
      <line num="227" type="stmt" count="9"/>
      <line num="241" type="stmt" count="0"/>
      <line num="243" type="stmt" count="0"/>
      <line num="245" type="stmt" count="0"/>
      <line num="248" type="stmt" count="0"/>
      <line num="250" type="stmt" count="0"/>
      <line num="251" type="stmt" count="0"/>
      <line num="253" type="stmt" count="0"/>
      <line num="254" type="stmt" count="0"/>
      <line num="256" type="stmt" count="0"/>
      <line num="257" type="stmt" count="0"/>
      <line num="259" type="stmt" count="0"/>
      <line num="260" type="stmt" count="0"/>
      <line num="264" type="stmt" count="0"/>
      <line num="265" type="stmt" count="0"/>
      <line num="269" type="stmt" count="0"/>
      <line num="270" type="stmt" count="0"/>
      <line num="272" type="stmt" count="0"/>
      <metrics loc="275" ncloc="272" classes="1" methods="9" coveredmethods="5" conditionals="0" coveredconditionals="0" statements="129" coveredstatements="99" elements="138" coveredelements="104"/>
    </file>
    <file name="/Applications/MAMP/htdocs/wordpressut/wp-content/plugins/razorpay-woocommerce/includes/razorpay-affordability-widget.php">
      <line num="7" type="stmt" count="1"/>
      <line num="8" type="stmt" count="1"/>
      <line num="9" type="stmt" count="1"/>
      <line num="10" type="stmt" count="1"/>
      <line num="11" type="stmt" count="1"/>
      <line num="13" type="stmt" count="1"/>
      <line num="18" type="stmt" count="1"/>
      <line num="19" type="stmt" count="1"/>
      <line num="26" type="stmt" count="1"/>
      <line num="30" type="stmt" count="1"/>
      <line num="34" type="stmt" count="1"/>
      <line num="35" type="stmt" count="1"/>
      <line num="36" type="stmt" count="1"/>
      <line num="37" type="stmt" count="1"/>
      <line num="41" type="stmt" count="1"/>
      <line num="42" type="stmt" count="1"/>
      <line num="45" type="stmt" count="1"/>
      <line num="46" type="stmt" count="1"/>
      <line num="49" type="stmt" count="1"/>
      <line num="50" type="stmt" count="1"/>
      <line num="53" type="stmt" count="1"/>
      <line num="54" type="stmt" count="1"/>
      <line num="55" type="stmt" count="1"/>
      <line num="80" type="stmt" count="1"/>
      <line num="84" type="stmt" count="1"/>
      <line num="88" type="stmt" count="1"/>
      <line num="89" type="stmt" count="1"/>
      <line num="90" type="stmt" count="1"/>
      <line num="91" type="stmt" count="1"/>
      <line num="95" type="stmt" count="1"/>
      <line num="96" type="stmt" count="1"/>
      <line num="99" type="stmt" count="1"/>
      <line num="100" type="stmt" count="1"/>
      <line num="103" type="stmt" count="1"/>
      <line num="104" type="stmt" count="1"/>
      <line num="107" type="stmt" count="1"/>
      <line num="108" type="stmt" count="1"/>
      <line num="109" type="stmt" count="1"/>
      <line num="127" type="stmt" count="1"/>
      <line num="133" type="stmt" count="2"/>
      <line num="138" type="stmt" count="3"/>
      <line num="139" type="stmt" count="3"/>
      <line num="141" type="stmt" count="2"/>
      <line num="143" type="stmt" count="2"/>
      <line num="147" type="stmt" count="2"/>
      <line num="152" type="stmt" count="1"/>
      <line num="155" type="stmt" count="3"/>
      <line num="160" type="stmt" count="4"/>
      <line num="162" type="stmt" count="4"/>
      <line num="163" type="stmt" count="4"/>
      <line num="165" type="stmt" count="2"/>
      <line num="166" type="stmt" count="2"/>
      <line num="168" type="stmt" count="2"/>
      <line num="169" type="stmt" count="2"/>
      <line num="171" type="stmt" count="2"/>
      <line num="173" type="stmt" count="4"/>
      <line num="174" type="stmt" count="4"/>
      <line num="176" type="stmt" count="4"/>
      <line num="178" type="stmt" count="2"/>
      <line num="182" type="stmt" count="2"/>
      <line num="184" type="stmt" count="4"/>
      <line num="185" type="stmt" count="4"/>
      <line num="186" type="stmt" count="4"/>
      <line num="187" type="stmt" count="4"/>
      <line num="190" type="stmt" count="4"/>
      <line num="195" type="stmt" count="2"/>
      <line num="196" type="stmt" count="2"/>
      <line num="197" type="stmt" count="2"/>
      <line num="199" type="stmt" count="2"/>
      <line num="200" type="stmt" count="2"/>
      <line num="202" type="stmt" count="2"/>
      <line num="203" type="stmt" count="2"/>
      <line num="205" type="stmt" count="2"/>
      <line num="208" type="stmt" count="2"/>
      <line num="213" type="stmt" count="4"/>
      <line num="215" type="stmt" count="4"/>
      <line num="216" type="stmt" count="4"/>
      <line num="218" type="stmt" count="2"/>
      <line num="219" type="stmt" count="2"/>
      <line num="221" type="stmt" count="2"/>
      <line num="222" type="stmt" count="2"/>
      <line num="224" type="stmt" count="2"/>
      <line num="227" type="stmt" count="4"/>
      <line num="232" type="stmt" count="4"/>
      <line num="234" type="stmt" count="4"/>
      <line num="235" type="stmt" count="4"/>
      <line num="237" type="stmt" count="2"/>
      <line num="238" type="stmt" count="2"/>
      <line num="240" type="stmt" count="2"/>
      <line num="241" type="stmt" count="2"/>
      <line num="243" type="stmt" count="2"/>
      <line num="246" type="stmt" count="4"/>
      <line num="251" type="stmt" count="4"/>
      <line num="253" type="stmt" count="4"/>
      <line num="254" type="stmt" count="4"/>
      <line num="256" type="stmt" count="2"/>
      <line num="257" type="stmt" count="2"/>
      <line num="259" type="stmt" count="2"/>
      <line num="260" type="stmt" count="2"/>
      <line num="262" type="stmt" count="2"/>
      <line num="265" type="stmt" count="4"/>
      <line num="270" type="stmt" count="2"/>
      <line num="275" type="stmt" count="2"/>
      <line num="280" type="stmt" count="2"/>
      <line num="285" type="stmt" count="2"/>
      <line num="290" type="stmt" count="2"/>
      <line num="295" type="stmt" count="2"/>
      <line num="300" type="stmt" count="2"/>
      <line num="305" type="stmt" count="2"/>
      <line num="310" type="stmt" count="2"/>
      <line num="315" type="stmt" count="2"/>
      <line num="317" type="stmt" count="2"/>
      <line num="322" type="stmt" count="1"/>
      <line num="324" type="stmt" count="1"/>
      <line num="326" type="stmt" count="1"/>
      <line num="327" type="stmt" count="1"/>
      <line num="328" type="stmt" count="1"/>
      <line num="329" type="stmt" count="1"/>
      <line num="331" type="stmt" count="1"/>
      <line num="333" type="stmt" count="1"/>
      <line num="335" type="stmt" count="1"/>
      <line num="337" type="stmt" count="1"/>
      <line num="338" type="stmt" count="1"/>
      <line num="340" type="stmt" count="1"/>
      <line num="341" type="stmt" count="1"/>
      <line num="342" type="stmt" count="1"/>
      <line num="346" type="stmt" count="1"/>
      <line num="351" type="stmt" count="2"/>
      <line num="352" type="stmt" count="2"/>
      <line num="354" type="stmt" count="2"/>
      <line num="356" type="stmt" count="2"/>
      <line num="357" type="stmt" count="2"/>
      <line num="358" type="stmt" count="2"/>
      <line num="359" type="stmt" count="2"/>
      <line num="360" type="stmt" count="2"/>
      <line num="361" type="stmt" count="2"/>
      <line num="362" type="stmt" count="2"/>
      <line num="363" type="stmt" count="2"/>
      <line num="364" type="stmt" count="2"/>
      <line num="365" type="stmt" count="2"/>
      <line num="366" type="stmt" count="2"/>
      <line num="367" type="stmt" count="2"/>
      <line num="368" type="stmt" count="2"/>
      <line num="369" type="stmt" count="2"/>
      <line num="370" type="stmt" count="2"/>
      <line num="371" type="stmt" count="2"/>
      <line num="372" type="stmt" count="2"/>
      <line num="373" type="stmt" count="2"/>
      <line num="374" type="stmt" count="2"/>
      <line num="375" type="stmt" count="2"/>
      <line num="376" type="stmt" count="2"/>
      <line num="377" type="stmt" count="2"/>
      <line num="378" type="stmt" count="2"/>
      <line num="379" type="stmt" count="2"/>
      <line num="380" type="stmt" count="2"/>
      <line num="381" type="stmt" count="2"/>
      <line num="382" type="stmt" count="2"/>
      <line num="383" type="stmt" count="2"/>
      <line num="384" type="stmt" count="2"/>
      <line num="385" type="stmt" count="2"/>
      <line num="386" type="stmt" count="2"/>
      <line num="387" type="stmt" count="2"/>
      <line num="388" type="stmt" count="2"/>
      <line num="389" type="stmt" count="2"/>
      <line num="390" type="stmt" count="2"/>
      <line num="391" type="stmt" count="2"/>
      <line num="392" type="stmt" count="2"/>
      <line num="393" type="stmt" count="2"/>
      <line num="394" type="stmt" count="2"/>
      <line num="395" type="stmt" count="2"/>
      <line num="396" type="stmt" count="2"/>
      <line num="397" type="stmt" count="2"/>
      <line num="398" type="stmt" count="2"/>
      <line num="399" type="stmt" count="2"/>
      <line num="400" type="stmt" count="2"/>
      <line num="401" type="stmt" count="2"/>
      <line num="402" type="stmt" count="2"/>
      <line num="403" type="stmt" count="2"/>
      <line num="404" type="stmt" count="2"/>
      <line num="405" type="stmt" count="2"/>
      <line num="406" type="stmt" count="2"/>
      <line num="407" type="stmt" count="2"/>
      <line num="408" type="stmt" count="2"/>
      <line num="409" type="stmt" count="2"/>
      <line num="410" type="stmt" count="2"/>
      <line num="411" type="stmt" count="2"/>
      <line num="412" type="stmt" count="2"/>
      <line num="413" type="stmt" count="2"/>
      <line num="414" type="stmt" count="2"/>
      <line num="415" type="stmt" count="2"/>
      <line num="416" type="stmt" count="2"/>
      <line num="417" type="stmt" count="2"/>
      <line num="418" type="stmt" count="2"/>
      <line num="419" type="stmt" count="2"/>
      <line num="420" type="stmt" count="2"/>
      <line num="421" type="stmt" count="2"/>
      <line num="422" type="stmt" count="2"/>
      <line num="423" type="stmt" count="2"/>
      <line num="424" type="stmt" count="2"/>
      <line num="425" type="stmt" count="2"/>
      <line num="426" type="stmt" count="2"/>
      <line num="427" type="stmt" count="2"/>
      <line num="428" type="stmt" count="2"/>
      <line num="429" type="stmt" count="2"/>
      <line num="430" type="stmt" count="2"/>
      <line num="431" type="stmt" count="2"/>
      <line num="432" type="stmt" count="2"/>
      <line num="433" type="stmt" count="2"/>
      <line num="434" type="stmt" count="2"/>
      <line num="435" type="stmt" count="2"/>
      <line num="436" type="stmt" count="2"/>
      <line num="437" type="stmt" count="2"/>
      <line num="438" type="stmt" count="2"/>
      <line num="439" type="stmt" count="2"/>
      <line num="440" type="stmt" count="2"/>
      <line num="441" type="stmt" count="2"/>
      <line num="442" type="stmt" count="2"/>
      <line num="443" type="stmt" count="2"/>
      <line num="444" type="stmt" count="2"/>
      <line num="445" type="stmt" count="2"/>
      <line num="446" type="stmt" count="2"/>
      <line num="447" type="stmt" count="2"/>
      <line num="448" type="stmt" count="2"/>
      <line num="449" type="stmt" count="2"/>
      <line num="450" type="stmt" count="2"/>
      <line num="451" type="stmt" count="2"/>
      <line num="452" type="stmt" count="2"/>
      <line num="453" type="stmt" count="2"/>
      <line num="454" type="stmt" count="2"/>
      <line num="455" type="stmt" count="2"/>
      <line num="456" type="stmt" count="2"/>
      <line num="457" type="stmt" count="2"/>
      <line num="458" type="stmt" count="2"/>
      <line num="459" type="stmt" count="2"/>
      <line num="460" type="stmt" count="2"/>
      <line num="461" type="stmt" count="2"/>
      <line num="462" type="stmt" count="2"/>
      <line num="463" type="stmt" count="2"/>
      <line num="464" type="stmt" count="2"/>
      <line num="465" type="stmt" count="2"/>
      <line num="466" type="stmt" count="2"/>
      <line num="467" type="stmt" count="2"/>
      <line num="468" type="stmt" count="2"/>
      <line num="469" type="stmt" count="2"/>
      <line num="470" type="stmt" count="2"/>
      <line num="471" type="stmt" count="2"/>
      <line num="472" type="stmt" count="2"/>
      <line num="473" type="stmt" count="2"/>
      <line num="474" type="stmt" count="2"/>
      <line num="475" type="stmt" count="2"/>
      <line num="476" type="stmt" count="2"/>
      <line num="477" type="stmt" count="2"/>
      <line num="478" type="stmt" count="2"/>
      <line num="479" type="stmt" count="2"/>
      <line num="480" type="stmt" count="2"/>
      <line num="481" type="stmt" count="2"/>
      <line num="482" type="stmt" count="2"/>
      <line num="483" type="stmt" count="2"/>
      <line num="484" type="stmt" count="2"/>
      <line num="485" type="stmt" count="2"/>
      <line num="486" type="stmt" count="2"/>
      <line num="487" type="stmt" count="2"/>
      <line num="488" type="stmt" count="2"/>
      <line num="489" type="stmt" count="2"/>
      <line num="490" type="stmt" count="2"/>
      <line num="491" type="stmt" count="2"/>
      <line num="492" type="stmt" count="2"/>
      <line num="493" type="stmt" count="2"/>
      <line num="494" type="stmt" count="2"/>
      <line num="495" type="stmt" count="2"/>
      <line num="496" type="stmt" count="2"/>
      <line num="497" type="stmt" count="2"/>
      <line num="498" type="stmt" count="2"/>
      <line num="499" type="stmt" count="2"/>
      <line num="500" type="stmt" count="2"/>
      <line num="501" type="stmt" count="2"/>
      <line num="502" type="stmt" count="2"/>
      <line num="503" type="stmt" count="2"/>
      <line num="504" type="stmt" count="2"/>
      <line num="505" type="stmt" count="2"/>
      <line num="506" type="stmt" count="2"/>
      <line num="507" type="stmt" count="2"/>
      <line num="510" type="stmt" count="2"/>
      <line num="515" type="stmt" count="1"/>
      <line num="520" type="stmt" count="0"/>
      <line num="523" type="stmt" count="0"/>
      <line num="524" type="stmt" count="0"/>
      <line num="525" type="stmt" count="0"/>
      <line num="526" type="stmt" count="0"/>
      <line num="528" type="stmt" count="0"/>
      <line num="532" type="stmt" count="0"/>
      <line num="535" type="stmt" count="0"/>
      <line num="537" type="stmt" count="0"/>
      <line num="538" type="stmt" count="0"/>
      <line num="540" type="stmt" count="0"/>
      <line num="543" type="stmt" count="0"/>
      <line num="544" type="stmt" count="0"/>
      <line num="546" type="stmt" count="0"/>
      <line num="547" type="stmt" count="0"/>
      <line num="549" type="stmt" count="0"/>
      <line num="550" type="stmt" count="0"/>
      <line num="555" type="stmt" count="0"/>
      <line num="557" type="stmt" count="0"/>
      <line num="558" type="stmt" count="0"/>
      <line num="564" type="stmt" count="17"/>
      <line num="566" type="stmt" count="6"/>
      <line num="568" type="stmt" count="15"/>
      <line num="570" type="stmt" count="15"/>
      <line num="571" type="stmt" count="15"/>
      <line num="573" type="stmt" count="11"/>
      <line num="576" type="stmt" count="15"/>
      <line num="581" type="stmt" count="11"/>
      <line num="582" type="stmt" count="11"/>
      <line num="583" type="stmt" count="11"/>
      <line num="584" type="stmt" count="11"/>
      <line num="585" type="stmt" count="11"/>
      <line num="586" type="stmt" count="11"/>
      <line num="587" type="stmt" count="11"/>
      <line num="588" type="stmt" count="11"/>
      <line num="589" type="stmt" count="11"/>
      <line num="590" type="stmt" count="11"/>
      <line num="591" type="stmt" count="11"/>
      <line num="593" type="stmt" count="11"/>
      <line num="594" type="stmt" count="11"/>
      <line num="596" type="stmt" count="3"/>
      <line num="599" type="stmt" count="11"/>
      <line num="604" type="stmt" count="4"/>
      <line num="606" type="stmt" count="2"/>
      <line num="608" type="stmt" count="2"/>
      <line num="609" type="stmt" count="2"/>
      <line num="610" type="stmt" count="2"/>
      <line num="611" type="stmt" count="2"/>
      <metrics loc="613" ncloc="613" classes="0" methods="0" coveredmethods="0" conditionals="0" coveredconditionals="0" statements="332" coveredstatements="312" elements="332" coveredelements="312"/>
    </file>
    <file name="/Applications/MAMP/htdocs/wordpressut/wp-content/plugins/razorpay-woocommerce/includes/razorpay-route-actions.php">
      <class name="RZP_Route_Action" namespace="global">
        <metrics complexity="39" methods="10" coveredmethods="4" conditionals="0" coveredconditionals="0" statements="155" coveredstatements="133" elements="165" coveredelements="137"/>
      </class>
      <line num="11" type="method" name="__construct" visibility="public" complexity="1" crap="1" count="7"/>
      <line num="13" type="stmt" count="7"/>
      <line num="18" type="method" name="fetchRazorpayApiInstance" visibility="protected" complexity="1" crap="2" count="0"/>
      <line num="20" type="stmt" count="0"/>
      <line num="23" type="method" name="redirect" visibility="public" complexity="1" crap="2" count="0"/>
      <line num="25" type="stmt" count="0"/>
      <line num="28" type="method" name="directTransfer" visibility="public" complexity="2" crap="2.12" count="1"/>
      <line num="31" type="stmt" count="1"/>
      <line num="32" type="stmt" count="1"/>
      <line num="33" type="stmt" count="1"/>
      <line num="35" type="stmt" count="1"/>
      <line num="37" type="stmt" count="1"/>
      <line num="38" type="stmt" count="1"/>
      <line num="39" type="stmt" count="1"/>
      <line num="40" type="stmt" count="1"/>
      <line num="42" type="stmt" count="1"/>
      <line num="44" type="stmt" count="1"/>
      <line num="45" type="stmt" count="0"/>
      <line num="46" type="stmt" count="0"/>
      <line num="48" type="stmt" count="0"/>
      <line num="49" type="stmt" count="0"/>
      <line num="50" type="stmt" count="0"/>
      <line num="52" type="stmt" count="1"/>
      <line num="55" type="method" name="reverseTransfer" visibility="public" complexity="2" crap="2.18" count="1"/>
      <line num="58" type="stmt" count="1"/>
      <line num="59" type="stmt" count="1"/>
      <line num="60" type="stmt" count="1"/>
      <line num="62" type="stmt" count="1"/>
      <line num="63" type="stmt" count="1"/>
      <line num="64" type="stmt" count="1"/>
      <line num="66" type="stmt" count="1"/>
      <line num="68" type="stmt" count="1"/>
      <line num="69" type="stmt" count="0"/>
      <line num="70" type="stmt" count="0"/>
      <line num="72" type="stmt" count="0"/>
      <line num="73" type="stmt" count="0"/>
      <line num="74" type="stmt" count="0"/>
      <line num="76" type="stmt" count="1"/>
      <line num="79" type="method" name="updateTransferSettlement" visibility="public" complexity="3" crap="3.14" count="1"/>
      <line num="82" type="stmt" count="1"/>
      <line num="83" type="stmt" count="1"/>
      <line num="84" type="stmt" count="1"/>
      <line num="85" type="stmt" count="1"/>
      <line num="86" type="stmt" count="1"/>
      <line num="88" type="stmt" count="1"/>
      <line num="91" type="stmt" count="1"/>
      <line num="93" type="stmt" count="1"/>
      <line num="94" type="stmt" count="1"/>
      <line num="95" type="stmt" count="1"/>
      <line num="96" type="stmt" count="1"/>
      <line num="98" type="stmt" count="1"/>
      <line num="100" type="stmt" count="1"/>
      <line num="102" type="stmt" count="1"/>
      <line num="104" type="stmt" count="0"/>
      <line num="105" type="stmt" count="0"/>
      <line num="107" type="stmt" count="0"/>
      <line num="108" type="stmt" count="0"/>
      <line num="109" type="stmt" count="0"/>
      <line num="111" type="stmt" count="1"/>
      <line num="114" type="method" name="createPaymentTransfer" visibility="public" complexity="3" crap="3.06" count="1"/>
      <line num="117" type="stmt" count="1"/>
      <line num="118" type="stmt" count="1"/>
      <line num="119" type="stmt" count="1"/>
      <line num="120" type="stmt" count="1"/>
      <line num="122" type="stmt" count="1"/>
      <line num="123" type="stmt" count="1"/>
      <line num="124" type="stmt" count="1"/>
      <line num="125" type="stmt" count="1"/>
      <line num="127" type="stmt" count="1"/>
      <line num="131" type="stmt" count="1"/>
      <line num="132" type="stmt" count="1"/>
      <line num="133" type="stmt" count="1"/>
      <line num="134" type="stmt" count="1"/>
      <line num="135" type="stmt" count="1"/>
      <line num="136" type="stmt" count="1"/>
      <line num="137" type="stmt" count="1"/>
      <line num="138" type="stmt" count="1"/>
      <line num="139" type="stmt" count="1"/>
      <line num="140" type="stmt" count="1"/>
      <line num="142" type="stmt" count="1"/>
      <line num="144" type="stmt" count="1"/>
      <line num="146" type="stmt" count="0"/>
      <line num="147" type="stmt" count="0"/>
      <line num="149" type="stmt" count="0"/>
      <line num="150" type="stmt" count="0"/>
      <line num="151" type="stmt" count="0"/>
      <line num="153" type="stmt" count="1"/>
      <line num="156" type="method" name="getOrderTransferData" visibility="public" complexity="10" crap="10" count="1"/>
      <line num="157" type="stmt" count="1"/>
      <line num="159" type="stmt" count="1"/>
      <line num="160" type="stmt" count="1"/>
      <line num="162" type="stmt" count="1"/>
      <line num="163" type="stmt" count="1"/>
      <line num="164" type="stmt" count="1"/>
      <line num="166" type="stmt" count="1"/>
      <line num="168" type="stmt" count="1"/>
      <line num="169" type="stmt" count="1"/>
      <line num="170" type="stmt" count="1"/>
      <line num="172" type="stmt" count="1"/>
      <line num="173" type="stmt" count="1"/>
      <line num="174" type="stmt" count="1"/>
      <line num="175" type="stmt" count="1"/>
      <line num="177" type="stmt" count="1"/>
      <line num="179" type="stmt" count="1"/>
      <line num="180" type="stmt" count="1"/>
      <line num="181" type="stmt" count="1"/>
      <line num="182" type="stmt" count="1"/>
      <line num="183" type="stmt" count="1"/>
      <line num="185" type="stmt" count="1"/>
      <line num="193" type="stmt" count="1"/>
      <line num="196" type="method" name="transferFromPayment" visibility="public" complexity="12" crap="12" count="1"/>
      <line num="198" type="stmt" count="1"/>
      <line num="200" type="stmt" count="1"/>
      <line num="201" type="stmt" count="1"/>
      <line num="203" type="stmt" count="1"/>
      <line num="204" type="stmt" count="1"/>
      <line num="205" type="stmt" count="1"/>
      <line num="207" type="stmt" count="1"/>
      <line num="209" type="stmt" count="1"/>
      <line num="210" type="stmt" count="1"/>
      <line num="211" type="stmt" count="1"/>
      <line num="213" type="stmt" count="1"/>
      <line num="214" type="stmt" count="1"/>
      <line num="215" type="stmt" count="1"/>
      <line num="216" type="stmt" count="1"/>
      <line num="217" type="stmt" count="1"/>
      <line num="219" type="stmt" count="1"/>
      <line num="220" type="stmt" count="1"/>
      <line num="221" type="stmt" count="1"/>
      <line num="222" type="stmt" count="1"/>
      <line num="223" type="stmt" count="1"/>
      <line num="224" type="stmt" count="1"/>
      <line num="232" type="stmt" count="1"/>
      <line num="234" type="stmt" count="1"/>
      <line num="236" type="stmt" count="1"/>
      <line num="237" type="stmt" count="1"/>
      <line num="239" type="stmt" count="1"/>
      <line num="241" type="stmt" count="1"/>
      <line num="243" type="stmt" count="1"/>
      <line num="245" type="stmt" count="1"/>
      <line num="251" type="method" name="addRouteAnalyticsScript" visibility="public" complexity="4" crap="4" count="2"/>
      <line num="253" type="stmt" count="2"/>
      <line num="254" type="stmt" count="2"/>
      <line num="256" type="stmt" count="2"/>
      <line num="257" type="stmt" count="2"/>
      <line num="258" type="stmt" count="2"/>
      <line num="259" type="stmt" count="2"/>
      <line num="260" type="stmt" count="2"/>
      <line num="261" type="stmt" count="2"/>
      <line num="262" type="stmt" count="2"/>
      <line num="263" type="stmt" count="2"/>
      <line num="264" type="stmt" count="2"/>
      <line num="265" type="stmt" count="2"/>
      <line num="267" type="stmt" count="2"/>
      <line num="269" type="stmt" count="2"/>
      <line num="271" type="stmt" count="2"/>
      <line num="272" type="stmt" count="2"/>
      <line num="273" type="stmt" count="2"/>
      <line num="275" type="stmt" count="2"/>
      <line num="276" type="stmt" count="2"/>
      <line num="281" type="stmt" count="2"/>
      <line num="282" type="stmt" count="2"/>
      <line num="283" type="stmt" count="2"/>
      <line num="284" type="stmt" count="2"/>
      <line num="285" type="stmt" count="2"/>
      <metrics loc="290" ncloc="290" classes="1" methods="10" coveredmethods="4" conditionals="0" coveredconditionals="0" statements="155" coveredstatements="133" elements="165" coveredelements="137"/>
    </file>
    <file name="/Applications/MAMP/htdocs/wordpressut/wp-content/plugins/razorpay-woocommerce/includes/razorpay-route.php">
      <class name="RZP_Route" namespace="global">
        <metrics complexity="108" methods="23" coveredmethods="14" conditionals="0" coveredconditionals="0" statements="418" coveredstatements="387" elements="441" coveredelements="401"/>
      </class>
      <line num="19" type="stmt" count="73"/>
      <line num="21" type="stmt" count="1"/>
      <line num="22" type="stmt" count="1"/>
      <line num="23" type="stmt" count="1"/>
      <line num="24" type="stmt" count="1"/>
      <line num="25" type="stmt" count="1"/>
      <line num="26" type="stmt" count="1"/>
      <line num="27" type="stmt" count="1"/>
      <line num="28" type="stmt" count="1"/>
      <line num="29" type="stmt" count="1"/>
      <line num="30" type="stmt" count="1"/>
      <line num="36" type="stmt" count="1"/>
      <line num="37" type="stmt" count="1"/>
      <line num="39" type="stmt" count="1"/>
      <line num="41" type="stmt" count="1"/>
      <line num="42" type="stmt" count="1"/>
      <line num="44" type="stmt" count="1"/>
      <line num="45" type="stmt" count="1"/>
      <line num="46" type="stmt" count="1"/>
      <line num="47" type="stmt" count="1"/>
      <line num="57" type="stmt" count="1"/>
      <line num="59" type="stmt" count="1"/>
      <line num="60" type="stmt" count="1"/>
      <line num="62" type="stmt" count="1"/>
      <line num="63" type="stmt" count="1"/>
      <line num="65" type="stmt" count="1"/>
      <line num="66" type="stmt" count="1"/>
      <line num="68" type="stmt" count="1"/>
      <line num="69" type="stmt" count="1"/>
      <line num="71" type="stmt" count="1"/>
      <line num="72" type="stmt" count="1"/>
      <line num="83" type="method" name="__construct" visibility="public" complexity="1" crap="1" count="35"/>
      <line num="85" type="stmt" count="35"/>
      <line num="86" type="stmt" count="35"/>
      <line num="87" type="stmt" count="35"/>
      <line num="88" type="stmt" count="35"/>
      <line num="89" type="stmt" count="35"/>
      <line num="90" type="stmt" count="35"/>
      <line num="91" type="stmt" count="35"/>
      <line num="94" type="method" name="fetchRazorpayApiInstance" visibility="protected" complexity="1" crap="2" count="0"/>
      <line num="96" type="stmt" count="0"/>
      <line num="98" type="stmt" count="0"/>
      <line num="100" type="stmt" count="0"/>
      <line num="103" type="method" name="fetchSetting" visibility="protected" complexity="1" crap="1" count="1"/>
      <line num="105" type="stmt" count="1"/>
      <line num="107" type="stmt" count="1"/>
      <line num="109" type="stmt" count="1"/>
      <line num="112" type="method" name="fetchFileContents" visibility="protected" complexity="1" crap="2" count="0"/>
      <line num="114" type="stmt" count="0"/>
      <line num="117" type="method" name="rzpTransfers" visibility="public" complexity="1" crap="1" count="1"/>
      <line num="119" type="stmt" count="1"/>
      <line num="120" type="stmt" count="1"/>
      <line num="122" type="stmt" count="1"/>
      <line num="123" type="stmt" count="1"/>
      <line num="124" type="stmt" count="1"/>
      <line num="126" type="stmt" count="1"/>
      <line num="127" type="stmt" count="1"/>
      <line num="129" type="stmt" count="1"/>
      <line num="131" type="stmt" count="1"/>
      <line num="132" type="stmt" count="1"/>
      <line num="134" type="stmt" count="1"/>
      <line num="136" type="stmt" count="1"/>
      <line num="137" type="stmt" count="1"/>
      <line num="138" type="stmt" count="1"/>
      <line num="140" type="stmt" count="1"/>
      <line num="147" type="stmt" count="1"/>
      <line num="151" type="stmt" count="1"/>
      <line num="165" type="stmt" count="1"/>
      <line num="176" type="stmt" count="1"/>
      <line num="180" type="stmt" count="1"/>
      <line num="182" type="stmt" count="1"/>
      <line num="183" type="stmt" count="1"/>
      <line num="189" type="method" name="get_columns" visibility="public" complexity="1" crap="1" count="3"/>
      <line num="192" type="stmt" count="3"/>
      <line num="193" type="stmt" count="3"/>
      <line num="194" type="stmt" count="3"/>
      <line num="195" type="stmt" count="3"/>
      <line num="196" type="stmt" count="3"/>
      <line num="197" type="stmt" count="3"/>
      <line num="198" type="stmt" count="3"/>
      <line num="199" type="stmt" count="3"/>
      <line num="200" type="stmt" count="3"/>
      <line num="201" type="stmt" count="3"/>
      <line num="203" type="stmt" count="3"/>
      <line num="206" type="method" name="column_default" visibility="public" complexity="19" crap="19" count="1"/>
      <line num="209" type="stmt" count="1"/>
      <line num="210" type="stmt" count="1"/>
      <line num="211" type="stmt" count="1"/>
      <line num="212" type="stmt" count="1"/>
      <line num="213" type="stmt" count="1"/>
      <line num="214" type="stmt" count="1"/>
      <line num="215" type="stmt" count="1"/>
      <line num="216" type="stmt" count="1"/>
      <line num="217" type="stmt" count="1"/>
      <line num="218" type="stmt" count="1"/>
      <line num="219" type="stmt" count="1"/>
      <line num="220" type="stmt" count="1"/>
      <line num="221" type="stmt" count="1"/>
      <line num="222" type="stmt" count="1"/>
      <line num="223" type="stmt" count="1"/>
      <line num="224" type="stmt" count="1"/>
      <line num="225" type="stmt" count="1"/>
      <line num="226" type="stmt" count="1"/>
      <line num="230" type="stmt" count="1"/>
      <line num="237" type="method" name="prepareItems" visibility="public" complexity="5" crap="5" count="2"/>
      <line num="240" type="stmt" count="2"/>
      <line num="241" type="stmt" count="2"/>
      <line num="243" type="stmt" count="2"/>
      <line num="244" type="stmt" count="1"/>
      <line num="246" type="stmt" count="1"/>
      <line num="249" type="stmt" count="2"/>
      <line num="250" type="stmt" count="2"/>
      <line num="252" type="stmt" count="2"/>
      <line num="253" type="stmt" count="2"/>
      <line num="254" type="stmt" count="2"/>
      <line num="255" type="stmt" count="1"/>
      <line num="258" type="stmt" count="2"/>
      <line num="259" type="stmt" count="2"/>
      <line num="260" type="stmt" count="2"/>
      <line num="261" type="stmt" count="2"/>
      <line num="263" type="stmt" count="2"/>
      <line num="266" type="stmt" count="2"/>
      <line num="267" type="stmt" count="2"/>
      <line num="268" type="stmt" count="2"/>
      <line num="269" type="stmt" count="2"/>
      <line num="270" type="stmt" count="2"/>
      <line num="273" type="method" name="getItems" visibility="public" complexity="9" crap="9.95" count="1"/>
      <line num="275" type="stmt" count="1"/>
      <line num="277" type="stmt" count="1"/>
      <line num="280" type="stmt" count="1"/>
      <line num="282" type="stmt" count="0"/>
      <line num="283" type="stmt" count="0"/>
      <line num="285" type="stmt" count="0"/>
      <line num="286" type="stmt" count="0"/>
      <line num="287" type="stmt" count="0"/>
      <line num="289" type="stmt" count="1"/>
      <line num="290" type="stmt" count="1"/>
      <line num="292" type="stmt" count="1"/>
      <line num="294" type="stmt" count="1"/>
      <line num="295" type="stmt" count="1"/>
      <line num="296" type="stmt" count="1"/>
      <line num="297" type="stmt" count="1"/>
      <line num="298" type="stmt" count="1"/>
      <line num="299" type="stmt" count="1"/>
      <line num="300" type="stmt" count="1"/>
      <line num="301" type="stmt" count="1"/>
      <line num="302" type="stmt" count="1"/>
      <line num="304" type="stmt" count="1"/>
      <line num="307" type="stmt" count="1"/>
      <line num="310" type="method" name="rzpTransferDetails" visibility="public" complexity="19" crap="19" count="5"/>
      <line num="312" type="stmt" count="5"/>
      <line num="314" type="stmt" count="0"/>
      <line num="318" type="stmt" count="5"/>
      <line num="320" type="stmt" count="5"/>
      <line num="322" type="stmt" count="5"/>
      <line num="324" type="stmt" count="5"/>
      <line num="326" type="stmt" count="5"/>
      <line num="328" type="stmt" count="5"/>
      <line num="329" type="stmt" count="5"/>
      <line num="331" type="stmt" count="5"/>
      <line num="332" type="stmt" count="5"/>
      <line num="334" type="stmt" count="5"/>
      <line num="335" type="stmt" count="5"/>
      <line num="337" type="stmt" count="5"/>
      <line num="339" type="stmt" count="5"/>
      <line num="351" type="stmt" count="5"/>
      <line num="355" type="stmt" count="5"/>
      <line num="359" type="stmt" count="5"/>
      <line num="363" type="stmt" count="5"/>
      <line num="367" type="stmt" count="5"/>
      <line num="368" type="stmt" count="5"/>
      <line num="369" type="stmt" count="5"/>
      <line num="374" type="stmt" count="5"/>
      <line num="375" type="stmt" count="5"/>
      <line num="376" type="stmt" count="5"/>
      <line num="377" type="stmt" count="1"/>
      <line num="378" type="stmt" count="1"/>
      <line num="379" type="stmt" count="4"/>
      <line num="380" type="stmt" count="1"/>
      <line num="381" type="stmt" count="1"/>
      <line num="382" type="stmt" count="3"/>
      <line num="383" type="stmt" count="1"/>
      <line num="384" type="stmt" count="1"/>
      <line num="385" type="stmt" count="2"/>
      <line num="386" type="stmt" count="1"/>
      <line num="388" type="stmt" count="1"/>
      <line num="392" type="stmt" count="5"/>
      <line num="396" type="stmt" count="5"/>
      <line num="397" type="stmt" count="5"/>
      <line num="398" type="stmt" count="5"/>
      <line num="400" type="stmt" count="5"/>
      <line num="404" type="stmt" count="5"/>
      <line num="410" type="stmt" count="5"/>
      <line num="412" type="stmt" count="5"/>
      <line num="419" type="stmt" count="5"/>
      <line num="423" type="stmt" count="5"/>
      <line num="428" type="stmt" count="5"/>
      <line num="436" type="stmt" count="5"/>
      <line num="438" type="stmt" count="5"/>
      <line num="439" type="stmt" count="5"/>
      <line num="450" type="stmt" count="5"/>
      <line num="454" type="stmt" count="5"/>
      <line num="456" type="stmt" count="5"/>
      <line num="457" type="stmt" count="5"/>
      <line num="459" type="stmt" count="5"/>
      <line num="461" type="stmt" count="5"/>
      <line num="462" type="stmt" count="1"/>
      <line num="463" type="stmt" count="1"/>
      <line num="465" type="stmt" count="5"/>
      <line num="466" type="stmt" count="1"/>
      <line num="467" type="stmt" count="1"/>
      <line num="469" type="stmt" count="5"/>
      <line num="470" type="stmt" count="3"/>
      <line num="471" type="stmt" count="3"/>
      <line num="474" type="stmt" count="5"/>
      <line num="481" type="stmt" count="5"/>
      <line num="485" type="stmt" count="5"/>
      <line num="487" type="stmt" count="5"/>
      <line num="490" type="stmt" count="5"/>
      <line num="493" type="stmt" count="5"/>
      <line num="498" type="stmt" count="5"/>
      <line num="505" type="stmt" count="5"/>
      <line num="507" type="stmt" count="5"/>
      <line num="516" type="stmt" count="5"/>
      <line num="520" type="stmt" count="5"/>
      <line num="522" type="stmt" count="5"/>
      <line num="523" type="stmt" count="5"/>
      <line num="527" type="method" name="routeHeader" visibility="public" complexity="4" crap="4" count="3"/>
      <line num="531" type="stmt" count="3"/>
      <line num="532" type="stmt" count="3"/>
      <line num="533" type="stmt" count="3"/>
      <line num="534" type="stmt" count="3"/>
      <line num="540" type="method" name="rzpTransferReversals" visibility="public" complexity="1" crap="1" count="1"/>
      <line num="542" type="stmt" count="1"/>
      <line num="543" type="stmt" count="1"/>
      <line num="545" type="stmt" count="1"/>
      <line num="547" type="stmt" count="1"/>
      <line num="549" type="stmt" count="1"/>
      <line num="550" type="stmt" count="1"/>
      <line num="552" type="stmt" count="1"/>
      <line num="554" type="stmt" count="1"/>
      <line num="555" type="stmt" count="1"/>
      <line num="558" type="method" name="prepareReversalItems" visibility="public" complexity="5" crap="5" count="2"/>
      <line num="561" type="stmt" count="2"/>
      <line num="562" type="stmt" count="2"/>
      <line num="563" type="stmt" count="2"/>
      <line num="564" type="stmt" count="1"/>
      <line num="566" type="stmt" count="1"/>
      <line num="569" type="stmt" count="2"/>
      <line num="570" type="stmt" count="2"/>
      <line num="571" type="stmt" count="2"/>
      <line num="573" type="stmt" count="2"/>
      <line num="574" type="stmt" count="2"/>
      <line num="575" type="stmt" count="1"/>
      <line num="578" type="stmt" count="2"/>
      <line num="579" type="stmt" count="2"/>
      <line num="580" type="stmt" count="2"/>
      <line num="581" type="stmt" count="2"/>
      <line num="583" type="stmt" count="2"/>
      <line num="586" type="stmt" count="2"/>
      <line num="587" type="stmt" count="2"/>
      <line num="588" type="stmt" count="2"/>
      <line num="589" type="stmt" count="2"/>
      <line num="590" type="stmt" count="2"/>
      <line num="594" type="method" name="getReversalColumns" visibility="public" complexity="1" crap="1" count="3"/>
      <line num="596" type="stmt" count="3"/>
      <line num="597" type="stmt" count="3"/>
      <line num="598" type="stmt" count="3"/>
      <line num="599" type="stmt" count="3"/>
      <line num="600" type="stmt" count="3"/>
      <line num="601" type="stmt" count="3"/>
      <line num="602" type="stmt" count="3"/>
      <line num="605" type="method" name="getReversalItems" visibility="public" complexity="4" crap="4.22" count="1"/>
      <line num="607" type="stmt" count="1"/>
      <line num="609" type="stmt" count="1"/>
      <line num="612" type="stmt" count="1"/>
      <line num="613" type="stmt" count="1"/>
      <line num="614" type="stmt" count="1"/>
      <line num="615" type="stmt" count="1"/>
      <line num="617" type="stmt" count="1"/>
      <line num="619" type="stmt" count="0"/>
      <line num="620" type="stmt" count="0"/>
      <line num="622" type="stmt" count="0"/>
      <line num="623" type="stmt" count="0"/>
      <line num="624" type="stmt" count="0"/>
      <line num="627" type="stmt" count="1"/>
      <line num="628" type="stmt" count="1"/>
      <line num="629" type="stmt" count="1"/>
      <line num="630" type="stmt" count="1"/>
      <line num="631" type="stmt" count="1"/>
      <line num="632" type="stmt" count="1"/>
      <line num="633" type="stmt" count="1"/>
      <line num="634" type="stmt" count="1"/>
      <line num="638" type="stmt" count="1"/>
      <line num="642" type="method" name="rzpRoutePayments" visibility="public" complexity="1" crap="1" count="1"/>
      <line num="644" type="stmt" count="1"/>
      <line num="645" type="stmt" count="1"/>
      <line num="647" type="stmt" count="1"/>
      <line num="649" type="stmt" count="1"/>
      <line num="651" type="stmt" count="1"/>
      <line num="652" type="stmt" count="1"/>
      <line num="653" type="stmt" count="1"/>
      <line num="654" type="stmt" count="1"/>
      <line num="655" type="stmt" count="1"/>
      <line num="657" type="stmt" count="1"/>
      <line num="658" type="stmt" count="1"/>
      <line num="661" type="method" name="preparePaymentItems" visibility="public" complexity="6" crap="6" count="2"/>
      <line num="664" type="stmt" count="2"/>
      <line num="665" type="stmt" count="2"/>
      <line num="667" type="stmt" count="2"/>
      <line num="668" type="stmt" count="1"/>
      <line num="670" type="stmt" count="1"/>
      <line num="673" type="stmt" count="2"/>
      <line num="675" type="stmt" count="2"/>
      <line num="676" type="stmt" count="2"/>
      <line num="677" type="stmt" count="2"/>
      <line num="679" type="stmt" count="2"/>
      <line num="680" type="stmt" count="2"/>
      <line num="681" type="stmt" count="1"/>
      <line num="684" type="stmt" count="2"/>
      <line num="685" type="stmt" count="2"/>
      <line num="686" type="stmt" count="2"/>
      <line num="687" type="stmt" count="2"/>
      <line num="689" type="stmt" count="2"/>
      <line num="692" type="stmt" count="2"/>
      <line num="693" type="stmt" count="2"/>
      <line num="694" type="stmt" count="2"/>
      <line num="695" type="stmt" count="2"/>
      <line num="696" type="stmt" count="2"/>
      <line num="699" type="method" name="getPaymentColumns" visibility="public" complexity="1" crap="1" count="3"/>
      <line num="701" type="stmt" count="3"/>
      <line num="702" type="stmt" count="3"/>
      <line num="703" type="stmt" count="3"/>
      <line num="704" type="stmt" count="3"/>
      <line num="705" type="stmt" count="3"/>
      <line num="706" type="stmt" count="3"/>
      <line num="707" type="stmt" count="3"/>
      <line num="708" type="stmt" count="3"/>
      <line num="709" type="stmt" count="3"/>
      <line num="710" type="stmt" count="3"/>
      <line num="713" type="method" name="getPaymentItems" visibility="public" complexity="7" crap="7.60" count="1"/>
      <line num="715" type="stmt" count="1"/>
      <line num="717" type="stmt" count="1"/>
      <line num="720" type="stmt" count="1"/>
      <line num="721" type="stmt" count="1"/>
      <line num="722" type="stmt" count="1"/>
      <line num="723" type="stmt" count="1"/>
      <line num="725" type="stmt" count="1"/>
      <line num="726" type="stmt" count="0"/>
      <line num="729" type="stmt" count="1"/>
      <line num="731" type="stmt" count="0"/>
      <line num="732" type="stmt" count="0"/>
      <line num="734" type="stmt" count="0"/>
      <line num="735" type="stmt" count="0"/>
      <line num="736" type="stmt" count="0"/>
      <line num="739" type="stmt" count="1"/>
      <line num="740" type="stmt" count="1"/>
      <line num="741" type="stmt" count="1"/>
      <line num="742" type="stmt" count="1"/>
      <line num="743" type="stmt" count="1"/>
      <line num="744" type="stmt" count="1"/>
      <line num="745" type="stmt" count="1"/>
      <line num="746" type="stmt" count="1"/>
      <line num="747" type="stmt" count="1"/>
      <line num="748" type="stmt" count="1"/>
      <line num="749" type="stmt" count="1"/>
      <line num="753" type="stmt" count="1"/>
      <line num="757" type="method" name="rzpSettlementTransfers" visibility="public" complexity="6" crap="6.35" count="1"/>
      <line num="759" type="stmt" count="1"/>
      <line num="760" type="stmt" count="0"/>
      <line num="763" type="stmt" count="1"/>
      <line num="765" type="stmt" count="1"/>
      <line num="768" type="stmt" count="1"/>
      <line num="769" type="stmt" count="1"/>
      <line num="770" type="stmt" count="1"/>
      <line num="771" type="stmt" count="1"/>
      <line num="773" type="stmt" count="0"/>
      <line num="774" type="stmt" count="0"/>
      <line num="776" type="stmt" count="0"/>
      <line num="777" type="stmt" count="0"/>
      <line num="778" type="stmt" count="0"/>
      <line num="782" type="stmt" count="1"/>
      <line num="784" type="stmt" count="1"/>
      <line num="786" type="stmt" count="1"/>
      <line num="792" type="stmt" count="1"/>
      <line num="807" type="stmt" count="1"/>
      <line num="808" type="stmt" count="1"/>
      <line num="809" type="stmt" count="1"/>
      <line num="810" type="stmt" count="1"/>
      <line num="811" type="stmt" count="1"/>
      <line num="812" type="stmt" count="1"/>
      <line num="813" type="stmt" count="1"/>
      <line num="814" type="stmt" count="1"/>
      <line num="815" type="stmt" count="1"/>
      <line num="817" type="stmt" count="1"/>
      <line num="821" type="stmt" count="1"/>
      <line num="826" type="method" name="fetchPayment" visibility="public" complexity="1" crap="2" count="0"/>
      <line num="828" type="stmt" count="0"/>
      <line num="831" type="method" name="rzpPaymentDetails" visibility="public" complexity="9" crap="9.02" count="1"/>
      <line num="833" type="stmt" count="1"/>
      <line num="834" type="stmt" count="0"/>
      <line num="837" type="stmt" count="1"/>
      <line num="839" type="stmt" count="1"/>
      <line num="841" type="stmt" count="1"/>
      <line num="843" type="stmt" count="1"/>
      <line num="845" type="stmt" count="1"/>
      <line num="846" type="stmt" count="1"/>
      <line num="848" type="stmt" count="1"/>
      <line num="849" type="stmt" count="1"/>
      <line num="851" type="stmt" count="1"/>
      <line num="852" type="stmt" count="1"/>
      <line num="853" type="stmt" count="1"/>
      <line num="855" type="stmt" count="1"/>
      <line num="860" type="stmt" count="1"/>
      <line num="862" type="stmt" count="1"/>
      <line num="863" type="stmt" count="1"/>
      <line num="865" type="stmt" count="1"/>
      <line num="866" type="stmt" count="1"/>
      <line num="867" type="stmt" count="1"/>
      <line num="868" type="stmt" count="1"/>
      <line num="869" type="stmt" count="1"/>
      <line num="871" type="stmt" count="1"/>
      <line num="874" type="stmt" count="1"/>
      <line num="876" type="stmt" count="1"/>
      <line num="888" type="stmt" count="1"/>
      <line num="892" type="stmt" count="1"/>
      <line num="896" type="stmt" count="1"/>
      <line num="900" type="stmt" count="1"/>
      <line num="904" type="stmt" count="1"/>
      <line num="906" type="stmt" count="1"/>
      <line num="907" type="stmt" count="0"/>
      <line num="909" type="stmt" count="1"/>
      <line num="910" type="stmt" count="1"/>
      <line num="913" type="stmt" count="1"/>
      <line num="914" type="stmt" count="0"/>
      <line num="917" type="stmt" count="1"/>
      <line num="918" type="stmt" count="1"/>
      <line num="922" type="stmt" count="1"/>
      <line num="928" type="stmt" count="1"/>
      <line num="930" type="stmt" count="1"/>
      <line num="937" type="stmt" count="1"/>
      <line num="941" type="stmt" count="1"/>
      <line num="946" type="stmt" count="1"/>
      <line num="961" type="stmt" count="1"/>
      <line num="974" type="stmt" count="1"/>
      <line num="975" type="stmt" count="1"/>
      <line num="985" type="stmt" count="1"/>
      <line num="989" type="stmt" count="1"/>
      <line num="991" type="stmt" count="1"/>
      <line num="992" type="stmt" count="1"/>
      <line num="996" type="method" name="checkDirectTransferFeature" visibility="public" complexity="4" crap="4" count="1"/>
      <line num="998" type="stmt" count="1"/>
      <line num="1000" type="stmt" count="1"/>
      <line num="1002" type="stmt" count="1"/>
      <line num="1003" type="stmt" count="1"/>
      <line num="1004" type="stmt" count="1"/>
      <line num="1005" type="stmt" count="1"/>
      <line num="1006" type="stmt" count="1"/>
      <line num="1007" type="stmt" count="1"/>
      <line num="1008" type="stmt" count="1"/>
      <line num="1009" type="stmt" count="1"/>
      <line num="1010" type="stmt" count="1"/>
      <line num="1011" type="stmt" count="1"/>
      <line num="1013" type="stmt" count="1"/>
      <line num="1014" type="stmt" count="1"/>
      <line num="1015" type="stmt" count="1"/>
      <line num="1016" type="stmt" count="1"/>
      <line num="1017" type="stmt" count="1"/>
      <line num="1018" type="stmt" count="1"/>
      <line num="1020" type="stmt" count="1"/>
      <line num="1021" type="stmt" count="1"/>
      <line num="1026" type="stmt" count="1"/>
      <line num="1033" type="stmt" count="0"/>
      <line num="1034" type="stmt" count="0"/>
      <line num="1038" type="stmt" count="0"/>
      <line num="1039" type="stmt" count="0"/>
      <line num="1043" type="stmt" count="0"/>
      <line num="1044" type="stmt" count="0"/>
      <line num="1048" type="stmt" count="0"/>
      <line num="1049" type="stmt" count="0"/>
      <line num="1053" type="stmt" count="0"/>
      <line num="1054" type="stmt" count="0"/>
      <line num="1058" type="stmt" count="0"/>
      <line num="1059" type="stmt" count="0"/>
      <line num="1065" type="stmt" count="1"/>
      <line num="1066" type="stmt" count="1"/>
      <line num="1068" type="stmt" count="1"/>
      <line num="1069" type="stmt" count="1"/>
      <line num="1070" type="stmt" count="1"/>
      <line num="1071" type="stmt" count="1"/>
      <line num="1072" type="stmt" count="1"/>
      <line num="1073" type="stmt" count="1"/>
      <line num="1075" type="stmt" count="1"/>
      <line num="1080" type="stmt" count="1"/>
      <line num="1081" type="stmt" count="1"/>
      <line num="1082" type="stmt" count="1"/>
      <line num="1083" type="stmt" count="1"/>
      <line num="1084" type="stmt" count="1"/>
      <line num="1085" type="stmt" count="1"/>
      <line num="1091" type="stmt" count="0"/>
      <line num="1092" type="stmt" count="0"/>
      <line num="1095" type="stmt" count="0"/>
      <line num="1096" type="stmt" count="0"/>
      <line num="1097" type="stmt" count="0"/>
      <line num="1098" type="stmt" count="0"/>
      <line num="1099" type="stmt" count="0"/>
      <line num="1100" type="stmt" count="0"/>
      <line num="1101" type="stmt" count="0"/>
      <line num="1102" type="stmt" count="0"/>
      <line num="1103" type="stmt" count="0"/>
      <line num="1105" type="stmt" count="0"/>
      <line num="1106" type="stmt" count="0"/>
      <line num="1107" type="stmt" count="0"/>
      <line num="1108" type="stmt" count="0"/>
      <line num="1109" type="stmt" count="0"/>
      <line num="1112" type="stmt" count="0"/>
      <line num="1113" type="stmt" count="0"/>
      <line num="1114" type="stmt" count="0"/>
      <line num="1115" type="stmt" count="0"/>
      <line num="1116" type="stmt" count="0"/>
      <line num="1117" type="stmt" count="0"/>
      <line num="1118" type="stmt" count="0"/>
      <line num="1119" type="stmt" count="0"/>
      <line num="1120" type="stmt" count="0"/>
      <line num="1121" type="stmt" count="0"/>
      <line num="1123" type="stmt" count="0"/>
      <line num="1124" type="stmt" count="0"/>
      <line num="1125" type="stmt" count="0"/>
      <line num="1127" type="stmt" count="0"/>
      <line num="1133" type="stmt" count="0"/>
      <line num="1143" type="stmt" count="0"/>
      <line num="1151" type="stmt" count="1"/>
      <line num="1152" type="stmt" count="1"/>
      <line num="1154" type="stmt" count="1"/>
      <line num="1155" type="stmt" count="1"/>
      <line num="1158" type="stmt" count="1"/>
      <line num="1159" type="stmt" count="1"/>
      <line num="1161" type="stmt" count="1"/>
      <line num="1162" type="stmt" count="1"/>
      <line num="1170" type="stmt" count="1"/>
      <line num="1171" type="stmt" count="1"/>
      <line num="1172" type="stmt" count="1"/>
      <line num="1173" type="stmt" count="1"/>
      <line num="1174" type="stmt" count="1"/>
      <line num="1175" type="stmt" count="1"/>
      <line num="1176" type="stmt" count="1"/>
      <line num="1177" type="stmt" count="1"/>
      <line num="1179" type="stmt" count="1"/>
      <line num="1180" type="stmt" count="1"/>
      <line num="1181" type="stmt" count="1"/>
      <line num="1182" type="stmt" count="1"/>
      <line num="1183" type="stmt" count="1"/>
      <line num="1184" type="stmt" count="1"/>
      <line num="1185" type="stmt" count="1"/>
      <line num="1186" type="stmt" count="1"/>
      <line num="1191" type="stmt" count="0"/>
      <line num="1192" type="stmt" count="0"/>
      <line num="1193" type="stmt" count="0"/>
      <line num="1195" type="stmt" count="0"/>
      <line num="1197" type="stmt" count="0"/>
      <line num="1198" type="stmt" count="0"/>
      <line num="1200" type="stmt" count="0"/>
      <line num="1202" type="stmt" count="0"/>
      <line num="1203" type="stmt" count="0"/>
      <line num="1205" type="stmt" count="0"/>
      <line num="1215" type="stmt" count="0"/>
      <line num="1217" type="stmt" count="0"/>
      <line num="1218" type="stmt" count="0"/>
      <line num="1219" type="stmt" count="0"/>
      <line num="1220" type="stmt" count="0"/>
      <line num="1221" type="stmt" count="0"/>
      <line num="1222" type="stmt" count="0"/>
      <line num="1223" type="stmt" count="0"/>
      <line num="1224" type="stmt" count="0"/>
      <line num="1227" type="stmt" count="0"/>
      <line num="1228" type="stmt" count="0"/>
      <line num="1230" type="stmt" count="0"/>
      <line num="1237" type="stmt" count="1"/>
      <line num="1238" type="stmt" count="1"/>
      <line num="1239" type="stmt" count="1"/>
      <line num="1241" type="stmt" count="1"/>
      <line num="1247" type="stmt" count="0"/>
      <line num="1249" type="stmt" count="0"/>
      <line num="1254" type="stmt" count="0"/>
      <line num="1256" type="stmt" count="0"/>
      <line num="1261" type="stmt" count="0"/>
      <line num="1263" type="stmt" count="0"/>
      <line num="1268" type="stmt" count="0"/>
      <line num="1270" type="stmt" count="0"/>
      <metrics loc="1272" ncloc="1250" classes="1" methods="23" coveredmethods="14" conditionals="0" coveredconditionals="0" statements="566" coveredstatements="461" elements="589" coveredelements="475"/>
    </file>
    <file name="/Applications/MAMP/htdocs/wordpressut/wp-content/plugins/razorpay-woocommerce/includes/razorpay-webhook.php">
      <class name="RZP_Webhook" namespace="global">
        <metrics complexity="84" methods="21" coveredmethods="7" conditionals="0" coveredconditionals="0" statements="226" coveredstatements="135" elements="247" coveredelements="142"/>
      </class>
      <line num="58" type="method" name="__construct" visibility="public" complexity="1" crap="1" count="25"/>
      <line num="60" type="stmt" count="25"/>
      <line num="62" type="stmt" count="25"/>
      <line num="81" type="method" name="process" visibility="public" complexity="20" crap="47.93" count="10"/>
      <line num="83" type="stmt" count="10"/>
      <line num="85" type="stmt" count="10"/>
      <line num="87" type="stmt" count="10"/>
      <line num="88" type="stmt" count="1"/>
      <line num="91" type="stmt" count="9"/>
      <line num="93" type="stmt" count="9"/>
      <line num="94" type="stmt" count="9"/>
      <line num="97" type="stmt" count="9"/>
      <line num="98" type="stmt" count="1"/>
      <line num="100" type="stmt" count="1"/>
      <line num="102" type="stmt" count="8"/>
      <line num="103" type="stmt" count="8"/>
      <line num="107" type="stmt" count="8"/>
      <line num="108" type="stmt" count="1"/>
      <line num="109" type="stmt" count="1"/>
      <line num="110" type="stmt" count="0"/>
      <line num="112" type="stmt" count="1"/>
      <line num="114" type="stmt" count="1"/>
      <line num="120" type="stmt" count="7"/>
      <line num="121" type="stmt" count="0"/>
      <line num="122" type="stmt" count="0"/>
      <line num="123" type="stmt" count="0"/>
      <line num="124" type="stmt" count="0"/>
      <line num="125" type="stmt" count="0"/>
      <line num="126" type="stmt" count="0"/>
      <line num="128" type="stmt" count="0"/>
      <line num="130" type="stmt" count="0"/>
      <line num="131" type="stmt" count="0"/>
      <line num="134" type="stmt" count="7"/>
      <line num="135" type="stmt" count="7"/>
      <line num="137" type="stmt" count="0"/>
      <line num="138" type="stmt" count="0"/>
      <line num="139" type="stmt" count="0"/>
      <line num="140" type="stmt" count="0"/>
      <line num="142" type="stmt" count="7"/>
      <line num="144" type="stmt" count="0"/>
      <line num="145" type="stmt" count="0"/>
      <line num="146" type="stmt" count="0"/>
      <line num="149" type="stmt" count="7"/>
      <line num="151" type="stmt" count="7"/>
      <line num="153" type="stmt" count="7"/>
      <line num="155" type="stmt" count="0"/>
      <line num="158" type="stmt" count="0"/>
      <line num="161" type="stmt" count="1"/>
      <line num="164" type="stmt" count="1"/>
      <line num="167" type="stmt" count="1"/>
      <line num="170" type="stmt" count="0"/>
      <line num="173" type="stmt" count="2"/>
      <line num="176" type="stmt" count="1"/>
      <line num="179" type="stmt" count="1"/>
      <line num="182" type="stmt" count="0"/>
      <line num="192" type="method" name="paymentFailed" visibility="protected" complexity="1" crap="1" count="2"/>
      <line num="194" type="stmt" count="2"/>
      <line num="201" type="method" name="subscriptionCancelled" visibility="protected" complexity="1" crap="1" count="2"/>
      <line num="203" type="stmt" count="2"/>
      <line num="210" type="method" name="subscriptionPaused" visibility="protected" complexity="1" crap="1" count="3"/>
      <line num="212" type="stmt" count="3"/>
      <line num="219" type="method" name="subscriptionResumed" visibility="protected" complexity="1" crap="1" count="2"/>
      <line num="221" type="stmt" count="2"/>
      <line num="228" type="method" name="subscriptionCharged" visibility="protected" complexity="1" crap="1" count="2"/>
      <line num="230" type="stmt" count="2"/>
      <line num="238" type="method" name="paymentAuthorized" visibility="protected" complexity="12" crap="23.05" count="1"/>
      <line num="241" type="stmt" count="1"/>
      <line num="242" type="stmt" count="1"/>
      <line num="248" type="stmt" count="1"/>
      <line num="250" type="stmt" count="1"/>
      <line num="252" type="stmt" count="1"/>
      <line num="253" type="stmt" count="1"/>
      <line num="256" type="stmt" count="1"/>
      <line num="257" type="stmt" count="1"/>
      <line num="260" type="stmt" count="1"/>
      <line num="261" type="stmt" count="1"/>
      <line num="262" type="stmt" count="1"/>
      <line num="263" type="stmt" count="0"/>
      <line num="265" type="stmt" count="0"/>
      <line num="268" type="stmt" count="1"/>
      <line num="269" type="stmt" count="0"/>
      <line num="272" type="stmt" count="1"/>
      <line num="274" type="stmt" count="1"/>
      <line num="276" type="stmt" count="1"/>
      <line num="278" type="stmt" count="1"/>
      <line num="279" type="stmt" count="1"/>
      <line num="281" type="stmt" count="1"/>
      <line num="282" type="stmt" count="1"/>
      <line num="283" type="stmt" count="0"/>
      <line num="284" type="stmt" count="0"/>
      <line num="291" type="stmt" count="0"/>
      <line num="293" type="stmt" count="0"/>
      <line num="294" type="stmt" count="0"/>
      <line num="298" type="stmt" count="0"/>
      <line num="299" type="stmt" count="0"/>
      <line num="300" type="stmt" count="0"/>
      <line num="301" type="stmt" count="0"/>
      <line num="302" type="stmt" count="0"/>
      <line num="304" type="stmt" count="0"/>
      <line num="309" type="stmt" count="0"/>
      <line num="311" type="stmt" count="0"/>
      <line num="312" type="stmt" count="0"/>
      <line num="317" type="stmt" count="1"/>
      <line num="318" type="stmt" count="1"/>
      <line num="320" type="stmt" count="1"/>
      <line num="323" type="stmt" count="1"/>
      <line num="331" type="method" name="paymentPending" visibility="protected" complexity="10" crap="10.46" count="2"/>
      <line num="334" type="stmt" count="2"/>
      <line num="335" type="stmt" count="2"/>
      <line num="338" type="stmt" count="1"/>
      <line num="339" type="stmt" count="0"/>
      <line num="345" type="stmt" count="1"/>
      <line num="347" type="stmt" count="1"/>
      <line num="349" type="stmt" count="1"/>
      <line num="350" type="stmt" count="1"/>
      <line num="353" type="stmt" count="1"/>
      <line num="354" type="stmt" count="1"/>
      <line num="357" type="stmt" count="1"/>
      <line num="358" type="stmt" count="0"/>
      <line num="360" type="stmt" count="0"/>
      <line num="363" type="stmt" count="1"/>
      <line num="364" type="stmt" count="0"/>
      <line num="367" type="stmt" count="1"/>
      <line num="369" type="stmt" count="1"/>
      <line num="371" type="stmt" count="1"/>
      <line num="372" type="stmt" count="1"/>
      <line num="374" type="stmt" count="1"/>
      <line num="375" type="stmt" count="1"/>
      <line num="377" type="stmt" count="1"/>
      <line num="378" type="stmt" count="1"/>
      <line num="382" type="stmt" count="1"/>
      <line num="390" type="method" name="virtualAccountCredited" visibility="protected" complexity="11" crap="23.46" count="1"/>
      <line num="393" type="stmt" count="1"/>
      <line num="394" type="stmt" count="1"/>
      <line num="400" type="stmt" count="1"/>
      <line num="402" type="stmt" count="1"/>
      <line num="403" type="stmt" count="1"/>
      <line num="406" type="stmt" count="1"/>
      <line num="407" type="stmt" count="0"/>
      <line num="410" type="stmt" count="1"/>
      <line num="411" type="stmt" count="1"/>
      <line num="412" type="stmt" count="1"/>
      <line num="414" type="stmt" count="1"/>
      <line num="416" type="stmt" count="1"/>
      <line num="418" type="stmt" count="1"/>
      <line num="419" type="stmt" count="1"/>
      <line num="421" type="stmt" count="1"/>
      <line num="422" type="stmt" count="1"/>
      <line num="423" type="stmt" count="0"/>
      <line num="424" type="stmt" count="0"/>
      <line num="431" type="stmt" count="0"/>
      <line num="433" type="stmt" count="0"/>
      <line num="434" type="stmt" count="0"/>
      <line num="438" type="stmt" count="0"/>
      <line num="439" type="stmt" count="0"/>
      <line num="440" type="stmt" count="0"/>
      <line num="441" type="stmt" count="0"/>
      <line num="442" type="stmt" count="0"/>
      <line num="444" type="stmt" count="0"/>
      <line num="449" type="stmt" count="0"/>
      <line num="451" type="stmt" count="0"/>
      <line num="452" type="stmt" count="0"/>
      <line num="457" type="stmt" count="1"/>
      <line num="460" type="stmt" count="1"/>
      <line num="463" type="method" name="getPaymentEntity" visibility="protected" complexity="2" crap="4.05" count="6"/>
      <line num="467" type="stmt" count="6"/>
      <line num="468" type="stmt" count="0"/>
      <line num="469" type="stmt" count="0"/>
      <line num="470" type="stmt" count="0"/>
      <line num="471" type="stmt" count="0"/>
      <line num="472" type="stmt" count="0"/>
      <line num="473" type="stmt" count="0"/>
      <line num="475" type="stmt" count="0"/>
      <line num="477" type="stmt" count="0"/>
      <line num="480" type="stmt" count="6"/>
      <line num="486" type="method" name="shouldConsumeWebhook" visibility="protected" complexity="5" crap="5.20" count="1"/>
      <line num="488" type="stmt" count="1"/>
      <line num="489" type="stmt" count="1"/>
      <line num="490" type="stmt" count="1"/>
      <line num="491" type="stmt" count="1"/>
      <line num="494" type="stmt" count="0"/>
      <line num="502" type="method" name="getOrderAmountAsInteger" visibility="public" complexity="2" crap="2.15" count="3"/>
      <line num="504" type="stmt" count="3"/>
      <line num="505" type="stmt" count="3"/>
      <line num="508" type="stmt" count="0"/>
      <line num="517" type="method" name="refundedCreated" visibility="public" complexity="8" crap="11.13" count="2"/>
      <line num="520" type="stmt" count="2"/>
      <line num="521" type="stmt" count="1"/>
      <line num="525" type="stmt" count="2"/>
      <line num="526" type="stmt" count="1"/>
      <line num="529" type="stmt" count="2"/>
      <line num="531" type="stmt" count="2"/>
      <line num="533" type="stmt" count="2"/>
      <line num="538" type="stmt" count="2"/>
      <line num="540" type="stmt" count="2"/>
      <line num="541" type="stmt" count="2"/>
      <line num="545" type="stmt" count="2"/>
      <line num="546" type="stmt" count="1"/>
      <line num="550" type="stmt" count="1"/>
      <line num="551" type="stmt" count="0"/>
      <line num="552" type="stmt" count="0"/>
      <line num="553" type="stmt" count="0"/>
      <line num="555" type="stmt" count="0"/>
      <line num="558" type="stmt" count="1"/>
      <line num="559" type="stmt" count="0"/>
      <line num="560" type="stmt" count="0"/>
      <line num="561" type="stmt" count="0"/>
      <line num="563" type="stmt" count="0"/>
      <line num="566" type="stmt" count="1"/>
      <line num="568" type="stmt" count="1"/>
      <line num="572" type="stmt" count="1"/>
      <line num="573" type="stmt" count="1"/>
      <line num="574" type="stmt" count="1"/>
      <line num="575" type="stmt" count="1"/>
      <line num="576" type="stmt" count="1"/>
      <line num="577" type="stmt" count="1"/>
      <line num="578" type="stmt" count="1"/>
      <line num="579" type="stmt" count="1"/>
      <line num="581" type="stmt" count="1"/>
      <line num="583" type="stmt" count="0"/>
      <line num="587" type="stmt" count="0"/>
      <line num="588" type="stmt" count="0"/>
      <line num="589" type="stmt" count="0"/>
      <line num="590" type="stmt" count="0"/>
      <line num="591" type="stmt" count="0"/>
      <line num="593" type="stmt" count="0"/>
      <line num="598" type="stmt" count="1"/>
      <line num="601" type="method" name="checkIsObject" visibility="public" complexity="2" crap="2.26" count="1"/>
      <line num="603" type="stmt" count="1"/>
      <line num="604" type="stmt" count="1"/>
      <line num="605" type="stmt" count="1"/>
      <line num="607" type="stmt" count="0"/>
      <line num="608" type="stmt" count="0"/>
      <line num="612" type="method" name="getContents" visibility="protected" complexity="1" crap="1" count="1"/>
      <line num="614" type="stmt" count="1"/>
      <line num="617" type="method" name="fetchSettings" visibility="protected" complexity="1" crap="2" count="0"/>
      <line num="619" type="stmt" count="0"/>
      <line num="622" type="method" name="verifyWebhookSignature" visibility="public" complexity="1" crap="2" count="0"/>
      <line num="624" type="stmt" count="0"/>
      <line num="625" type="stmt" count="0"/>
      <line num="626" type="stmt" count="0"/>
      <line num="629" type="method" name="fetchPayment" visibility="protected" complexity="1" crap="2" count="0"/>
      <line num="631" type="stmt" count="0"/>
      <line num="634" type="method" name="exitfunction" visibility="protected" complexity="1" crap="2" count="0"/>
      <line num="636" type="stmt" count="0"/>
      <line num="639" type="method" name="fetchupdateOrder" visibility="protected" complexity="1" crap="2" count="0"/>
      <line num="641" type="stmt" count="0"/>
      <metrics loc="644" ncloc="507" classes="1" methods="21" coveredmethods="7" conditionals="0" coveredconditionals="0" statements="226" coveredstatements="135" elements="247" coveredelements="142"/>
    </file>
    <file name="/Applications/MAMP/htdocs/wordpressut/wp-content/plugins/razorpay-woocommerce/includes/utils.php">
      <line num="15" type="stmt" count="1"/>
      <line num="16" type="stmt" count="1"/>
      <line num="17" type="stmt" count="1"/>
      <line num="18" type="stmt" count="1"/>
      <line num="82" type="stmt" count="1"/>
      <line num="85" type="stmt" count="1"/>
      <line num="86" type="stmt" count="1"/>
      <line num="87" type="stmt" count="1"/>
      <line num="89" type="stmt" count="1"/>
      <line num="91" type="stmt" count="1"/>
      <line num="92" type="stmt" count="1"/>
      <line num="93" type="stmt" count="1"/>
      <line num="95" type="stmt" count="1"/>
      <line num="97" type="stmt" count="1"/>
      <line num="100" type="stmt" count="1"/>
      <line num="102" type="stmt" count="1"/>
      <line num="103" type="stmt" count="1"/>
      <line num="104" type="stmt" count="1"/>
      <line num="106" type="stmt" count="1"/>
      <line num="108" type="stmt" count="1"/>
      <line num="111" type="stmt" count="1"/>
      <line num="115" type="stmt" count="1"/>
      <line num="118" type="stmt" count="1"/>
      <metrics loc="120" ncloc="108" classes="0" methods="0" coveredmethods="0" conditionals="0" coveredconditionals="0" statements="23" coveredstatements="23" elements="23" coveredelements="23"/>
    </file>
    <file name="/Applications/MAMP/htdocs/wordpressut/wp-content/plugins/razorpay-woocommerce/woo-razorpay.php">
      <class name="WC_Razorpay" namespace="global">
        <metrics complexity="284" methods="0" coveredmethods="0" conditionals="0" coveredconditionals="0" statements="0" coveredstatements="0" elements="0" coveredelements="0"/>
      </class>
      <line num="44" type="stmt" count="2"/>
      <line num="46" type="stmt" count="2"/>
      <line num="151" type="stmt" count="72"/>
      <line num="156" type="stmt" count="2"/>
      <line num="157" type="stmt" count="2"/>
      <line num="159" type="stmt" count="1"/>
      <line num="161" type="stmt" count="2"/>
      <line num="171" type="stmt" count="71"/>
      <line num="173" type="stmt" count="71"/>
      <line num="174" type="stmt" count="71"/>
      <line num="224" type="stmt" count="71"/>
      <line num="225" type="stmt" count="71"/>
      <line num="229" type="stmt" count="71"/>
      <line num="231" type="stmt" count="46"/>
      <line num="234" type="stmt" count="71"/>
      <line num="239" type="stmt" count="46"/>
      <line num="241" type="stmt" count="46"/>
      <line num="243" type="stmt" count="46"/>
      <line num="245" type="stmt" count="46"/>
      <line num="247" type="stmt" count="46"/>
      <line num="248" type="stmt" count="46"/>
      <line num="249" type="stmt" count="46"/>
      <line num="250" type="stmt" count="46"/>
      <line num="251" type="stmt" count="46"/>
      <line num="264" type="stmt" count="46"/>
      <line num="269" type="stmt" count="72"/>
      <line num="271" type="stmt" count="72"/>
      <line num="272" type="stmt" count="72"/>
      <line num="273" type="stmt" count="72"/>
      <line num="274" type="stmt" count="72"/>
      <line num="275" type="stmt" count="72"/>
      <line num="276" type="stmt" count="72"/>
      <line num="277" type="stmt" count="72"/>
      <line num="278" type="stmt" count="72"/>
      <line num="279" type="stmt" count="72"/>
      <line num="280" type="stmt" count="72"/>
      <line num="281" type="stmt" count="72"/>
      <line num="282" type="stmt" count="72"/>
      <line num="283" type="stmt" count="72"/>
      <line num="284" type="stmt" count="72"/>
      <line num="285" type="stmt" count="72"/>
      <line num="286" type="stmt" count="72"/>
      <line num="287" type="stmt" count="72"/>
      <line num="288" type="stmt" count="72"/>
      <line num="289" type="stmt" count="72"/>
      <line num="290" type="stmt" count="72"/>
      <line num="291" type="stmt" count="72"/>
      <line num="292" type="stmt" count="72"/>
      <line num="293" type="stmt" count="72"/>
      <line num="294" type="stmt" count="72"/>
      <line num="295" type="stmt" count="72"/>
      <line num="296" type="stmt" count="72"/>
      <line num="297" type="stmt" count="72"/>
      <line num="298" type="stmt" count="72"/>
      <line num="299" type="stmt" count="72"/>
      <line num="300" type="stmt" count="72"/>
      <line num="301" type="stmt" count="72"/>
      <line num="302" type="stmt" count="72"/>
      <line num="303" type="stmt" count="72"/>
      <line num="304" type="stmt" count="72"/>
      <line num="305" type="stmt" count="72"/>
      <line num="306" type="stmt" count="72"/>
      <line num="307" type="stmt" count="72"/>
      <line num="308" type="stmt" count="72"/>
      <line num="309" type="stmt" count="72"/>
      <line num="310" type="stmt" count="72"/>
      <line num="311" type="stmt" count="72"/>
[...]
      <line num="782" type="stmt" count="0"/>
      <line num="786" type="stmt" count="1"/>
      <line num="796" type="stmt" count="6"/>
      <line num="805" type="stmt" count="6"/>
      <line num="819" type="stmt" count="3"/>
      <line num="820" type="stmt" count="3"/>
      <line num="822" type="stmt" count="3"/>
      <line num="824" type="stmt" count="3"/>
      <line num="826" type="stmt" count="3"/>
      <line num="828" type="stmt" count="3"/>
      <line num="831" type="stmt" count="3"/>
      <line num="835" type="stmt" count="3"/>
      <line num="836" type="stmt" count="3"/>
      <line num="839" type="stmt" count="3"/>
      <line num="840" type="stmt" count="3"/>
      <line num="842" type="stmt" count="3"/>
      <line num="846" type="stmt" count="3"/>
      <line num="851" type="stmt" count="0"/>
      <line num="853" type="stmt" count="0"/>
      <line num="856" type="stmt" count="3"/>
      <line num="860" type="stmt" count="3"/>
      <line num="863" type="stmt" count="0"/>
      <line num="865" type="stmt" count="0"/>
      <line num="869" type="stmt" count="0"/>
      <line num="871" type="stmt" count="0"/>
      <line num="882" type="stmt" count="3"/>
      <line num="884" type="stmt" count="3"/>
      <line num="885" type="stmt" count="3"/>
      <line num="886" type="stmt" count="3"/>
      <line num="887" type="stmt" count="3"/>
      <line num="889" type="stmt" count="3"/>
      <line num="900" type="stmt" count="3"/>
      <line num="901" type="stmt" count="3"/>
      <line num="902" type="stmt" count="3"/>
      <line num="904" type="stmt" count="1"/>
      <line num="906" type="stmt" count="1"/>
      <line num="911" type="stmt" count="3"/>
      <line num="912" type="stmt" count="3"/>
      <line num="915" type="stmt" count="3"/>
      <line num="916" type="stmt" count="3"/>
      <line num="918" type="stmt" count="3"/>
      <line num="920" type="stmt" count="1"/>
      <line num="922" type="stmt" count="2"/>
      <line num="924" type="stmt" count="0"/>
      <line num="926" type="stmt" count="0"/>
      <line num="929" type="stmt" count="2"/>
      <line num="930" type="stmt" count="2"/>
      <line num="931" type="stmt" count="2"/>
      <line num="940" type="stmt" count="2"/>
      <line num="944" type="stmt" count="2"/>
      <line num="946" type="stmt" count="1"/>
      <line num="948" type="stmt" count="1"/>
      <line num="951" type="stmt" count="1"/>
      <line num="953" type="stmt" count="1"/>
      <line num="955" type="stmt" count="1"/>
      <line num="957" type="stmt" count="1"/>
      <line num="967" type="stmt" count="2"/>
      <line num="969" type="stmt" count="2"/>
      <line num="971" type="stmt" count="2"/>
      <line num="973" type="stmt" count="2"/>
      <line num="975" type="stmt" count="2"/>
      <line num="977" type="stmt" count="2"/>
      <line num="979" type="stmt" count="2"/>
      <line num="981" type="stmt" count="2"/>
      <line num="982" type="stmt" count="2"/>
      <line num="983" type="stmt" count="2"/>
      <line num="984" type="stmt" count="2"/>
      <line num="985" type="stmt" count="2"/>
      <line num="986" type="stmt" count="2"/>
      <line num="987" type="stmt" count="2"/>
      <line num="988" type="stmt" count="2"/>
      <line num="989" type="stmt" count="2"/>
      <line num="990" type="stmt" count="2"/>
      <line num="991" type="stmt" count="2"/>
      <line num="992" type="stmt" count="2"/>
      <line num="993" type="stmt" count="2"/>
      <line num="1002" type="stmt" count="4"/>
      <line num="1004" type="stmt" count="4"/>
      <line num="1007" type="stmt" count="0"/>
      <line num="1015" type="stmt" count="1"/>
      <line num="1017" type="stmt" count="1"/>
      <line num="1021" type="stmt" count="1"/>
      <line num="1023" type="stmt" count="1"/>
      <line num="1028" type="stmt" count="2"/>
      <line num="1030" type="stmt" count="2"/>
      <line num="1031" type="stmt" count="2"/>
      <line num="1032" type="stmt" count="2"/>
      <line num="1033" type="stmt" count="2"/>
      <line num="1034" type="stmt" count="2"/>
      <line num="1047" type="stmt" count="2"/>
      <line num="1052" type="stmt" count="3"/>
      <line num="1056" type="stmt" count="3"/>
      <line num="1058" type="stmt" count="3"/>
      <line num="1060" type="stmt" count="3"/>
      <line num="1061" type="stmt" count="3"/>
      <line num="1062" type="stmt" count="3"/>
      <line num="1065" type="stmt" count="3"/>
      <line num="1067" type="stmt" count="0"/>
      <line num="1069" type="stmt" count="0"/>
      <line num="1072" type="stmt" count="3"/>
      <line num="1073" type="stmt" count="3"/>
      <line num="1075" type="stmt" count="3"/>
      <line num="1077" type="stmt" count="1"/>
      <line num="1079" type="stmt" count="1"/>
      <line num="1084" type="stmt" count="2"/>
      <line num="1085" type="stmt" count="2"/>
      <line num="1088" type="stmt" count="3"/>
      <line num="1091" type="stmt" count="3"/>
      <line num="1094" type="stmt" count="3"/>
      <line num="1096" type="stmt" count="3"/>
      <line num="1098" type="stmt" count="3"/>
      <line num="1100" type="stmt" count="3"/>
      <line num="1102" type="stmt" count="3"/>
      <line num="1107" type="stmt" count="1"/>
      <line num="1108" type="stmt" count="1"/>
      <line num="1110" type="stmt" count="1"/>
      <line num="1114" type="stmt" count="1"/>
      <line num="1116" type="stmt" count="0"/>
      <line num="1118" type="stmt" count="0"/>
      <line num="1119" type="stmt" count="0"/>
      <line num="1120" type="stmt" count="0"/>
      <line num="1123" type="stmt" count="1"/>
      <line num="1125" type="stmt" count="1"/>
      <line num="1126" type="stmt" count="1"/>
      <line num="1127" type="stmt" count="1"/>
      <line num="1128" type="stmt" count="1"/>
      <line num="1129" type="stmt" count="1"/>
      <line num="1131" type="stmt" count="1"/>
      <line num="1132" type="stmt" count="1"/>
      <line num="1134" type="stmt" count="0"/>
      <line num="1137" type="stmt" count="1"/>
      <line num="1139" type="stmt" count="1"/>
      <line num="1141" type="stmt" count="1"/>
      <line num="1143" type="stmt" count="1"/>
      <line num="1147" type="stmt" count="0"/>
      <line num="1152" type="stmt" count="3"/>
      <line num="1153" type="stmt" count="3"/>
      <line num="1155" type="stmt" count="3"/>
      <line num="1157" type="stmt" count="3"/>
      <line num="1158" type="stmt" count="3"/>
      <line num="1159" type="stmt" count="3"/>
      <line num="1160" type="stmt" count="3"/>
      <line num="1161" type="stmt" count="3"/>
      <line num="1162" type="stmt" count="3"/>
      <line num="1163" type="stmt" count="3"/>
      <line num="1164" type="stmt" count="3"/>
      <line num="1165" type="stmt" count="3"/>
      <line num="1166" type="stmt" count="3"/>
      <line num="1168" type="stmt" count="3"/>
      <line num="1170" type="stmt" count="0"/>
      <line num="1171" type="stmt" count="0"/>
      <line num="1173" type="stmt" count="0"/>
      <line num="1175" type="stmt" count="0"/>
      <line num="1176" type="stmt" count="0"/>
      <line num="1177" type="stmt" count="0"/>
      <line num="1178" type="stmt" count="0"/>
      <line num="1182" type="stmt" count="3"/>
      <line num="1192" type="stmt" count="3"/>
      <line num="1250" type="stmt" count="4"/>
      <line num="1252" type="stmt" count="3"/>
      <line num="1253" type="stmt" count="3"/>
      <line num="1254" type="stmt" count="3"/>
      <line num="1258" type="stmt" count="1"/>
      <line num="1259" type="stmt" count="1"/>
      <line num="1261" type="stmt" count="1"/>
      <line num="1262" type="stmt" count="1"/>
      <line num="1263" type="stmt" count="1"/>
      <line num="1266" type="stmt" count="4"/>
      <line num="1267" type="stmt" count="4"/>
      <line num="1268" type="stmt" count="4"/>
      <line num="1269" type="stmt" count="4"/>
      <line num="1271" type="stmt" count="4"/>
      <line num="1308" type="stmt" count="2"/>
      <line num="1310" type="stmt" count="2"/>
      <line num="1312" type="stmt" count="2"/>
      <line num="1314" type="stmt" count="2"/>
      <line num="1316" type="stmt" count="2"/>
      <line num="1318" type="stmt" count="2"/>
      <line num="1332" type="stmt" count="1"/>
      <line num="1334" type="stmt" count="1"/>
      <line num="1335" type="stmt" count="1"/>
      <line num="1348" type="stmt" count="1"/>
      <line num="1358" type="stmt" count="1"/>
      <line num="1360" type="stmt" count="1"/>
      <line num="1362" type="stmt" count="1"/>
      <line num="1365" type="stmt" count="0"/>
      <line num="1370" type="stmt" count="1"/>
      <line num="1372" type="stmt" count="1"/>
      <line num="1374" type="stmt" count="0"/>
      <line num="1377" type="stmt" count="1"/>
      <line num="1379" type="stmt" count="1"/>
      <line num="1381" type="stmt" count="1"/>
      <line num="1382" type="stmt" count="1"/>
      <line num="1383" type="stmt" count="1"/>
      <line num="1384" type="stmt" count="1"/>
      <line num="1385" type="stmt" count="1"/>
      <line num="1386" type="stmt" count="1"/>
      <line num="1387" type="stmt" count="1"/>
      <line num="1388" type="stmt" count="1"/>
      <line num="1389" type="stmt" count="1"/>
      <line num="1393" type="stmt" count="1"/>
      <line num="1394" type="stmt" count="1"/>
      <line num="1395" type="stmt" count="1"/>
      <line num="1397" type="stmt" count="1"/>
      <line num="1403" type="stmt" count="1"/>
      <line num="1405" type="stmt" count="1"/>
      <line num="1407" type="stmt" count="0"/>
      <line num="1409" type="stmt" count="0"/>
      <line num="1474" type="stmt" count="1"/>
      <line num="1476" type="stmt" count="1"/>
      <line num="1478" type="stmt" count="1"/>
      <line num="1480" type="stmt" count="1"/>
      <line num="1481" type="stmt" count="1"/>
      <line num="1483" type="stmt" count="1"/>
      <line num="1485" type="stmt" count="1"/>
      <line num="1487" type="stmt" count="1"/>
      <line num="1488" type="stmt" count="1"/>
      <line num="1489" type="stmt" count="1"/>
      <line num="1490" type="stmt" count="1"/>
      <line num="1514" type="stmt" count="28"/>
      <line num="1516" type="stmt" count="27"/>
      <line num="1519" type="stmt" count="28"/>
      <line num="1521" type="stmt" count="27"/>
      <line num="1524" type="stmt" count="28"/>
      <line num="1529" type="stmt" count="0"/>
      <line num="1538" type="stmt" count="1"/>
      <line num="1539" type="stmt" count="1"/>
      <line num="1541" type="stmt" count="1"/>
      <line num="1543" type="stmt" count="1"/>
      <line num="1545" type="stmt" count="1"/>
      <line num="1547" type="stmt" count="1"/>
      <line num="1549" type="stmt" count="1"/>
      <line num="1551" type="stmt" count="1"/>
      <line num="1553" type="stmt" count="1"/>
      <line num="1555" type="stmt" count="1"/>
      <line num="1557" type="stmt" count="1"/>
      <line num="1558" type="stmt" count="1"/>
      <line num="1560" type="stmt" count="1"/>
      <line num="1562" type="stmt" count="1"/>
      <line num="1564" type="stmt" count="0"/>
      <line num="1567" type="stmt" count="1"/>
      <line num="1568" type="stmt" count="1"/>
      <line num="1572" type="stmt" count="1"/>
      <line num="1575" type="stmt" count="0"/>
      <line num="1577" type="stmt" count="0"/>
      <line num="1579" type="stmt" count="0"/>
      <line num="1580" type="stmt" count="0"/>
      <line num="1582" type="stmt" count="0"/>
      <line num="1583" type="stmt" count="0"/>
      <line num="1588" type="stmt" count="1"/>
      <line num="1590" type="stmt" count="1"/>
      <line num="1592" type="stmt" count="1"/>
      <line num="1594" type="stmt" count="1"/>
      <line num="1598" type="stmt" count="0"/>
      <line num="1601" type="stmt" count="1"/>
      <line num="1604" type="stmt" count="1"/>
      <line num="1606" type="stmt" count="1"/>
      <line num="1608" type="stmt" count="1"/>
      <line num="1609" type="stmt" count="1"/>
      <line num="1613" type="stmt" count="1"/>
      <line num="1614" type="stmt" count="1"/>
      <line num="1615" type="stmt" count="1"/>
      <line num="1617" type="stmt" count="1"/>
      <line num="1619" type="stmt" count="1"/>
      <line num="1623" type="stmt" count="1"/>
      <line num="1626" type="stmt" count="0"/>
      <line num="1628" type="stmt" count="1"/>
      <line num="1633" type="stmt" count="0"/>
      <line num="1635" type="stmt" count="0"/>
      <line num="1636" type="stmt" count="0"/>
      <line num="1640" type="stmt" count="0"/>
      <line num="1641" type="stmt" count="0"/>
      <line num="1644" type="stmt" count="0"/>
      <line num="1646" type="stmt" count="0"/>
      <line num="1648" type="stmt" count="0"/>
      <line num="1649" type="stmt" count="0"/>
      <line num="1652" type="stmt" count="0"/>
      <line num="1654" type="stmt" count="0"/>
      <line num="1658" type="stmt" count="0"/>
      <line num="1661" type="stmt" count="0"/>
      <line num="1663" type="stmt" count="0"/>
      <line num="1666" type="stmt" count="0"/>
      <line num="1667" type="stmt" count="0"/>
      <line num="1669" type="stmt" count="0"/>
      <line num="1671" type="stmt" count="0"/>
      <line num="1672" type="stmt" count="0"/>
      <line num="1675" type="stmt" count="0"/>
      <line num="1676" type="stmt" count="0"/>
      <line num="1679" type="stmt" count="1"/>
      <line num="1681" type="stmt" count="1"/>
      <line num="1686" type="stmt" count="0"/>
      <line num="1688" type="stmt" count="0"/>
      <line num="1689" type="stmt" count="0"/>
      <line num="1694" type="stmt" count="2"/>
      <line num="1696" type="stmt" count="2"/>
      <line num="1698" type="stmt" count="2"/>
      <line num="1700" type="stmt" count="2"/>
      <line num="1701" type="stmt" count="2"/>
      <line num="1702" type="stmt" count="2"/>
      <line num="1703" type="stmt" count="2"/>
      <line num="1705" type="stmt" count="2"/>
      <line num="1707" type="stmt" count="2"/>
      <line num="1709" type="stmt" count="0"/>
      <line num="1713" type="stmt" count="2"/>
      <line num="1716" type="stmt" count="2"/>
      <line num="1717" type="stmt" count="2"/>
      <line num="1718" type="stmt" count="2"/>
      <line num="1719" type="stmt" count="2"/>
      <line num="1724" type="stmt" count="1"/>
      <line num="1730" type="stmt" count="2"/>
      <line num="1732" type="stmt" count="2"/>
      <line num="1734" type="stmt" count="2"/>
      <line num="1736" type="stmt" count="2"/>
      <line num="1738" type="stmt" count="1"/>
      <line num="1740" type="stmt" count="1"/>
      <line num="1741" type="stmt" count="1"/>
      <line num="1743" type="stmt" count="1"/>
      <line num="1745" type="stmt" count="1"/>
      <line num="1747" type="stmt" count="1"/>
      <line num="1748" type="stmt" count="1"/>
      <line num="1753" type="stmt" count="2"/>
      <line num="1755" type="stmt" count="2"/>
      <line num="1756" type="stmt" count="2"/>
      <line num="1766" type="stmt" count="1"/>
      <line num="1768" type="stmt" count="1"/>
      <line num="1770" type="stmt" count="1"/>
      <line num="1772" type="stmt" count="1"/>
      <line num="1776" type="stmt" count="1"/>
      <line num="1778" type="stmt" count="1"/>
      <line num="1780" type="stmt" count="1"/>
      <line num="1797" type="stmt" count="0"/>
      <line num="1798" type="stmt" count="0"/>
      <line num="1799" type="stmt" count="0"/>
      <line num="1802" type="stmt" count="1"/>
      <line num="1805" type="stmt" count="1"/>
      <line num="1807" type="stmt" count="1"/>
      <line num="1811" type="stmt" count="0"/>
      <line num="1824" type="stmt" count="1"/>
      <line num="1826" type="stmt" count="1"/>
      <line num="1828" type="stmt" count="0"/>
      <line num="1830" type="stmt" count="0"/>
      <line num="1832" type="stmt" count="0"/>
      <line num="1835" type="stmt" count="1"/>
      <line num="1837" type="stmt" count="0"/>
      <line num="1840" type="stmt" count="1"/>
      <line num="1842" type="stmt" count="1"/>
      <line num="1847" type="stmt" count="1"/>
      <line num="1848" type="stmt" count="1"/>
      <line num="1850" type="stmt" count="1"/>
      <line num="1852" type="stmt" count="1"/>
      <line num="1855" type="stmt" count="1"/>
      <line num="1856" type="stmt" count="1"/>
      <line num="1859" type="stmt" count="1"/>
      <line num="1861" type="stmt" count="1"/>
      <line num="1863" type="stmt" count="1"/>
      <line num="1867" type="stmt" count="0"/>
      <line num="2360" type="stmt" count="1"/>
      <line num="2362" type="stmt" count="1"/>
      <line num="2363" type="stmt" count="1"/>
      <line num="2365" type="stmt" count="1"/>
      <line num="2368" type="stmt" count="1"/>
      <line num="2436" type="stmt" count="1"/>
      <line num="2437" type="stmt" count="1"/>
      <line num="2438" type="stmt" count="1"/>
      <line num="2439" type="stmt" count="1"/>
      <line num="2450" type="stmt" count="1"/>
      <line num="2451" type="stmt" count="1"/>
      <line num="2453" type="stmt" count="1"/>
      <line num="2455" type="stmt" count="1"/>
      <line num="2462" type="stmt" count="0"/>
      <line num="2463" type="stmt" count="0"/>
      <line num="2464" type="stmt" count="0"/>
      <line num="2466" type="stmt" count="0"/>
      <line num="2467" type="stmt" count="0"/>
      <line num="2480" type="stmt" count="4"/>
      <line num="2492" type="stmt" count="3"/>
      <line num="2493" type="stmt" count="3"/>
      <line num="2494" type="stmt" count="3"/>
      <line num="2495" type="stmt" count="3"/>
      <line num="2496" type="stmt" count="3"/>
      <line num="2497" type="stmt" count="3"/>
      <line num="2538" type="stmt" count="1"/>
      <line num="2539" type="stmt" count="1"/>
      <line num="2542" type="stmt" count="0"/>
      <line num="2549" type="stmt" count="1"/>
      <line num="2550" type="stmt" count="1"/>
      <line num="2551" type="stmt" count="1"/>
      <line num="2552" type="stmt" count="1"/>
      <line num="2553" type="stmt" count="1"/>
      <line num="2555" type="stmt" count="1"/>
      <line num="2557" type="stmt" count="1"/>
      <line num="2560" type="stmt" count="0"/>
      <line num="2562" type="stmt" count="0"/>
      <line num="2566" type="stmt" count="0"/>
      <line num="2567" type="stmt" count="0"/>
      <line num="2569" type="stmt" count="0"/>
      <line num="2570" type="stmt" count="0"/>
      <line num="2574" type="stmt" count="0"/>
      <line num="2575" type="stmt" count="0"/>
      <line num="2576" type="stmt" count="0"/>
      <line num="2577" type="stmt" count="0"/>
      <line num="2579" type="stmt" count="0"/>
      <line num="2582" type="stmt" count="0"/>
      <line num="2583" type="stmt" count="0"/>
      <line num="2585" type="stmt" count="0"/>
      <line num="2586" type="stmt" count="0"/>
      <line num="2588" type="stmt" count="0"/>
      <line num="2589" type="stmt" count="0"/>
      <line num="2593" type="stmt" count="0"/>
      <line num="2595" type="stmt" count="0"/>
      <line num="2597" type="stmt" count="0"/>
      <line num="2598" type="stmt" count="0"/>
      <line num="2602" type="stmt" count="0"/>
      <line num="2603" type="stmt" count="0"/>
      <line num="2605" type="stmt" count="0"/>
      <line num="2614" type="stmt" count="0"/>
      <line num="2616" type="stmt" count="0"/>
      <metrics loc="2806" ncloc="2520" classes="0" methods="0" coveredmethods="0" conditionals="0" coveredconditionals="0" statements="716" coveredstatements="589" elements="716" coveredelements="589"/>
    </file>
    <metrics files="7" loc="6020" ncloc="5560" classes="4" methods="63" coveredmethods="30" conditionals="0" coveredconditionals="0" statements="2147" coveredstatements="1752" elements="2210" coveredelements="1782"/>
  </project>
</coverage>
