<?xml version="1.0" encoding="UTF-8"?>
<testsuites>
  <testsuite name="" tests="164" assertions="460" errors="0" warnings="0" failures="0" skipped="0" time="8.309379">
    <testsuite name="unit" tests="164" assertions="460" errors="0" warnings="0" failures="0" skipped="0" time="8.309379">
      <testsuite name="Test_Instrumentation" file="/Applications/MAMP/htdocs/wordpressut/wp-content/plugins/razorpay-woocommerce/tests/phpunit/tests/test-instrumentation.php" tests="17" assertions="26" errors="0" warnings="0" failures="0" skipped="0" time="3.533039">
        <testcase name="testGetDefaultPropertiesWithTimeStamp" class="Test_Instrumentation" classname="Test_Instrumentation" file="/Applications/MAMP/htdocs/wordpressut/wp-content/plugins/razorpay-woocommerce/tests/phpunit/tests/test-instrumentation.php" line="253" assertions="7" time="0.027938"/>
        <testcase name="testTriggerValidationInstrumentation" class="Test_Instrumentation" classname="Test_Instrumentation" file="/Applications/MAMP/htdocs/wordpressut/wp-content/plugins/razorpay-woocommerce/tests/phpunit/tests/test-instrumentation.php" line="159" assertions="1" time="0.008186"/>
        <testcase name="testInstrumentationDataLake" class="Test_Instrumentation" classname="Test_Instrumentation" file="/Applications/MAMP/htdocs/wordpressut/wp-content/plugins/razorpay-woocommerce/tests/phpunit/tests/test-instrumentation.php" line="233" assertions="1" time="0.429857"/>
        <testcase name="testInstrumentationSegment" class="Test_Instrumentation" classname="Test_Instrumentation" file="/Applications/MAMP/htdocs/wordpressut/wp-content/plugins/razorpay-woocommerce/tests/phpunit/tests/test-instrumentation.php" line="213" assertions="1" time="0.008000"/>
        <testcase name="testInstrumentationPluginUpgraded" class="Test_Instrumentation" classname="Test_Instrumentation" file="/Applications/MAMP/htdocs/wordpressut/wp-content/plugins/razorpay-woocommerce/tests/phpunit/tests/test-instrumentation.php" line="202" assertions="1" time="0.337030"/>
        <testcase name="testHooks" class="Test_Instrumentation" classname="Test_Instrumentation" file="/Applications/MAMP/htdocs/wordpressut/wp-content/plugins/razorpay-woocommerce/tests/phpunit/tests/test-instrumentation.php" line="34" assertions="3" time="0.005064"/>
        <testcase name="testInstrmentationInvalidKeySecret" class="Test_Instrumentation" classname="Test_Instrumentation" file="/Applications/MAMP/htdocs/wordpressut/wp-content/plugins/razorpay-woocommerce/tests/phpunit/tests/test-instrumentation.php" line="44" assertions="1" time="0.005654"/>
        <testcase name="testNewTrackPluginInstrumentation" class="Test_Instrumentation" classname="Test_Instrumentation" file="/Applications/MAMP/htdocs/wordpressut/wp-content/plugins/razorpay-woocommerce/tests/phpunit/tests/test-instrumentation.php" line="152" assertions="1" time="0.005131"/>
        <testcase name="testInstrumentationPluginActivated" class="Test_Instrumentation" classname="Test_Instrumentation" file="/Applications/MAMP/htdocs/wordpressut/wp-content/plugins/razorpay-woocommerce/tests/phpunit/tests/test-instrumentation.php" line="177" assertions="1" time="0.328864"/>
        <testcase name="testInstrumentationPluginDeactivated" class="Test_Instrumentation" classname="Test_Instrumentation" file="/Applications/MAMP/htdocs/wordpressut/wp-content/plugins/razorpay-woocommerce/tests/phpunit/tests/test-instrumentation.php" line="191" assertions="1" time="0.341416"/>
        <testcase name="testInstrumentationSavingAuthDetailsAndPluginEnableAndPluginEnabled" class="Test_Instrumentation" classname="Test_Instrumentation" file="/Applications/MAMP/htdocs/wordpressut/wp-content/plugins/razorpay-woocommerce/tests/phpunit/tests/test-instrumentation.php" line="55" assertions="0" time="0.704725"/>
        <testcase name="testInstrumentationUpdatingAuthDetailsAndPluginDisabled" class="Test_Instrumentation" classname="Test_Instrumentation" file="/Applications/MAMP/htdocs/wordpressut/wp-content/plugins/razorpay-woocommerce/tests/phpunit/tests/test-instrumentation.php" line="115" assertions="0" time="0.639066"/>
        <testcase name="testExistingVersion" class="Test_Instrumentation" classname="Test_Instrumentation" file="/Applications/MAMP/htdocs/wordpressut/wp-content/plugins/razorpay-woocommerce/tests/phpunit/tests/test-instrumentation.php" line="84" assertions="0" time="0.673308"/>
        <testcase name="testInstrumentationSegmentEmptyEvent" class="Test_Instrumentation" classname="Test_Instrumentation" file="/Applications/MAMP/htdocs/wordpressut/wp-content/plugins/razorpay-woocommerce/tests/phpunit/tests/test-instrumentation.php" line="219" assertions="2" time="0.005477"/>
        <testcase name="testInstrumentationSegmentEmptyProperties" class="Test_Instrumentation" classname="Test_Instrumentation" file="/Applications/MAMP/htdocs/wordpressut/wp-content/plugins/razorpay-woocommerce/tests/phpunit/tests/test-instrumentation.php" line="226" assertions="2" time="0.005073"/>
        <testcase name="testInstrumentationDataLakeEmptyEvent" class="Test_Instrumentation" classname="Test_Instrumentation" file="/Applications/MAMP/htdocs/wordpressut/wp-content/plugins/razorpay-woocommerce/tests/phpunit/tests/test-instrumentation.php" line="239" assertions="2" time="0.004273"/>
        <testcase name="testInstrumentationDataLakeEmptyProperties" class="Test_Instrumentation" classname="Test_Instrumentation" file="/Applications/MAMP/htdocs/wordpressut/wp-content/plugins/razorpay-woocommerce/tests/phpunit/tests/test-instrumentation.php" line="246" assertions="2" time="0.003978"/>
      </testsuite>
      <testsuite name="Test_OrderMethods" file="/Applications/MAMP/htdocs/wordpressut/wp-content/plugins/razorpay-woocommerce/tests/phpunit/tests/test-order-methods.php" tests="15" assertions="43" errors="0" warnings="0" failures="0" skipped="0" time="1.242158">
        <testcase name="testProcessRefund" class="Test_OrderMethods" classname="Test_OrderMethods" file="/Applications/MAMP/htdocs/wordpressut/wp-content/plugins/razorpay-woocommerce/tests/phpunit/tests/test-order-methods.php" line="300" assertions="1" time="0.114087"/>
        <testcase name="testgetVersionMetaInfo" class="Test_OrderMethods" classname="Test_OrderMethods" file="/Applications/MAMP/htdocs/wordpressut/wp-content/plugins/razorpay-woocommerce/tests/phpunit/tests/test-order-methods.php" line="318" assertions="4" time="0.008517"/>
        <testcase name="testgetVersionMetaInfoSubscription" class="Test_OrderMethods" classname="Test_OrderMethods" file="/Applications/MAMP/htdocs/wordpressut/wp-content/plugins/razorpay-woocommerce/tests/phpunit/tests/test-order-methods.php" line="333" assertions="5" time="0.010213"/>
        <testcase name="testwoocommerce_razorpay_init" class="Test_OrderMethods" classname="Test_OrderMethods" file="/Applications/MAMP/htdocs/wordpressut/wp-content/plugins/razorpay-woocommerce/tests/phpunit/tests/test-order-methods.php" line="295" assertions="1" time="0.005868"/>
        <testcase name="testhandleErrorCase" class="Test_OrderMethods" classname="Test_OrderMethods" file="/Applications/MAMP/htdocs/wordpressut/wp-content/plugins/razorpay-woocommerce/tests/phpunit/tests/test-order-methods.php" line="276" assertions="2" time="0.076088"/>
        <testcase name="testgetCustomOrdercreationMessage" class="Test_OrderMethods" classname="Test_OrderMethods" file="/Applications/MAMP/htdocs/wordpressut/wp-content/plugins/razorpay-woocommerce/tests/phpunit/tests/test-order-methods.php" line="85" assertions="1" time="0.075761"/>
        <testcase name="testgetRazorpayPaymentParamsRzpidnull" class="Test_OrderMethods" classname="Test_OrderMethods" file="/Applications/MAMP/htdocs/wordpressut/wp-content/plugins/razorpay-woocommerce/tests/phpunit/tests/test-order-methods.php" line="56" assertions="1" time="0.075942"/>
        <testcase name="testgetRazorpayPaymentParams" class="Test_OrderMethods" classname="Test_OrderMethods" file="/Applications/MAMP/htdocs/wordpressut/wp-content/plugins/razorpay-woocommerce/tests/phpunit/tests/test-order-methods.php" line="34" assertions="2" time="0.077188"/>
        <testcase name="testgetDefaultCheckoutArguments" class="Test_OrderMethods" classname="Test_OrderMethods" file="/Applications/MAMP/htdocs/wordpressut/wp-content/plugins/razorpay-woocommerce/tests/phpunit/tests/test-order-methods.php" line="113" assertions="7" time="0.104523"/>
        <testcase name="testupdateUserAddressInfo" class="Test_OrderMethods" classname="Test_OrderMethods" file="/Applications/MAMP/htdocs/wordpressut/wp-content/plugins/razorpay-woocommerce/tests/phpunit/tests/test-order-methods.php" line="222" assertions="9" time="0.161987"/>
        <testcase name="testUpdateOrder" class="Test_OrderMethods" classname="Test_OrderMethods" file="/Applications/MAMP/htdocs/wordpressut/wp-content/plugins/razorpay-woocommerce/tests/phpunit/tests/test-order-methods.php" line="193" assertions="4" time="0.360105"/>
        <testcase name="testgetCustomOrdercreationMessagedefaultmessage" class="Test_OrderMethods" classname="Test_OrderMethods" file="/Applications/MAMP/htdocs/wordpressut/wp-content/plugins/razorpay-woocommerce/tests/phpunit/tests/test-order-methods.php" line="100" assertions="1" time="0.075997"/>
        <testcase name="testrazorpay_woo_plugin_links" class="Test_OrderMethods" classname="Test_OrderMethods" file="/Applications/MAMP/htdocs/wordpressut/wp-content/plugins/razorpay-woocommerce/tests/phpunit/tests/test-order-methods.php" line="350" assertions="3" time="0.006584"/>
        <testcase name="testwoocommerce_razorpay_inithasAction" class="Test_OrderMethods" classname="Test_OrderMethods" file="/Applications/MAMP/htdocs/wordpressut/wp-content/plugins/razorpay-woocommerce/tests/phpunit/tests/test-order-methods.php" line="361" assertions="1" time="0.005487"/>
        <testcase name="testcheck_razorpay_response" class="Test_OrderMethods" classname="Test_OrderMethods" file="/Applications/MAMP/htdocs/wordpressut/wp-content/plugins/razorpay-woocommerce/tests/phpunit/tests/test-order-methods.php" line="368" assertions="1" time="0.083812"/>
      </testsuite>
      <testsuite name="Test_RzpRoute" file="/Applications/MAMP/htdocs/wordpressut/wp-content/plugins/razorpay-woocommerce/tests/phpunit/tests/test-razorpay-route.php" tests="35" assertions="154" errors="0" warnings="0" failures="0" skipped="0" time="0.147078">
        <testcase name="testgetItems" class="Test_RzpRoute" classname="Test_RzpRoute" file="/Applications/MAMP/htdocs/wordpressut/wp-content/plugins/razorpay-woocommerce/tests/phpunit/tests/test-razorpay-route.php" line="310" assertions="8" time="0.007752"/>
        <testcase name="testgetReversalItems" class="Test_RzpRoute" classname="Test_RzpRoute" file="/Applications/MAMP/htdocs/wordpressut/wp-content/plugins/razorpay-woocommerce/tests/phpunit/tests/test-razorpay-route.php" line="591" assertions="4" time="0.002332"/>
        <testcase name="testgetPaymentItems" class="Test_RzpRoute" classname="Test_RzpRoute" file="/Applications/MAMP/htdocs/wordpressut/wp-content/plugins/razorpay-woocommerce/tests/phpunit/tests/test-razorpay-route.php" line="700" assertions="7" time="0.002919"/>
        <testcase name="testrzpTransferDetailsOnholdwithoutsettlementid" class="Test_RzpRoute" classname="Test_RzpRoute" file="/Applications/MAMP/htdocs/wordpressut/wp-content/plugins/razorpay-woocommerce/tests/phpunit/tests/test-razorpay-route.php" line="408" assertions="2" time="0.004189"/>
        <testcase name="testrzpTransferDetailsStatusComplete" class="Test_RzpRoute" classname="Test_RzpRoute" file="/Applications/MAMP/htdocs/wordpressut/wp-content/plugins/razorpay-woocommerce/tests/phpunit/tests/test-razorpay-route.php" line="446" assertions="1" time="0.004568"/>
        <testcase name="testrzpPaymentDetails" class="Test_RzpRoute" classname="Test_RzpRoute" file="/Applications/MAMP/htdocs/wordpressut/wp-content/plugins/razorpay-woocommerce/tests/phpunit/tests/test-razorpay-route.php" line="861" assertions="3" time="0.004130"/>
        <testcase name="testrzpTransferDetails" class="Test_RzpRoute" classname="Test_RzpRoute" file="/Applications/MAMP/htdocs/wordpressut/wp-content/plugins/razorpay-woocommerce/tests/phpunit/tests/test-razorpay-route.php" line="336" assertions="18" time="0.004311"/>
        <testcase name="testrzpTransferDetailsOnholdwithholdunit" class="Test_RzpRoute" classname="Test_RzpRoute" file="/Applications/MAMP/htdocs/wordpressut/wp-content/plugins/razorpay-woocommerce/tests/phpunit/tests/test-razorpay-route.php" line="388" assertions="2" time="0.004314"/>
        <testcase name="testrzpTransferDetailsWithoutSettlementStatus" class="Test_RzpRoute" classname="Test_RzpRoute" file="/Applications/MAMP/htdocs/wordpressut/wp-content/plugins/razorpay-woocommerce/tests/phpunit/tests/test-razorpay-route.php" line="428" assertions="1" time="0.003663"/>
        <testcase name="testrzpAddPluginPage" class="Test_RzpRoute" classname="Test_RzpRoute" file="/Applications/MAMP/htdocs/wordpressut/wp-content/plugins/razorpay-woocommerce/tests/phpunit/tests/test-razorpay-route.php" line="109" assertions="6" time="0.004252"/>
        <testcase name="testrzpSettlementTransfers" class="Test_RzpRoute" classname="Test_RzpRoute" file="/Applications/MAMP/htdocs/wordpressut/wp-content/plugins/razorpay-woocommerce/tests/phpunit/tests/test-razorpay-route.php" line="724" assertions="7" time="0.002568"/>
        <testcase name="testrouteHeaderrazorpayRouteWoocommerce" class="Test_RzpRoute" classname="Test_RzpRoute" file="/Applications/MAMP/htdocs/wordpressut/wp-content/plugins/razorpay-woocommerce/tests/phpunit/tests/test-razorpay-route.php" line="464" assertions="3" time="0.002689"/>
        <testcase name="testrouteHeaderrazorpayRoutePayments" class="Test_RzpRoute" classname="Test_RzpRoute" file="/Applications/MAMP/htdocs/wordpressut/wp-content/plugins/razorpay-woocommerce/tests/phpunit/tests/test-razorpay-route.php" line="480" assertions="3" time="0.002348"/>
        <testcase name="testrouteHeaderrazorpayRouteReversals" class="Test_RzpRoute" classname="Test_RzpRoute" file="/Applications/MAMP/htdocs/wordpressut/wp-content/plugins/razorpay-woocommerce/tests/phpunit/tests/test-razorpay-route.php" line="496" assertions="3" time="0.002170"/>
        <testcase name="testprepareReversalItems" class="Test_RzpRoute" classname="Test_RzpRoute" file="/Applications/MAMP/htdocs/wordpressut/wp-content/plugins/razorpay-woocommerce/tests/phpunit/tests/test-razorpay-route.php" line="532" assertions="1" time="0.002851"/>
        <testcase name="testrzpRoutePayments" class="Test_RzpRoute" classname="Test_RzpRoute" file="/Applications/MAMP/htdocs/wordpressut/wp-content/plugins/razorpay-woocommerce/tests/phpunit/tests/test-razorpay-route.php" line="609" assertions="3" time="0.002786"/>
        <testcase name="testgetPaymentColumns" class="Test_RzpRoute" classname="Test_RzpRoute" file="/Applications/MAMP/htdocs/wordpressut/wp-content/plugins/razorpay-woocommerce/tests/phpunit/tests/test-razorpay-route.php" line="681" assertions="7" time="0.002483"/>
        <testcase name="testtransferDataTab" class="Test_RzpRoute" classname="Test_RzpRoute" file="/Applications/MAMP/htdocs/wordpressut/wp-content/plugins/razorpay-woocommerce/tests/phpunit/tests/test-razorpay-route.php" line="795" assertions="3" time="0.002902"/>
        <testcase name="testpaymentTransferMetaBox" class="Test_RzpRoute" classname="Test_RzpRoute" file="/Applications/MAMP/htdocs/wordpressut/wp-content/plugins/razorpay-woocommerce/tests/phpunit/tests/test-razorpay-route.php" line="823" assertions="2" time="0.002603"/>
        <testcase name="testprepareItemsnoOffset" class="Test_RzpRoute" classname="Test_RzpRoute" file="/Applications/MAMP/htdocs/wordpressut/wp-content/plugins/razorpay-woocommerce/tests/phpunit/tests/test-razorpay-route.php" line="282" assertions="1" time="0.002642"/>
        <testcase name="testrzpTransferReversals" class="Test_RzpRoute" classname="Test_RzpRoute" file="/Applications/MAMP/htdocs/wordpressut/wp-content/plugins/razorpay-woocommerce/tests/phpunit/tests/test-razorpay-route.php" line="512" assertions="3" time="0.003719"/>
        <testcase name="testprepareReversalItemswithoutOffet" class="Test_RzpRoute" classname="Test_RzpRoute" file="/Applications/MAMP/htdocs/wordpressut/wp-content/plugins/razorpay-woocommerce/tests/phpunit/tests/test-razorpay-route.php" line="554" assertions="1" time="0.002597"/>
        <testcase name="testgetReversalColumns" class="Test_RzpRoute" classname="Test_RzpRoute" file="/Applications/MAMP/htdocs/wordpressut/wp-content/plugins/razorpay-woocommerce/tests/phpunit/tests/test-razorpay-route.php" line="578" assertions="4" time="0.002194"/>
        <testcase name="testpreparePaymentItems" class="Test_RzpRoute" classname="Test_RzpRoute" file="/Applications/MAMP/htdocs/wordpressut/wp-content/plugins/razorpay-woocommerce/tests/phpunit/tests/test-razorpay-route.php" line="631" assertions="1" time="0.003508"/>
        <testcase name="testpreparePaymentItemswithouroffset" class="Test_RzpRoute" classname="Test_RzpRoute" file="/Applications/MAMP/htdocs/wordpressut/wp-content/plugins/razorpay-woocommerce/tests/phpunit/tests/test-razorpay-route.php" line="655" assertions="1" time="0.002690"/>
        <testcase name="testadminEnqueueScriptsFunc" class="Test_RzpRoute" classname="Test_RzpRoute" file="/Applications/MAMP/htdocs/wordpressut/wp-content/plugins/razorpay-woocommerce/tests/phpunit/tests/test-razorpay-route.php" line="776" assertions="7" time="0.002567"/>
        <testcase name="testget_columns" class="Test_RzpRoute" classname="Test_RzpRoute" file="/Applications/MAMP/htdocs/wordpressut/wp-content/plugins/razorpay-woocommerce/tests/phpunit/tests/test-razorpay-route.php" line="174" assertions="8" time="0.002874"/>
        <testcase name="testcolumn_default" class="Test_RzpRoute" classname="Test_RzpRoute" file="/Applications/MAMP/htdocs/wordpressut/wp-content/plugins/razorpay-woocommerce/tests/phpunit/tests/test-razorpay-route.php" line="195" assertions="18" time="0.002724"/>
        <testcase name="testprepareItems" class="Test_RzpRoute" classname="Test_RzpRoute" file="/Applications/MAMP/htdocs/wordpressut/wp-content/plugins/razorpay-woocommerce/tests/phpunit/tests/test-razorpay-route.php" line="254" assertions="1" time="0.002591"/>
        <testcase name="testaddRouteModuleSettingFields" class="Test_RzpRoute" classname="Test_RzpRoute" file="/Applications/MAMP/htdocs/wordpressut/wp-content/plugins/razorpay-woocommerce/tests/phpunit/tests/test-razorpay-route.php" line="56" assertions="5" time="0.006391"/>
        <testcase name="testrzpTransfers" class="Test_RzpRoute" classname="Test_RzpRoute" file="/Applications/MAMP/htdocs/wordpressut/wp-content/plugins/razorpay-woocommerce/tests/phpunit/tests/test-razorpay-route.php" line="138" assertions="8" time="0.004463"/>
        <testcase name="testrazorpayRouteModule" class="Test_RzpRoute" classname="Test_RzpRoute" file="/Applications/MAMP/htdocs/wordpressut/wp-content/plugins/razorpay-woocommerce/tests/phpunit/tests/test-razorpay-route.php" line="90" assertions="6" time="0.004947"/>
        <testcase name="testcheckDirectTransferFeature" class="Test_RzpRoute" classname="Test_RzpRoute" file="/Applications/MAMP/htdocs/wordpressut/wp-content/plugins/razorpay-woocommerce/tests/phpunit/tests/test-razorpay-route.php" line="755" assertions="1" time="0.007772"/>
        <testcase name="testwoocommerce_process_transfer_meta_fields_save" class="Test_RzpRoute" classname="Test_RzpRoute" file="/Applications/MAMP/htdocs/wordpressut/wp-content/plugins/razorpay-woocommerce/tests/phpunit/tests/test-razorpay-route.php" line="806" assertions="4" time="0.014298"/>
        <testcase name="testrenderPaymentMetaBox" class="Test_RzpRoute" classname="Test_RzpRoute" file="/Applications/MAMP/htdocs/wordpressut/wp-content/plugins/razorpay-woocommerce/tests/phpunit/tests/test-razorpay-route.php" line="832" assertions="1" time="0.015273"/>
      </testsuite>
      <testsuite name="Test_Webhook" file="/Applications/MAMP/htdocs/wordpressut/wp-content/plugins/razorpay-woocommerce/tests/phpunit/tests/test-webhookinit.php" tests="25" assertions="36" errors="0" warnings="0" failures="0" skipped="0" time="1.399259">
        <testcase name="testvirtualAccountCredited" class="Test_Webhook" classname="Test_Webhook" file="/Applications/MAMP/htdocs/wordpressut/wp-content/plugins/razorpay-woocommerce/tests/phpunit/tests/test-webhookinit.php" line="491" assertions="1" time="0.070106"/>
        <testcase name="testrefundednotCreated" class="Test_Webhook" classname="Test_Webhook" file="/Applications/MAMP/htdocs/wordpressut/wp-content/plugins/razorpay-woocommerce/tests/phpunit/tests/test-webhookinit.php" line="551" assertions="1" time="0.070183"/>
        <testcase name="testgetPaymentEntity" class="Test_Webhook" classname="Test_Webhook" file="/Applications/MAMP/htdocs/wordpressut/wp-content/plugins/razorpay-woocommerce/tests/phpunit/tests/test-webhookinit.php" line="414" assertions="1" time="0.068952"/>
        <testcase name="testrefundedCreated" class="Test_Webhook" classname="Test_Webhook" file="/Applications/MAMP/htdocs/wordpressut/wp-content/plugins/razorpay-woocommerce/tests/phpunit/tests/test-webhookinit.php" line="520" assertions="2" time="0.081658"/>
        <testcase name="testprocessshouldntconsumewebhook" class="Test_Webhook" classname="Test_Webhook" file="/Applications/MAMP/htdocs/wordpressut/wp-content/plugins/razorpay-woocommerce/tests/phpunit/tests/test-webhookinit.php" line="46" assertions="1" time="0.062894"/>
        <testcase name="testprocesswebhooksecret" class="Test_Webhook" classname="Test_Webhook" file="/Applications/MAMP/htdocs/wordpressut/wp-content/plugins/razorpay-woocommerce/tests/phpunit/tests/test-webhookinit.php" line="63" assertions="1" time="0.071178"/>
        <testcase name="testprocesspaymentpending" class="Test_Webhook" classname="Test_Webhook" file="/Applications/MAMP/htdocs/wordpressut/wp-content/plugins/razorpay-woocommerce/tests/phpunit/tests/test-webhookinit.php" line="183" assertions="1" time="0.075848"/>
        <testcase name="testpaymentAuthorized" class="Test_Webhook" classname="Test_Webhook" file="/Applications/MAMP/htdocs/wordpressut/wp-content/plugins/razorpay-woocommerce/tests/phpunit/tests/test-webhookinit.php" line="429" assertions="2" time="0.067978"/>
        <testcase name="testprocesspaymentAuthorized" class="Test_Webhook" classname="Test_Webhook" file="/Applications/MAMP/htdocs/wordpressut/wp-content/plugins/razorpay-woocommerce/tests/phpunit/tests/test-webhookinit.php" line="84" assertions="1" time="0.075002"/>
        <testcase name="testprocesspaymentfailed" class="Test_Webhook" classname="Test_Webhook" file="/Applications/MAMP/htdocs/wordpressut/wp-content/plugins/razorpay-woocommerce/tests/phpunit/tests/test-webhookinit.php" line="150" assertions="1" time="0.078967"/>
        <testcase name="testpaymentPending" class="Test_Webhook" classname="Test_Webhook" file="/Applications/MAMP/htdocs/wordpressut/wp-content/plugins/razorpay-woocommerce/tests/phpunit/tests/test-webhookinit.php" line="460" assertions="2" time="0.076860"/>
        <testcase name="testprocesssubscriptionCharged" class="Test_Webhook" classname="Test_Webhook" file="/Applications/MAMP/htdocs/wordpressut/wp-content/plugins/razorpay-woocommerce/tests/phpunit/tests/test-webhookinit.php" line="249" assertions="1" time="0.084223"/>
        <testcase name="testprocesssubscriptionpaused" class="Test_Webhook" classname="Test_Webhook" file="/Applications/MAMP/htdocs/wordpressut/wp-content/plugins/razorpay-woocommerce/tests/phpunit/tests/test-webhookinit.php" line="117" assertions="1" time="0.079281"/>
        <testcase name="testprocesssubscriptionCancelled" class="Test_Webhook" classname="Test_Webhook" file="/Applications/MAMP/htdocs/wordpressut/wp-content/plugins/razorpay-woocommerce/tests/phpunit/tests/test-webhookinit.php" line="216" assertions="1" time="0.080693"/>
        <testcase name="testprocesssubscriptionResumed" class="Test_Webhook" classname="Test_Webhook" file="/Applications/MAMP/htdocs/wordpressut/wp-content/plugins/razorpay-woocommerce/tests/phpunit/tests/test-webhookinit.php" line="282" assertions="1" time="0.083235"/>
        <testcase name="testprocess" class="Test_Webhook" classname="Test_Webhook" file="/Applications/MAMP/htdocs/wordpressut/wp-content/plugins/razorpay-woocommerce/tests/phpunit/tests/test-webhookinit.php" line="39" assertions="1" time="0.002951"/>
        <testcase name="testWebhookConstants" class="Test_Webhook" classname="Test_Webhook" file="/Applications/MAMP/htdocs/wordpressut/wp-content/plugins/razorpay-woocommerce/tests/phpunit/tests/test-webhookinit.php" line="315" assertions="8" time="0.002772"/>
        <testcase name="testPaymentFailed" class="Test_Webhook" classname="Test_Webhook" file="/Applications/MAMP/htdocs/wordpressut/wp-content/plugins/razorpay-woocommerce/tests/phpunit/tests/test-webhookinit.php" line="335" assertions="1" time="0.002711"/>
        <testcase name="testsubscriptionCancelled" class="Test_Webhook" classname="Test_Webhook" file="/Applications/MAMP/htdocs/wordpressut/wp-content/plugins/razorpay-woocommerce/tests/phpunit/tests/test-webhookinit.php" line="342" assertions="1" time="0.002472"/>
        <testcase name="testsubscriptionPaused" class="Test_Webhook" classname="Test_Webhook" file="/Applications/MAMP/htdocs/wordpressut/wp-content/plugins/razorpay-woocommerce/tests/phpunit/tests/test-webhookinit.php" line="349" assertions="1" time="0.002386"/>
        <testcase name="testsubscriptionResumed" class="Test_Webhook" classname="Test_Webhook" file="/Applications/MAMP/htdocs/wordpressut/wp-content/plugins/razorpay-woocommerce/tests/phpunit/tests/test-webhookinit.php" line="356" assertions="1" time="0.002672"/>
        <testcase name="testsubscriptionCharged" class="Test_Webhook" classname="Test_Webhook" file="/Applications/MAMP/htdocs/wordpressut/wp-content/plugins/razorpay-woocommerce/tests/phpunit/tests/test-webhookinit.php" line="363" assertions="1" time="0.002367"/>
        <testcase name="testshouldConsumWebhook" class="Test_Webhook" classname="Test_Webhook" file="/Applications/MAMP/htdocs/wordpressut/wp-content/plugins/razorpay-woocommerce/tests/phpunit/tests/test-webhookinit.php" line="371" assertions="1" time="0.070626"/>
        <testcase name="testgetOrderAmountAsInteger" class="Test_Webhook" classname="Test_Webhook" file="/Applications/MAMP/htdocs/wordpressut/wp-content/plugins/razorpay-woocommerce/tests/phpunit/tests/test-webhookinit.php" line="384" assertions="1" time="0.076356"/>
        <testcase name="testcheckisobject" class="Test_Webhook" classname="Test_Webhook" file="/Applications/MAMP/htdocs/wordpressut/wp-content/plugins/razorpay-woocommerce/tests/phpunit/tests/test-webhookinit.php" line="397" assertions="2" time="0.106889"/>
      </testsuite>
      <testsuite name="Test_AfdWidget" file="/Applications/MAMP/htdocs/wordpressut/wp-content/plugins/razorpay-woocommerce/tests/phpunit/tests/test-affordabilitywidget.php" tests="36" assertions="69" errors="0" warnings="0" failures="0" skipped="0" time="0.370483">
        <testcase name="testgetCardlessEmiOptionYes" class="Test_AfdWidget" classname="Test_AfdWidget" file="/Applications/MAMP/htdocs/wordpressut/wp-content/plugins/razorpay-woocommerce/tests/phpunit/tests/test-affordabilitywidget.php" line="312" assertions="1" time="0.003018"/>
        <testcase name="testgetEmiOptionYes" class="Test_AfdWidget" classname="Test_AfdWidget" file="/Applications/MAMP/htdocs/wordpressut/wp-content/plugins/razorpay-woocommerce/tests/phpunit/tests/test-affordabilitywidget.php" line="343" assertions="1" time="0.002528"/>
        <testcase name="testgetOffersOptionYes" class="Test_AfdWidget" classname="Test_AfdWidget" file="/Applications/MAMP/htdocs/wordpressut/wp-content/plugins/razorpay-woocommerce/tests/phpunit/tests/test-affordabilitywidget.php" line="365" assertions="1" time="0.002023"/>
        <testcase name="testgetPayLaterOptionYes" class="Test_AfdWidget" classname="Test_AfdWidget" file="/Applications/MAMP/htdocs/wordpressut/wp-content/plugins/razorpay-woocommerce/tests/phpunit/tests/test-affordabilitywidget.php" line="281" assertions="1" time="0.003450"/>
        <testcase name="testgetFooterDarkLogo" class="Test_AfdWidget" classname="Test_AfdWidget" file="/Applications/MAMP/htdocs/wordpressut/wp-content/plugins/razorpay-woocommerce/tests/phpunit/tests/test-affordabilitywidget.php" line="267" assertions="1" time="0.000938"/>
        <testcase name="testgetThemeColor" class="Test_AfdWidget" classname="Test_AfdWidget" file="/Applications/MAMP/htdocs/wordpressut/wp-content/plugins/razorpay-woocommerce/tests/phpunit/tests/test-affordabilitywidget.php" line="97" assertions="1" time="0.000866"/>
        <testcase name="testgetHeadingColor" class="Test_AfdWidget" classname="Test_AfdWidget" file="/Applications/MAMP/htdocs/wordpressut/wp-content/plugins/razorpay-woocommerce/tests/phpunit/tests/test-affordabilitywidget.php" line="104" assertions="1" time="0.000762"/>
        <testcase name="testgetHeadingFontSize" class="Test_AfdWidget" classname="Test_AfdWidget" file="/Applications/MAMP/htdocs/wordpressut/wp-content/plugins/razorpay-woocommerce/tests/phpunit/tests/test-affordabilitywidget.php" line="111" assertions="1" time="0.000860"/>
        <testcase name="testgetContentColor" class="Test_AfdWidget" classname="Test_AfdWidget" file="/Applications/MAMP/htdocs/wordpressut/wp-content/plugins/razorpay-woocommerce/tests/phpunit/tests/test-affordabilitywidget.php" line="118" assertions="1" time="0.001078"/>
        <testcase name="testgetContentFontSize" class="Test_AfdWidget" classname="Test_AfdWidget" file="/Applications/MAMP/htdocs/wordpressut/wp-content/plugins/razorpay-woocommerce/tests/phpunit/tests/test-affordabilitywidget.php" line="125" assertions="1" time="0.000821"/>
        <testcase name="testgetLinkColor" class="Test_AfdWidget" classname="Test_AfdWidget" file="/Applications/MAMP/htdocs/wordpressut/wp-content/plugins/razorpay-woocommerce/tests/phpunit/tests/test-affordabilitywidget.php" line="132" assertions="1" time="0.000746"/>
        <testcase name="testgetLinkFontSize" class="Test_AfdWidget" classname="Test_AfdWidget" file="/Applications/MAMP/htdocs/wordpressut/wp-content/plugins/razorpay-woocommerce/tests/phpunit/tests/test-affordabilitywidget.php" line="139" assertions="1" time="0.000767"/>
        <testcase name="testgetFooterColor" class="Test_AfdWidget" classname="Test_AfdWidget" file="/Applications/MAMP/htdocs/wordpressut/wp-content/plugins/razorpay-woocommerce/tests/phpunit/tests/test-affordabilitywidget.php" line="146" assertions="1" time="0.000753"/>
        <testcase name="testgetFooterFontSize" class="Test_AfdWidget" classname="Test_AfdWidget" file="/Applications/MAMP/htdocs/wordpressut/wp-content/plugins/razorpay-woocommerce/tests/phpunit/tests/test-affordabilitywidget.php" line="153" assertions="1" time="0.001284"/>
        <testcase name="testgetCustomisation" class="Test_AfdWidget" classname="Test_AfdWidget" file="/Applications/MAMP/htdocs/wordpressut/wp-content/plugins/razorpay-woocommerce/tests/phpunit/tests/test-affordabilitywidget.php" line="160" assertions="1" time="0.001235"/>
        <testcase name="testaddSubSection" class="Test_AfdWidget" classname="Test_AfdWidget" file="/Applications/MAMP/htdocs/wordpressut/wp-content/plugins/razorpay-woocommerce/tests/phpunit/tests/test-affordabilitywidget.php" line="201" assertions="4" time="0.001200"/>
        <testcase name="testisAffordabilityWidgetTestModeEnabledNo" class="Test_AfdWidget" classname="Test_AfdWidget" file="/Applications/MAMP/htdocs/wordpressut/wp-content/plugins/razorpay-woocommerce/tests/phpunit/tests/test-affordabilitywidget.php" line="231" assertions="1" time="0.001489"/>
        <testcase name="testisAffordabilityWidgetTestModeNotEnabled" class="Test_AfdWidget" classname="Test_AfdWidget" file="/Applications/MAMP/htdocs/wordpressut/wp-content/plugins/razorpay-woocommerce/tests/phpunit/tests/test-affordabilitywidget.php" line="238" assertions="1" time="0.001525"/>
        <testcase name="testisEnabledwithoutfeature" class="Test_AfdWidget" classname="Test_AfdWidget" file="/Applications/MAMP/htdocs/wordpressut/wp-content/plugins/razorpay-woocommerce/tests/phpunit/tests/test-affordabilitywidget.php" line="262" assertions="1" time="0.000496"/>
        <testcase name="testgetOfferswithOfferId" class="Test_AfdWidget" classname="Test_AfdWidget" file="/Applications/MAMP/htdocs/wordpressut/wp-content/plugins/razorpay-woocommerce/tests/phpunit/tests/test-affordabilitywidget.php" line="374" assertions="2" time="0.001526"/>
        <testcase name="testgetKeyID" class="Test_AfdWidget" classname="Test_AfdWidget" file="/Applications/MAMP/htdocs/wordpressut/wp-content/plugins/razorpay-woocommerce/tests/phpunit/tests/test-affordabilitywidget.php" line="169" assertions="1" time="0.001853"/>
        <testcase name="testisAffordabilityWidgetTestModeEnabledYes" class="Test_AfdWidget" classname="Test_AfdWidget" file="/Applications/MAMP/htdocs/wordpressut/wp-content/plugins/razorpay-woocommerce/tests/phpunit/tests/test-affordabilitywidget.php" line="224" assertions="1" time="0.001141"/>
        <testcase name="testisEnabledNo" class="Test_AfdWidget" classname="Test_AfdWidget" file="/Applications/MAMP/htdocs/wordpressut/wp-content/plugins/razorpay-woocommerce/tests/phpunit/tests/test-affordabilitywidget.php" line="253" assertions="1" time="0.002357"/>
        <testcase name="testgetPayLaterOptionNo" class="Test_AfdWidget" classname="Test_AfdWidget" file="/Applications/MAMP/htdocs/wordpressut/wp-content/plugins/razorpay-woocommerce/tests/phpunit/tests/test-affordabilitywidget.php" line="272" assertions="1" time="0.002195"/>
        <testcase name="testgetCardlessEmiOptionNo" class="Test_AfdWidget" classname="Test_AfdWidget" file="/Applications/MAMP/htdocs/wordpressut/wp-content/plugins/razorpay-woocommerce/tests/phpunit/tests/test-affordabilitywidget.php" line="303" assertions="1" time="0.002244"/>
        <testcase name="testgetAdditionalOffers" class="Test_AfdWidget" classname="Test_AfdWidget" file="/Applications/MAMP/htdocs/wordpressut/wp-content/plugins/razorpay-woocommerce/tests/phpunit/tests/test-affordabilitywidget.php" line="387" assertions="2" time="0.001584"/>
        <testcase name="testgetAffordabilityWidgetSettings" class="Test_AfdWidget" classname="Test_AfdWidget" file="/Applications/MAMP/htdocs/wordpressut/wp-content/plugins/razorpay-woocommerce/tests/phpunit/tests/test-affordabilitywidget.php" line="398" assertions="24" time="0.002079"/>
        <testcase name="testgetPayLaterOptionwithProvider" class="Test_AfdWidget" classname="Test_AfdWidget" file="/Applications/MAMP/htdocs/wordpressut/wp-content/plugins/razorpay-woocommerce/tests/phpunit/tests/test-affordabilitywidget.php" line="290" assertions="1" time="0.002879"/>
        <testcase name="testgetCardlessEmiwithProvider" class="Test_AfdWidget" classname="Test_AfdWidget" file="/Applications/MAMP/htdocs/wordpressut/wp-content/plugins/razorpay-woocommerce/tests/phpunit/tests/test-affordabilitywidget.php" line="321" assertions="1" time="0.002516"/>
        <testcase name="testgetEmiOptionNo" class="Test_AfdWidget" classname="Test_AfdWidget" file="/Applications/MAMP/htdocs/wordpressut/wp-content/plugins/razorpay-woocommerce/tests/phpunit/tests/test-affordabilitywidget.php" line="334" assertions="1" time="0.002382"/>
        <testcase name="testgetEmiwithIssuer" class="Test_AfdWidget" classname="Test_AfdWidget" file="/Applications/MAMP/htdocs/wordpressut/wp-content/plugins/razorpay-woocommerce/tests/phpunit/tests/test-affordabilitywidget.php" line="352" assertions="1" time="0.003145"/>
        <testcase name="testisEnabledYes" class="Test_AfdWidget" classname="Test_AfdWidget" file="/Applications/MAMP/htdocs/wordpressut/wp-content/plugins/razorpay-woocommerce/tests/phpunit/tests/test-affordabilitywidget.php" line="244" assertions="1" time="0.002090"/>
        <testcase name="testdisplayAffordabilityWidgetSettings" class="Test_AfdWidget" classname="Test_AfdWidget" file="/Applications/MAMP/htdocs/wordpressut/wp-content/plugins/razorpay-woocommerce/tests/phpunit/tests/test-affordabilitywidget.php" line="454" assertions="1" time="0.019114"/>
        <testcase name="testgetPriceSimpleProduct" class="Test_AfdWidget" classname="Test_AfdWidget" file="/Applications/MAMP/htdocs/wordpressut/wp-content/plugins/razorpay-woocommerce/tests/phpunit/tests/test-affordabilitywidget.php" line="178" assertions="1" time="0.094908"/>
        <testcase name="testaddAffordabilityWidgetHTML" class="Test_AfdWidget" classname="Test_AfdWidget" file="/Applications/MAMP/htdocs/wordpressut/wp-content/plugins/razorpay-woocommerce/tests/phpunit/tests/test-affordabilitywidget.php" line="44" assertions="6" time="0.099006"/>
        <testcase name="testgetPriceVariableProduct" class="Test_AfdWidget" classname="Test_AfdWidget" file="/Applications/MAMP/htdocs/wordpressut/wp-content/plugins/razorpay-woocommerce/tests/phpunit/tests/test-affordabilitywidget.php" line="190" assertions="1" time="0.103629"/>
      </testsuite>
      <testsuite name="Test_Class_Fuctions" file="/Applications/MAMP/htdocs/wordpressut/wp-content/plugins/razorpay-woocommerce/tests/phpunit/tests/test-methods.php" tests="16" assertions="48" errors="0" warnings="0" failures="0" skipped="0" time="0.680448">
        <testcase name="testGenerateOrderForm" class="Test_Class_Fuctions" classname="Test_Class_Fuctions" file="/Applications/MAMP/htdocs/wordpressut/wp-content/plugins/razorpay-woocommerce/tests/phpunit/tests/test-methods.php" line="183" assertions="17" time="0.076690"/>
        <testcase name="testGetDescription" class="Test_Class_Fuctions" classname="Test_Class_Fuctions" file="/Applications/MAMP/htdocs/wordpressut/wp-content/plugins/razorpay-woocommerce/tests/phpunit/tests/test-methods.php" line="245" assertions="1" time="0.006755"/>
        <testcase name="testwebhookAPI" class="Test_Class_Fuctions" classname="Test_Class_Fuctions" file="/Applications/MAMP/htdocs/wordpressut/wp-content/plugins/razorpay-woocommerce/tests/phpunit/tests/test-methods.php" line="30" assertions="4" time="0.006782"/>
        <testcase name="testrzpThankYouMessage" class="Test_Class_Fuctions" classname="Test_Class_Fuctions" file="/Applications/MAMP/htdocs/wordpressut/wp-content/plugins/razorpay-woocommerce/tests/phpunit/tests/test-methods.php" line="45" assertions="1" time="0.005944"/>
        <testcase name="testgetErrorMessage" class="Test_Class_Fuctions" classname="Test_Class_Fuctions" file="/Applications/MAMP/htdocs/wordpressut/wp-content/plugins/razorpay-woocommerce/tests/phpunit/tests/test-methods.php" line="50" assertions="3" time="0.006771"/>
        <testcase name="testWoocommerceAddRazorpayGateway" class="Test_Class_Fuctions" classname="Test_Class_Fuctions" file="/Applications/MAMP/htdocs/wordpressut/wp-content/plugins/razorpay-woocommerce/tests/phpunit/tests/test-methods.php" line="71" assertions="1" time="0.005292"/>
        <testcase name="testAdminOptions" class="Test_Class_Fuctions" classname="Test_Class_Fuctions" file="/Applications/MAMP/htdocs/wordpressut/wp-content/plugins/razorpay-woocommerce/tests/phpunit/tests/test-methods.php" line="252" assertions="4" time="0.006023"/>
        <testcase name="testverifySignature" class="Test_Class_Fuctions" classname="Test_Class_Fuctions" file="/Applications/MAMP/htdocs/wordpressut/wp-content/plugins/razorpay-woocommerce/tests/phpunit/tests/test-methods.php" line="76" assertions="0" time="0.008521"/>
        <testcase name="testInvalidverifySignature" class="Test_Class_Fuctions" classname="Test_Class_Fuctions" file="/Applications/MAMP/htdocs/wordpressut/wp-content/plugins/razorpay-woocommerce/tests/phpunit/tests/test-methods.php" line="87" assertions="1" time="0.008321"/>
        <testcase name="testGetShippingZone" class="Test_Class_Fuctions" classname="Test_Class_Fuctions" file="/Applications/MAMP/htdocs/wordpressut/wp-content/plugins/razorpay-woocommerce/tests/phpunit/tests/test-methods.php" line="239" assertions="1" time="0.006911"/>
        <testcase name="testGenerateRazorpayFormException" class="Test_Class_Fuctions" classname="Test_Class_Fuctions" file="/Applications/MAMP/htdocs/wordpressut/wp-content/plugins/razorpay-woocommerce/tests/phpunit/tests/test-methods.php" line="171" assertions="1" time="0.074318"/>
        <testcase name="testProcessPayment" class="Test_Class_Fuctions" classname="Test_Class_Fuctions" file="/Applications/MAMP/htdocs/wordpressut/wp-content/plugins/razorpay-woocommerce/tests/phpunit/tests/test-methods.php" line="266" assertions="2" time="0.080285"/>
        <testcase name="testCreateRazorpayOrderId" class="Test_Class_Fuctions" classname="Test_Class_Fuctions" file="/Applications/MAMP/htdocs/wordpressut/wp-content/plugins/razorpay-woocommerce/tests/phpunit/tests/test-methods.php" line="125" assertions="1" time="0.095601"/>
        <testcase name="testReceiptPage" class="Test_Class_Fuctions" classname="Test_Class_Fuctions" file="/Applications/MAMP/htdocs/wordpressut/wp-content/plugins/razorpay-woocommerce/tests/phpunit/tests/test-methods.php" line="98" assertions="9" time="0.096203"/>
        <testcase name="testCreateRazorpayOrderIdwitwebhooktime" class="Test_Class_Fuctions" classname="Test_Class_Fuctions" file="/Applications/MAMP/htdocs/wordpressut/wp-content/plugins/razorpay-woocommerce/tests/phpunit/tests/test-methods.php" line="139" assertions="1" time="0.093637"/>
        <testcase name="testGetRazorpayOrderId" class="Test_Class_Fuctions" classname="Test_Class_Fuctions" file="/Applications/MAMP/htdocs/wordpressut/wp-content/plugins/razorpay-woocommerce/tests/phpunit/tests/test-methods.php" line="155" assertions="1" time="0.102393"/>
      </testsuite>
      <testsuite name="Test_AfdFormFields" file="/Applications/MAMP/htdocs/wordpressut/wp-content/plugins/razorpay-woocommerce/tests/phpunit/tests/test-afd-formfields.php" tests="1" assertions="5" errors="0" warnings="0" failures="0" skipped="0" time="0.008832">
        <testcase name="testinitformfields" class="Test_AfdFormFields" classname="Test_AfdFormFields" file="/Applications/MAMP/htdocs/wordpressut/wp-content/plugins/razorpay-woocommerce/tests/phpunit/tests/test-afd-formfields.php" line="22" assertions="5" time="0.008832"/>
      </testsuite>
      <testsuite name="Test_AutoWebhook" file="/Applications/MAMP/htdocs/wordpressut/wp-content/plugins/razorpay-woocommerce/tests/phpunit/tests/test-autowebhook.php" tests="7" assertions="19" errors="0" warnings="0" failures="0" skipped="0" time="0.536890">
        <testcase name="testEmptyKeyAndSecretValidation" class="Test_AutoWebhook" classname="Test_AutoWebhook" file="/Applications/MAMP/htdocs/wordpressut/wp-content/plugins/razorpay-woocommerce/tests/phpunit/tests/test-autowebhook.php" line="24" assertions="1" time="0.008200"/>
        <testcase name="testInvalidKeyAndSecretValidation" class="Test_AutoWebhook" classname="Test_AutoWebhook" file="/Applications/MAMP/htdocs/wordpressut/wp-content/plugins/razorpay-woocommerce/tests/phpunit/tests/test-autowebhook.php" line="72" assertions="1" time="0.007631"/>
        <testcase name="testWebhookFailedForLocalhost" class="Test_AutoWebhook" classname="Test_AutoWebhook" file="/Applications/MAMP/htdocs/wordpressut/wp-content/plugins/razorpay-woocommerce/tests/phpunit/tests/test-autowebhook.php" line="99" assertions="1" time="0.005894"/>
        <testcase name="testSubscriptionWebhookFlag" class="Test_AutoWebhook" classname="Test_AutoWebhook" file="/Applications/MAMP/htdocs/wordpressut/wp-content/plugins/razorpay-woocommerce/tests/phpunit/tests/test-autowebhook.php" line="201" assertions="1" time="0.474445"/>
        <testcase name="testAutoCreateWebhook" class="Test_AutoWebhook" classname="Test_AutoWebhook" file="/Applications/MAMP/htdocs/wordpressut/wp-content/plugins/razorpay-woocommerce/tests/phpunit/tests/test-autowebhook.php" line="124" assertions="7" time="0.016840"/>
        <testcase name="testAutoUpdateWebhook" class="Test_AutoWebhook" classname="Test_AutoWebhook" file="/Applications/MAMP/htdocs/wordpressut/wp-content/plugins/razorpay-woocommerce/tests/phpunit/tests/test-autowebhook.php" line="162" assertions="7" time="0.013836"/>
        <testcase name="testUpdateKeyAndSecretValidation" class="Test_AutoWebhook" classname="Test_AutoWebhook" file="/Applications/MAMP/htdocs/wordpressut/wp-content/plugins/razorpay-woocommerce/tests/phpunit/tests/test-autowebhook.php" line="48" assertions="1" time="0.010045"/>
      </testsuite>
      <testsuite name="Test_Class_Objects" file="/Applications/MAMP/htdocs/wordpressut/wp-content/plugins/razorpay-woocommerce/tests/phpunit/tests/test-class-properties.php" tests="3" assertions="8" errors="0" warnings="0" failures="0" skipped="0" time="0.325794">
        <testcase name="testClassInstance" class="Test_Class_Objects" classname="Test_Class_Objects" file="/Applications/MAMP/htdocs/wordpressut/wp-content/plugins/razorpay-woocommerce/tests/phpunit/tests/test-class-properties.php" line="17" assertions="1" time="0.009319"/>
        <testcase name="testPropertiesNotEmpty" class="Test_Class_Objects" classname="Test_Class_Objects" file="/Applications/MAMP/htdocs/wordpressut/wp-content/plugins/razorpay-woocommerce/tests/phpunit/tests/test-class-properties.php" line="32" assertions="6" time="0.007980"/>
        <testcase name="testRazorpayIcon" class="Test_Class_Objects" classname="Test_Class_Objects" file="/Applications/MAMP/htdocs/wordpressut/wp-content/plugins/razorpay-woocommerce/tests/phpunit/tests/test-class-properties.php" line="22" assertions="1" time="0.308495"/>
      </testsuite>
      <testsuite name="Test_Constants" file="/Applications/MAMP/htdocs/wordpressut/wp-content/plugins/razorpay-woocommerce/tests/phpunit/tests/test-constants.php" tests="1" assertions="14" errors="0" warnings="0" failures="0" skipped="0" time="0.013045">
        <testcase name="testPluginConstants" class="Test_Constants" classname="Test_Constants" file="/Applications/MAMP/htdocs/wordpressut/wp-content/plugins/razorpay-woocommerce/tests/phpunit/tests/test-constants.php" line="17" assertions="14" time="0.013045"/>
      </testsuite>
      <testsuite name="Test_FormFields" file="/Applications/MAMP/htdocs/wordpressut/wp-content/plugins/razorpay-woocommerce/tests/phpunit/tests/test-formfields.php" tests="1" assertions="4" errors="0" warnings="0" failures="0" skipped="0" time="0.010354">
        <testcase name="testformfields" class="Test_FormFields" classname="Test_FormFields" file="/Applications/MAMP/htdocs/wordpressut/wp-content/plugins/razorpay-woocommerce/tests/phpunit/tests/test-formfields.php" line="17" assertions="4" time="0.010354"/>
      </testsuite>
      <testsuite name="Test_Hooks" file="/Applications/MAMP/htdocs/wordpressut/wp-content/plugins/razorpay-woocommerce/tests/phpunit/tests/test-hooks.php" tests="2" assertions="11" errors="0" warnings="0" failures="0" skipped="0" time="0.018583">
        <testcase name="testRegisteredHooks" class="Test_Hooks" classname="Test_Hooks" file="/Applications/MAMP/htdocs/wordpressut/wp-content/plugins/razorpay-woocommerce/tests/phpunit/tests/test-hooks.php" line="16" assertions="8" time="0.009459"/>
        <testcase name="testHooks" class="Test_Hooks" classname="Test_Hooks" file="/Applications/MAMP/htdocs/wordpressut/wp-content/plugins/razorpay-woocommerce/tests/phpunit/tests/test-hooks.php" line="44" assertions="3" time="0.009124"/>
      </testsuite>
      <testsuite name="Test_Plugin_Metadata" file="/Applications/MAMP/htdocs/wordpressut/wp-content/plugins/razorpay-woocommerce/tests/phpunit/tests/test-metadata.php" tests="1" assertions="6" errors="0" warnings="0" failures="0" skipped="0" time="0.004592">
        <testcase name="testMetadata" class="Test_Plugin_Metadata" classname="Test_Plugin_Metadata" file="/Applications/MAMP/htdocs/wordpressut/wp-content/plugins/razorpay-woocommerce/tests/phpunit/tests/test-metadata.php" line="8" assertions="6" time="0.004592"/>
      </testsuite>
      <testsuite name="Test_RzpRouteAction" file="/Applications/MAMP/htdocs/wordpressut/wp-content/plugins/razorpay-woocommerce/tests/phpunit/tests/test-razorpay-route-actions.php" tests="1" assertions="3" errors="0" warnings="0" failures="0" skipped="0" time="0.012315">
        <testcase name="testAddRouteAnalyticsScript" class="Test_RzpRouteAction" classname="Test_RzpRouteAction" file="/Applications/MAMP/htdocs/wordpressut/wp-content/plugins/razorpay-woocommerce/tests/phpunit/tests/test-razorpay-route-actions.php" line="25" assertions="3" time="0.012315"/>
      </testsuite>
      <testsuite name="Test_Scripts_Styles" file="/Applications/MAMP/htdocs/wordpressut/wp-content/plugins/razorpay-woocommerce/tests/phpunit/tests/test-scripts-styles.php" tests="1" assertions="4" errors="0" warnings="0" failures="0" skipped="0" time="0.002307">
        <testcase name="testRegisteredScripts" class="Test_Scripts_Styles" classname="Test_Scripts_Styles" file="/Applications/MAMP/htdocs/wordpressut/wp-content/plugins/razorpay-woocommerce/tests/phpunit/tests/test-scripts-styles.php" line="8" assertions="4" time="0.002307"/>
      </testsuite>
      <testsuite name="Test_Utils" file="/Applications/MAMP/htdocs/wordpressut/wp-content/plugins/razorpay-woocommerce/tests/phpunit/tests/test-utils.php" tests="2" assertions="10" errors="0" warnings="0" failures="0" skipped="0" time="0.004202">
        <testcase name="testisRazorpayPluginEnabled" class="Test_Utils" classname="Test_Utils" file="/Applications/MAMP/htdocs/wordpressut/wp-content/plugins/razorpay-woocommerce/tests/phpunit/tests/test-utils.php" line="19" assertions="1" time="0.003600"/>
        <testcase name="testvalidateInput" class="Test_Utils" classname="Test_Utils" file="/Applications/MAMP/htdocs/wordpressut/wp-content/plugins/razorpay-woocommerce/tests/phpunit/tests/test-utils.php" line="26" assertions="9" time="0.000602"/>
      </testsuite>
    </testsuite>
  </testsuite>
</testsuites>
