<?xml version="1.0" encoding="UTF-8"?>
<coverage generated="1673014978">
  <project timestamp="1673014978">
    <file name="/Applications/MAMP/htdocs/wordpress/wp-content/plugins/razorpay_woocommerce/includes/razorpay-webhook.php">
      <class name="RZP_Webhook" namespace="global">
        <metrics complexity="78" methods="15" coveredmethods="5" conditionals="0" coveredconditionals="0" statements="189" coveredstatements="15" elements="204" coveredelements="20"/>
      </class>
      <line num="58" type="method" name="__construct" visibility="public" complexity="1" crap="1" count="8"/>
      <line num="60" type="stmt" count="8"/>
      <line num="62" type="stmt" count="8"/>
      <line num="81" type="method" name="process" visibility="public" complexity="20" crap="420" count="0"/>
      <line num="83" type="stmt" count="0"/>
      <line num="85" type="stmt" count="0"/>
      <line num="87" type="stmt" count="0"/>
      <line num="88" type="stmt" count="0"/>
      <line num="91" type="stmt" count="0"/>
      <line num="93" type="stmt" count="0"/>
      <line num="94" type="stmt" count="0"/>
      <line num="97" type="stmt" count="0"/>
      <line num="98" type="stmt" count="0"/>
      <line num="100" type="stmt" count="0"/>
      <line num="102" type="stmt" count="0"/>
      <line num="103" type="stmt" count="0"/>
      <line num="107" type="stmt" count="0"/>
      <line num="108" type="stmt" count="0"/>
      <line num="109" type="stmt" count="0"/>
      <line num="110" type="stmt" count="0"/>
      <line num="112" type="stmt" count="0"/>
      <line num="114" type="stmt" count="0"/>
      <line num="120" type="stmt" count="0"/>
      <line num="121" type="stmt" count="0"/>
      <line num="123" type="stmt" count="0"/>
      <line num="125" type="stmt" count="0"/>
      <line num="130" type="stmt" count="0"/>
      <line num="132" type="stmt" count="0"/>
      <line num="133" type="stmt" count="0"/>
      <line num="136" type="stmt" count="0"/>
      <line num="137" type="stmt" count="0"/>
      <line num="139" type="stmt" count="0"/>
      <line num="140" type="stmt" count="0"/>
      <line num="141" type="stmt" count="0"/>
      <line num="142" type="stmt" count="0"/>
      <line num="144" type="stmt" count="0"/>
      <line num="146" type="stmt" count="0"/>
      <line num="147" type="stmt" count="0"/>
      <line num="148" type="stmt" count="0"/>
      <line num="151" type="stmt" count="0"/>
      <line num="153" type="stmt" count="0"/>
      <line num="155" type="stmt" count="0"/>
      <line num="157" type="stmt" count="0"/>
      <line num="160" type="stmt" count="0"/>
      <line num="163" type="stmt" count="0"/>
      <line num="166" type="stmt" count="0"/>
      <line num="169" type="stmt" count="0"/>
      <line num="172" type="stmt" count="0"/>
      <line num="175" type="stmt" count="0"/>
      <line num="178" type="stmt" count="0"/>
      <line num="181" type="stmt" count="0"/>
      <line num="184" type="stmt" count="0"/>
      <line num="194" type="method" name="paymentFailed" visibility="protected" complexity="1" crap="1" count="1"/>
      <line num="196" type="stmt" count="1"/>
      <line num="203" type="method" name="subscriptionCancelled" visibility="protected" complexity="1" crap="1" count="1"/>
      <line num="205" type="stmt" count="1"/>
      <line num="212" type="method" name="subscriptionPaused" visibility="protected" complexity="1" crap="1" count="1"/>
      <line num="214" type="stmt" count="1"/>
      <line num="221" type="method" name="subscriptionResumed" visibility="protected" complexity="1" crap="1" count="1"/>
      <line num="223" type="stmt" count="1"/>
      <line num="230" type="method" name="subscriptionCharged" visibility="protected" complexity="1" crap="2" count="0"/>
      <line num="232" type="stmt" count="0"/>
      <line num="240" type="method" name="paymentAuthorized" visibility="protected" complexity="12" crap="156" count="0"/>
      <line num="243" type="stmt" count="0"/>
      <line num="244" type="stmt" count="0"/>
      <line num="250" type="stmt" count="0"/>
      <line num="252" type="stmt" count="0"/>
      <line num="254" type="stmt" count="0"/>
      <line num="255" type="stmt" count="0"/>
      <line num="258" type="stmt" count="0"/>
      <line num="259" type="stmt" count="0"/>
      <line num="263" type="stmt" count="0"/>
      <line num="264" type="stmt" count="0"/>
      <line num="265" type="stmt" count="0"/>
      <line num="267" type="stmt" count="0"/>
      <line num="270" type="stmt" count="0"/>
      <line num="271" type="stmt" count="0"/>
      <line num="274" type="stmt" count="0"/>
      <line num="276" type="stmt" count="0"/>
      <line num="278" type="stmt" count="0"/>
      <line num="280" type="stmt" count="0"/>
      <line num="281" type="stmt" count="0"/>
      <line num="283" type="stmt" count="0"/>
      <line num="284" type="stmt" count="0"/>
      <line num="285" type="stmt" count="0"/>
      <line num="286" type="stmt" count="0"/>
      <line num="293" type="stmt" count="0"/>
      <line num="295" type="stmt" count="0"/>
      <line num="296" type="stmt" count="0"/>
      <line num="301" type="stmt" count="0"/>
      <line num="303" type="stmt" count="0"/>
      <line num="306" type="stmt" count="0"/>
      <line num="311" type="stmt" count="0"/>
      <line num="313" type="stmt" count="0"/>
      <line num="314" type="stmt" count="0"/>
      <line num="319" type="stmt" count="0"/>
      <line num="320" type="stmt" count="0"/>
      <line num="322" type="stmt" count="0"/>
      <line num="325" type="stmt" count="0"/>
      <line num="333" type="method" name="paymentPending" visibility="protected" complexity="10" crap="110" count="0"/>
      <line num="336" type="stmt" count="0"/>
      <line num="337" type="stmt" count="0"/>
      <line num="340" type="stmt" count="0"/>
      <line num="341" type="stmt" count="0"/>
      <line num="347" type="stmt" count="0"/>
      <line num="349" type="stmt" count="0"/>
      <line num="351" type="stmt" count="0"/>
      <line num="352" type="stmt" count="0"/>
      <line num="355" type="stmt" count="0"/>
      <line num="356" type="stmt" count="0"/>
      <line num="359" type="stmt" count="0"/>
      <line num="360" type="stmt" count="0"/>
      <line num="362" type="stmt" count="0"/>
      <line num="365" type="stmt" count="0"/>
      <line num="366" type="stmt" count="0"/>
      <line num="369" type="stmt" count="0"/>
      <line num="371" type="stmt" count="0"/>
      <line num="373" type="stmt" count="0"/>
      <line num="374" type="stmt" count="0"/>
      <line num="376" type="stmt" count="0"/>
      <line num="377" type="stmt" count="0"/>
      <line num="379" type="stmt" count="0"/>
      <line num="380" type="stmt" count="0"/>
      <line num="384" type="stmt" count="0"/>
      <line num="392" type="method" name="virtualAccountCredited" visibility="protected" complexity="11" crap="132" count="0"/>
      <line num="395" type="stmt" count="0"/>
      <line num="396" type="stmt" count="0"/>
      <line num="402" type="stmt" count="0"/>
      <line num="404" type="stmt" count="0"/>
      <line num="405" type="stmt" count="0"/>
      <line num="408" type="stmt" count="0"/>
      <line num="409" type="stmt" count="0"/>
      <line num="412" type="stmt" count="0"/>
      <line num="413" type="stmt" count="0"/>
      <line num="414" type="stmt" count="0"/>
      <line num="416" type="stmt" count="0"/>
      <line num="418" type="stmt" count="0"/>
      <line num="420" type="stmt" count="0"/>
      <line num="421" type="stmt" count="0"/>
      <line num="423" type="stmt" count="0"/>
      <line num="424" type="stmt" count="0"/>
      <line num="425" type="stmt" count="0"/>
      <line num="426" type="stmt" count="0"/>
      <line num="433" type="stmt" count="0"/>
      <line num="435" type="stmt" count="0"/>
      <line num="436" type="stmt" count="0"/>
      <line num="441" type="stmt" count="0"/>
      <line num="443" type="stmt" count="0"/>
      <line num="446" type="stmt" count="0"/>
      <line num="451" type="stmt" count="0"/>
      <line num="453" type="stmt" count="0"/>
      <line num="454" type="stmt" count="0"/>
      <line num="459" type="stmt" count="0"/>
      <line num="462" type="stmt" count="0"/>
      <line num="465" type="method" name="getPaymentEntity" visibility="protected" complexity="2" crap="6" count="0"/>
      <line num="469" type="stmt" count="0"/>
      <line num="470" type="stmt" count="0"/>
      <line num="472" type="stmt" count="0"/>
      <line num="474" type="stmt" count="0"/>
      <line num="477" type="stmt" count="0"/>
      <line num="479" type="stmt" count="0"/>
      <line num="482" type="stmt" count="0"/>
      <line num="488" type="method" name="shouldConsumeWebhook" visibility="protected" complexity="5" crap="5.20" count="1"/>
      <line num="490" type="stmt" count="1"/>
      <line num="491" type="stmt" count="1"/>
      <line num="492" type="stmt" count="1"/>
      <line num="493" type="stmt" count="1"/>
      <line num="496" type="stmt" count="0"/>
      <line num="504" type="method" name="getOrderAmountAsInteger" visibility="public" complexity="2" crap="2.15" count="1"/>
      <line num="506" type="stmt" count="1"/>
      <line num="507" type="stmt" count="1"/>
      <line num="510" type="stmt" count="0"/>
      <line num="519" type="method" name="refundedCreated" visibility="public" complexity="8" crap="72" count="0"/>
      <line num="522" type="stmt" count="0"/>
      <line num="523" type="stmt" count="0"/>
      <line num="527" type="stmt" count="0"/>
      <line num="528" type="stmt" count="0"/>
      <line num="531" type="stmt" count="0"/>
      <line num="533" type="stmt" count="0"/>
      <line num="535" type="stmt" count="0"/>
      <line num="540" type="stmt" count="0"/>
      <line num="542" type="stmt" count="0"/>
      <line num="543" type="stmt" count="0"/>
      <line num="547" type="stmt" count="0"/>
      <line num="548" type="stmt" count="0"/>
      <line num="552" type="stmt" count="0"/>
      <line num="557" type="stmt" count="0"/>
      <line num="560" type="stmt" count="0"/>
      <line num="565" type="stmt" count="0"/>
      <line num="568" type="stmt" count="0"/>
      <line num="570" type="stmt" count="0"/>
      <line num="574" type="stmt" count="0"/>
      <line num="583" type="stmt" count="0"/>
      <line num="585" type="stmt" count="0"/>
      <line num="590" type="stmt" count="0"/>
      <line num="592" type="stmt" count="0"/>
      <line num="595" type="stmt" count="0"/>
      <line num="600" type="stmt" count="0"/>
      <line num="603" type="method" name="checkIsObject" visibility="public" complexity="2" crap="2.26" count="1"/>
      <line num="605" type="stmt" count="1"/>
      <line num="606" type="stmt" count="1"/>
      <line num="607" type="stmt" count="1"/>
      <line num="609" type="stmt" count="0"/>
      <line num="610" type="stmt" count="0"/>
      <metrics loc="614" ncloc="477" classes="1" methods="15" coveredmethods="5" conditionals="0" coveredconditionals="0" statements="189" coveredstatements="15" elements="204" coveredelements="20"/>
    </file>
    <file name="/Applications/MAMP/htdocs/wordpress/wp-content/plugins/razorpay_woocommerce/woo-razorpay.php">
      <class name="WC_Razorpay" namespace="global">
        <metrics complexity="243" methods="0" coveredmethods="0" conditionals="0" coveredconditionals="0" statements="0" coveredstatements="0" elements="0" coveredelements="0"/>
      </class>
      <line num="45" type="stmt" count="0"/>
      <line num="47" type="stmt" count="0"/>
      <line num="151" type="stmt" count="28"/>
      <line num="156" type="stmt" count="1"/>
      <line num="157" type="stmt" count="1"/>
      <line num="159" type="stmt" count="0"/>
      <line num="161" type="stmt" count="1"/>
      <line num="171" type="stmt" count="28"/>
      <line num="173" type="stmt" count="28"/>
      <line num="174" type="stmt" count="28"/>
      <line num="177" type="stmt" count="28"/>
      <line num="179" type="stmt" count="0"/>
      <line num="183" type="stmt" count="0"/>
      <line num="184" type="stmt" count="0"/>
      <line num="186" type="stmt" count="0"/>
      <line num="187" type="stmt" count="0"/>
      <line num="190" type="stmt" count="0"/>
      <line num="191" type="stmt" count="0"/>
      <line num="194" type="stmt" count="0"/>
      <line num="195" type="stmt" count="0"/>
      <line num="201" type="stmt" count="28"/>
      <line num="202" type="stmt" count="0"/>
      <line num="215" type="stmt" count="0"/>
      <line num="216" type="stmt" count="0"/>
      <line num="223" type="stmt" count="28"/>
      <line num="224" type="stmt" count="28"/>
      <line num="228" type="stmt" count="28"/>
      <line num="230" type="stmt" count="20"/>
      <line num="233" type="stmt" count="28"/>
      <line num="238" type="stmt" count="20"/>
      <line num="240" type="stmt" count="20"/>
      <line num="242" type="stmt" count="20"/>
      <line num="244" type="stmt" count="20"/>
      <line num="246" type="stmt" count="20"/>
      <line num="247" type="stmt" count="20"/>
      <line num="248" type="stmt" count="20"/>
      <line num="249" type="stmt" count="20"/>
      <line num="253" type="stmt" count="0"/>
      <line num="254" type="stmt" count="0"/>
      <line num="255" type="stmt" count="0"/>
      <line num="256" type="stmt" count="0"/>
      <line num="259" type="stmt" count="20"/>
      <line num="264" type="stmt" count="28"/>
      <line num="268" type="stmt" count="28"/>
      <line num="270" type="stmt" count="28"/>
      <line num="274" type="stmt" count="28"/>
      <line num="276" type="stmt" count="28"/>
      <line num="277" type="stmt" count="28"/>
      <line num="280" type="stmt" count="28"/>
      <line num="282" type="stmt" count="28"/>
      <line num="283" type="stmt" count="28"/>
      <line num="286" type="stmt" count="28"/>
      <line num="288" type="stmt" count="28"/>
      <line num="291" type="stmt" count="28"/>
      <line num="293" type="stmt" count="28"/>
      <line num="296" type="stmt" count="28"/>
      <line num="298" type="stmt" count="28"/>
      <line num="306" type="stmt" count="28"/>
      <line num="308" type="stmt" count="28"/>
      <line num="309" type="stmt" count="28"/>
      <line num="312" type="stmt" count="28"/>
      <line num="315" type="stmt" count="28"/>
      <line num="320" type="stmt" count="28"/>
      <line num="322" type="stmt" count="28"/>
      <line num="324" type="stmt" count="28"/>
      <line num="326" type="stmt" count="28"/>
      <line num="331" type="stmt" count="28"/>
      <line num="335" type="stmt" count="0"/>
      <line num="336" type="stmt" count="0"/>
      <line num="337" type="stmt" count="0"/>
      <line num="338" type="stmt" count="0"/>
      <line num="340" type="stmt" count="0"/>
      <line num="344" type="stmt" count="0"/>
      <line num="347" type="stmt" count="0"/>
      <line num="349" type="stmt" count="0"/>
      <line num="351" type="stmt" count="0"/>
      <line num="354" type="stmt" count="0"/>
      <line num="355" type="stmt" count="0"/>
      <line num="357" type="stmt" count="0"/>
      <line num="359" type="stmt" count="0"/>
      <line num="360" type="stmt" count="0"/>
      <line num="361" type="stmt" count="0"/>
      <line num="362" type="stmt" count="0"/>
      <line num="363" type="stmt" count="0"/>
      <line num="367" type="stmt" count="0"/>
      <line num="369" type="stmt" count="0"/>
      <line num="371" type="stmt" count="0"/>
      <line num="372" type="stmt" count="0"/>
      <line num="379" type="stmt" count="2"/>
      <line num="383" type="stmt" count="4"/>
      <line num="384" type="stmt" count="4"/>
      <line num="386" type="stmt" count="4"/>
      <line num="387" type="stmt" count="4"/>
      <line num="388" type="stmt" count="4"/>
      <line num="389" type="stmt" count="4"/>
      <line num="391" type="stmt" count="4"/>
      <line num="392" type="stmt" count="4"/>
      <line num="393" type="stmt" count="4"/>
      <line num="395" type="stmt" count="4"/>
      <line num="397" type="stmt" count="4"/>
      <line num="401" type="stmt" count="0"/>
      <line num="404" type="stmt" count="4"/>
      <line num="408" type="stmt" count="1"/>
      <line num="412" type="stmt" count="1"/>
      <line num="413" type="stmt" count="1"/>
      <line num="418" type="stmt" count="3"/>
      <line num="419" type="stmt" count="3"/>
      <line num="421" type="stmt" count="0"/>
      <line num="425" type="stmt" count="0"/>
      <line num="430" type="stmt" count="0"/>
      <line num="432" type="stmt" count="0"/>
      <line num="434" type="stmt" count="0"/>
      <line num="437" type="stmt" count="3"/>
      <line num="439" type="stmt" count="3"/>
      <line num="441" type="stmt" count="3"/>
      <line num="446" type="stmt" count="1"/>
      <line num="450" type="stmt" count="1"/>
      <line num="451" type="stmt" count="1"/>
      <line num="453" type="stmt" count="2"/>
      <line num="454" type="stmt" count="2"/>
      <line num="455" type="stmt" count="2"/>
      <line num="458" type="stmt" count="2"/>
      <line num="459" type="stmt" count="2"/>
      <line num="460" type="stmt" count="2"/>
      <line num="462" type="stmt" count="2"/>
      <line num="464" type="stmt" count="2"/>
      <line num="467" type="stmt" count="2"/>
      <line num="472" type="stmt" count="2"/>
      <line num="476" type="stmt" count="2"/>
      <line num="478" type="stmt" count="2"/>
      <line num="480" type="stmt" count="2"/>
      <line num="482" type="stmt" count="1"/>
      <line num="485" type="stmt" count="1"/>
      <line num="487" type="stmt" count="1"/>
      <line num="494" type="stmt" count="1"/>
      <line num="497" type="stmt" count="1"/>
      <line num="498" type="stmt" count="1"/>
      <line num="502" type="stmt" count="2"/>
      <line num="504" type="stmt" count="1"/>
      <line num="505" type="stmt" count="1"/>
      <line num="509" type="stmt" count="1"/>
      <line num="510" type="stmt" count="1"/>
      <line num="517" type="stmt" count="0"/>
      <line num="518" type="stmt" count="0"/>
      <line num="520" type="stmt" count="0"/>
      <line num="521" type="stmt" count="0"/>
      <line num="524" type="stmt" count="0"/>
      <line num="526" type="stmt" count="0"/>
      <line num="528" type="stmt" count="0"/>
      <line num="530" type="stmt" count="0"/>
      <line num="534" type="stmt" count="0"/>
      <line num="540" type="stmt" count="0"/>
      <line num="542" type="stmt" count="0"/>
      <line num="544" type="stmt" count="0"/>
      <line num="547" type="stmt" count="0"/>
      <line num="549" type="stmt" count="0"/>
      <line num="552" type="stmt" count="0"/>
      <line num="556" type="stmt" count="0"/>
      <line num="559" type="stmt" count="0"/>
      <line num="560" type="stmt" count="0"/>
      <line num="562" type="stmt" count="0"/>
      <line num="566" type="stmt" count="0"/>
      <line num="569" type="stmt" count="0"/>
      <line num="570" type="stmt" count="0"/>
      <line num="573" type="stmt" count="0"/>
      <line num="574" type="stmt" count="0"/>
      <line num="579" type="stmt" count="0"/>
      <line num="581" type="stmt" count="0"/>
      <line num="586" type="stmt" count="0"/>
      <line num="590" type="stmt" count="0"/>
      <line num="591" type="stmt" count="0"/>
      <line num="593" type="stmt" count="0"/>
      <line num="595" type="stmt" count="0"/>
      <line num="597" type="stmt" count="0"/>
      <line num="602" type="stmt" count="0"/>
      <line num="605" type="stmt" count="0"/>
      <line num="607" type="stmt" count="0"/>
      <line num="609" type="stmt" count="0"/>
      <line num="610" type="stmt" count="0"/>
      <line num="612" type="stmt" count="0"/>
      <line num="614" type="stmt" count="0"/>
      <line num="615" type="stmt" count="0"/>
      <line num="617" type="stmt" count="0"/>
      <line num="620" type="stmt" count="0"/>
      <line num="622" type="stmt" count="0"/>
      <line num="624" type="stmt" count="0"/>
      <line num="630" type="stmt" count="1"/>
      <line num="631" type="stmt" count="1"/>
      <line num="633" type="stmt" count="1"/>
      <line num="638" type="stmt" count="0"/>
      <line num="639" type="stmt" count="0"/>
      <line num="643" type="stmt" count="0"/>
      <line num="646" type="stmt" count="0"/>
      <line num="647" type="stmt" count="0"/>
      <line num="649" type="stmt" count="0"/>
      <line num="653" type="stmt" count="0"/>
      <line num="656" type="stmt" count="0"/>
      <line num="662" type="stmt" count="3"/>
      <line num="665" type="stmt" count="3"/>
      <line num="667" type="stmt" count="3"/>
      <line num="669" type="stmt" count="0"/>
      <line num="672" type="stmt" count="0"/>
      <line num="675" type="stmt" count="0"/>
      <line num="676" type="stmt" count="0"/>
      <line num="679" type="stmt" count="3"/>
      <line num="684" type="stmt" count="0"/>
      <line num="685" type="stmt" count="0"/>
      <line num="686" type="stmt" count="0"/>
      <line num="689" type="stmt" count="0"/>
      <line num="690" type="stmt" count="0"/>
      <line num="695" type="stmt" count="0"/>
      <line num="704" type="stmt" count="0"/>
      <line num="705" type="stmt" count="0"/>
      <line num="706" type="stmt" count="0"/>
      <line num="707" type="stmt" count="0"/>
      <line num="709" type="stmt" count="0"/>
      <line num="713" type="stmt" count="0"/>
      <line num="723" type="stmt" count="1"/>
      <line num="725" type="stmt" count="1"/>
      <line num="727" type="stmt" count="0"/>
      <line num="729" type="stmt" count="1"/>
      <line num="744" type="stmt" count="0"/>
      <line num="746" type="stmt" count="0"/>
      <line num="748" type="stmt" count="0"/>
      <line num="750" type="stmt" count="0"/>
      <line num="752" type="stmt" count="0"/>
      <line num="755" type="stmt" count="0"/>
      <line num="759" type="stmt" count="0"/>
      <line num="760" type="stmt" count="0"/>
      <line num="764" type="stmt" count="0"/>
      <line num="766" type="stmt" count="0"/>
      <line num="770" type="stmt" count="0"/>
      <line num="775" type="stmt" count="0"/>
      <line num="777" type="stmt" count="0"/>
      <line num="780" type="stmt" count="0"/>
      <line num="784" type="stmt" count="0"/>
      <line num="787" type="stmt" count="0"/>
      <line num="789" type="stmt" count="0"/>
      <line num="793" type="stmt" count="0"/>
      <line num="795" type="stmt" count="0"/>
      <line num="806" type="stmt" count="1"/>
      <line num="809" type="stmt" count="1"/>
      <line num="810" type="stmt" count="1"/>
      <line num="813" type="stmt" count="1"/>
      <line num="824" type="stmt" count="2"/>
      <line num="825" type="stmt" count="2"/>
      <line num="826" type="stmt" count="2"/>
      <line num="828" type="stmt" count="1"/>
      <line num="830" type="stmt" count="1"/>
      <line num="835" type="stmt" count="2"/>
      <line num="836" type="stmt" count="2"/>
      <line num="839" type="stmt" count="2"/>
      <line num="840" type="stmt" count="2"/>
      <line num="842" type="stmt" count="2"/>
      <line num="844" type="stmt" count="1"/>
      <line num="846" type="stmt" count="1"/>
      <line num="848" type="stmt" count="0"/>
      <line num="850" type="stmt" count="0"/>
      <line num="854" type="stmt" count="1"/>
      <line num="864" type="stmt" count="0"/>
      <line num="868" type="stmt" count="0"/>
      <line num="870" type="stmt" count="0"/>
      <line num="872" type="stmt" count="0"/>
      <line num="875" type="stmt" count="0"/>
      <line num="877" type="stmt" count="0"/>
      <line num="879" type="stmt" count="0"/>
      <line num="881" type="stmt" count="0"/>
      <line num="893" type="stmt" count="1"/>
      <line num="895" type="stmt" count="1"/>
      <line num="897" type="stmt" count="1"/>
      <line num="899" type="stmt" count="1"/>
      <line num="901" type="stmt" count="1"/>
      <line num="903" type="stmt" count="1"/>
      <line num="906" type="stmt" count="1"/>
      <line num="907" type="stmt" count="1"/>
      <line num="916" type="stmt" count="1"/>
      <line num="926" type="stmt" count="1"/>
      <line num="928" type="stmt" count="1"/>
      <line num="931" type="stmt" count="0"/>
      <line num="939" type="stmt" count="0"/>
      <line num="941" type="stmt" count="0"/>
      <line num="945" type="stmt" count="0"/>
      <line num="947" type="stmt" count="0"/>
      <line num="952" type="stmt" count="1"/>
      <line num="955" type="stmt" count="1"/>
      <line num="956" type="stmt" count="1"/>
      <line num="957" type="stmt" count="1"/>
      <line num="963" type="stmt" count="0"/>
      <line num="964" type="stmt" count="0"/>
      <line num="965" type="stmt" count="0"/>
      <line num="969" type="stmt" count="1"/>
      <line num="974" type="stmt" count="0"/>
      <line num="980" type="stmt" count="0"/>
      <line num="982" type="stmt" count="0"/>
      <line num="983" type="stmt" count="0"/>
      <line num="984" type="stmt" count="0"/>
      <line num="987" type="stmt" count="0"/>
      <line num="989" type="stmt" count="0"/>
      <line num="991" type="stmt" count="0"/>
      <line num="994" type="stmt" count="0"/>
      <line num="995" type="stmt" count="0"/>
      <line num="997" type="stmt" count="0"/>
      <line num="999" type="stmt" count="0"/>
      <line num="1001" type="stmt" count="0"/>
      <line num="1006" type="stmt" count="0"/>
      <line num="1007" type="stmt" count="0"/>
      <line num="1010" type="stmt" count="0"/>
      <line num="1013" type="stmt" count="0"/>
      <line num="1016" type="stmt" count="0"/>
      <line num="1018" type="stmt" count="0"/>
      <line num="1020" type="stmt" count="0"/>
      <line num="1022" type="stmt" count="0"/>
      <line num="1024" type="stmt" count="0"/>
      <line num="1029" type="stmt" count="1"/>
      <line num="1030" type="stmt" count="1"/>
      <line num="1032" type="stmt" count="1"/>
      <line num="1036" type="stmt" count="1"/>
      <line num="1038" type="stmt" count="0"/>
      <line num="1040" type="stmt" count="0"/>
      <line num="1041" type="stmt" count="0"/>
      <line num="1042" type="stmt" count="0"/>
      <line num="1045" type="stmt" count="1"/>
      <line num="1049" type="stmt" count="1"/>
      <line num="1053" type="stmt" count="1"/>
      <line num="1054" type="stmt" count="1"/>
      <line num="1056" type="stmt" count="0"/>
      <line num="1059" type="stmt" count="1"/>
      <line num="1061" type="stmt" count="1"/>
      <line num="1063" type="stmt" count="1"/>
      <line num="1065" type="stmt" count="0"/>
      <line num="1069" type="stmt" count="1"/>
      <line num="1074" type="stmt" count="1"/>
      <line num="1075" type="stmt" count="1"/>
      <line num="1077" type="stmt" count="1"/>
      <line num="1081" type="stmt" count="1"/>
      <line num="1082" type="stmt" count="1"/>
      <line num="1083" type="stmt" count="1"/>
      <line num="1084" type="stmt" count="1"/>
      <line num="1090" type="stmt" count="1"/>
      <line num="1092" type="stmt" count="0"/>
      <line num="1093" type="stmt" count="0"/>
      <line num="1095" type="stmt" count="0"/>
      <line num="1100" type="stmt" count="0"/>
      <line num="1104" type="stmt" count="1"/>
      <line num="1106" type="stmt" count="1"/>
      <line num="1108" type="stmt" count="0"/>
      <line num="1109" type="stmt" count="0"/>
      <line num="1112" type="stmt" count="1"/>
      <line num="1118" type="stmt" count="0"/>
      <line num="1120" type="stmt" count="0"/>
      <line num="1122" type="stmt" count="0"/>
      <line num="1124" type="stmt" count="0"/>
      <line num="1125" type="stmt" count="0"/>
      <line num="1127" type="stmt" count="0"/>
      <line num="1128" type="stmt" count="0"/>
      <line num="1129" type="stmt" count="0"/>
      <line num="1130" type="stmt" count="0"/>
      <line num="1131" type="stmt" count="0"/>
      <line num="1132" type="stmt" count="0"/>
      <line num="1133" type="stmt" count="0"/>
      <line num="1134" type="stmt" count="0"/>
      <line num="1135" type="stmt" count="0"/>
      <line num="1136" type="stmt" count="0"/>
      <line num="1137" type="stmt" count="0"/>
      <line num="1139" type="stmt" count="0"/>
      <line num="1142" type="stmt" count="0"/>
      <line num="1147" type="stmt" count="0"/>
      <line num="1149" type="stmt" count="0"/>
      <line num="1151" type="stmt" count="0"/>
      <line num="1155" type="stmt" count="0"/>
      <line num="1158" type="stmt" count="0"/>
      <line num="1163" type="stmt" count="0"/>
      <line num="1168" type="stmt" count="0"/>
      <line num="1173" type="stmt" count="0"/>
      <line num="1175" type="stmt" count="0"/>
      <line num="1176" type="stmt" count="0"/>
      <line num="1177" type="stmt" count="0"/>
      <line num="1179" type="stmt" count="0"/>
      <line num="1180" type="stmt" count="0"/>
      <line num="1186" type="stmt" count="0"/>
      <line num="1187" type="stmt" count="0"/>
      <line num="1188" type="stmt" count="0"/>
      <line num="1189" type="stmt" count="0"/>
      <line num="1190" type="stmt" count="0"/>
      <line num="1191" type="stmt" count="0"/>
      <line num="1192" type="stmt" count="0"/>
      <line num="1204" type="stmt" count="0"/>
      <line num="1206" type="stmt" count="0"/>
      <line num="1208" type="stmt" count="0"/>
      <line num="1210" type="stmt" count="0"/>
      <line num="1212" type="stmt" count="0"/>
      <line num="1214" type="stmt" count="0"/>
      <line num="1216" type="stmt" count="0"/>
      <line num="1218" type="stmt" count="0"/>
      <line num="1220" type="stmt" count="0"/>
      <line num="1222" type="stmt" count="0"/>
      <line num="1225" type="stmt" count="0"/>
      <line num="1251" type="stmt" count="0"/>
      <line num="1253" type="stmt" count="0"/>
      <line num="1255" type="stmt" count="0"/>
      <line num="1258" type="stmt" count="0"/>
      <line num="1263" type="stmt" count="0"/>
      <line num="1265" type="stmt" count="0"/>
      <line num="1267" type="stmt" count="0"/>
      <line num="1270" type="stmt" count="0"/>
      <line num="1272" type="stmt" count="0"/>
      <line num="1275" type="stmt" count="0"/>
      <line num="1286" type="stmt" count="0"/>
      <line num="1287" type="stmt" count="0"/>
      <line num="1288" type="stmt" count="0"/>
      <line num="1290" type="stmt" count="0"/>
      <line num="1296" type="stmt" count="0"/>
      <line num="1298" type="stmt" count="0"/>
      <line num="1300" type="stmt" count="0"/>
      <line num="1302" type="stmt" count="0"/>
      <line num="1311" type="stmt" count="0"/>
      <line num="1315" type="stmt" count="0"/>
      <line num="1317" type="stmt" count="0"/>
      <line num="1318" type="stmt" count="0"/>
      <line num="1320" type="stmt" count="0"/>
      <line num="1322" type="stmt" count="0"/>
      <line num="1326" type="stmt" count="0"/>
      <line num="1329" type="stmt" count="0"/>
      <line num="1333" type="stmt" count="0"/>
      <line num="1334" type="stmt" count="0"/>
      <line num="1341" type="stmt" count="0"/>
      <line num="1342" type="stmt" count="0"/>
      <line num="1349" type="stmt" count="9"/>
      <line num="1354" type="stmt" count="0"/>
      <line num="1366" type="stmt" count="0"/>
      <line num="1368" type="stmt" count="0"/>
      <line num="1370" type="stmt" count="0"/>
      <line num="1372" type="stmt" count="0"/>
      <line num="1374" type="stmt" count="0"/>
      <line num="1376" type="stmt" count="0"/>
      <line num="1378" type="stmt" count="0"/>
      <line num="1380" type="stmt" count="0"/>
      <line num="1383" type="stmt" count="0"/>
      <line num="1385" type="stmt" count="0"/>
      <line num="1387" type="stmt" count="0"/>
      <line num="1389" type="stmt" count="0"/>
      <line num="1392" type="stmt" count="0"/>
      <line num="1393" type="stmt" count="0"/>
      <line num="1397" type="stmt" count="0"/>
      <line num="1400" type="stmt" count="0"/>
      <line num="1402" type="stmt" count="0"/>
      <line num="1404" type="stmt" count="0"/>
      <line num="1405" type="stmt" count="0"/>
      <line num="1407" type="stmt" count="0"/>
      <line num="1408" type="stmt" count="0"/>
      <line num="1413" type="stmt" count="0"/>
      <line num="1415" type="stmt" count="0"/>
      <line num="1417" type="stmt" count="0"/>
      <line num="1419" type="stmt" count="0"/>
      <line num="1423" type="stmt" count="0"/>
      <line num="1426" type="stmt" count="0"/>
      <line num="1429" type="stmt" count="0"/>
      <line num="1431" type="stmt" count="0"/>
      <line num="1433" type="stmt" count="0"/>
      <line num="1434" type="stmt" count="0"/>
      <line num="1438" type="stmt" count="0"/>
      <line num="1439" type="stmt" count="0"/>
      <line num="1440" type="stmt" count="0"/>
      <line num="1442" type="stmt" count="0"/>
      <line num="1444" type="stmt" count="0"/>
      <line num="1448" type="stmt" count="0"/>
      <line num="1451" type="stmt" count="0"/>
      <line num="1453" type="stmt" count="0"/>
      <line num="1458" type="stmt" count="0"/>
      <line num="1460" type="stmt" count="0"/>
      <line num="1461" type="stmt" count="0"/>
      <line num="1465" type="stmt" count="0"/>
      <line num="1466" type="stmt" count="0"/>
      <line num="1469" type="stmt" count="0"/>
      <line num="1471" type="stmt" count="0"/>
      <line num="1473" type="stmt" count="0"/>
      <line num="1474" type="stmt" count="0"/>
      <line num="1477" type="stmt" count="0"/>
      <line num="1479" type="stmt" count="0"/>
      <line num="1483" type="stmt" count="0"/>
      <line num="1486" type="stmt" count="0"/>
      <line num="1488" type="stmt" count="0"/>
      <line num="1491" type="stmt" count="0"/>
      <line num="1492" type="stmt" count="0"/>
      <line num="1494" type="stmt" count="0"/>
      <line num="1496" type="stmt" count="0"/>
      <line num="1497" type="stmt" count="0"/>
      <line num="1500" type="stmt" count="0"/>
      <line num="1501" type="stmt" count="0"/>
      <line num="1504" type="stmt" count="0"/>
      <line num="1506" type="stmt" count="0"/>
      <line num="1511" type="stmt" count="0"/>
      <line num="1513" type="stmt" count="0"/>
      <line num="1514" type="stmt" count="0"/>
      <line num="1519" type="stmt" count="1"/>
      <line num="1523" type="stmt" count="1"/>
      <line num="1526" type="stmt" count="1"/>
      <line num="1527" type="stmt" count="0"/>
      <line num="1530" type="stmt" count="1"/>
      <line num="1532" type="stmt" count="1"/>
      <line num="1534" type="stmt" count="0"/>
      <line num="1538" type="stmt" count="1"/>
      <line num="1541" type="stmt" count="1"/>
      <line num="1542" type="stmt" count="1"/>
      <line num="1543" type="stmt" count="1"/>
      <line num="1544" type="stmt" count="1"/>
      <line num="1549" type="stmt" count="1"/>
      <line num="1555" type="stmt" count="2"/>
      <line num="1557" type="stmt" count="2"/>
      <line num="1559" type="stmt" count="2"/>
      <line num="1561" type="stmt" count="2"/>
      <line num="1563" type="stmt" count="1"/>
      <line num="1565" type="stmt" count="1"/>
      <line num="1566" type="stmt" count="1"/>
      <line num="1568" type="stmt" count="1"/>
      <line num="1570" type="stmt" count="1"/>
      <line num="1572" type="stmt" count="1"/>
      <line num="1573" type="stmt" count="1"/>
      <line num="1578" type="stmt" count="2"/>
      <line num="1580" type="stmt" count="2"/>
      <line num="1581" type="stmt" count="2"/>
      <line num="1593" type="stmt" count="1"/>
      <line num="1595" type="stmt" count="1"/>
      <line num="1597" type="stmt" count="1"/>
      <line num="1601" type="stmt" count="1"/>
      <line num="1603" type="stmt" count="1"/>
      <line num="1605" type="stmt" count="1"/>
      <line num="1607" type="stmt" count="1"/>
      <line num="1609" type="stmt" count="0"/>
      <line num="1612" type="stmt" count="0"/>
      <line num="1614" type="stmt" count="0"/>
      <line num="1616" type="stmt" count="1"/>
      <line num="1620" type="stmt" count="0"/>
      <line num="1621" type="stmt" count="0"/>
      <line num="1622" type="stmt" count="0"/>
      <line num="1625" type="stmt" count="1"/>
      <line num="1628" type="stmt" count="1"/>
      <line num="1630" type="stmt" count="1"/>
      <line num="1634" type="stmt" count="0"/>
      <line num="1637" type="stmt" count="1"/>
      <line num="1638" type="stmt" count="0"/>
      <line num="1642" type="stmt" count="1"/>
      <line num="1643" type="stmt" count="0"/>
      <line num="1646" type="stmt" count="1"/>
      <line num="1648" type="stmt" count="1"/>
      <line num="1650" type="stmt" count="0"/>
      <line num="1652" type="stmt" count="0"/>
      <line num="1654" type="stmt" count="0"/>
      <line num="1657" type="stmt" count="1"/>
      <line num="1659" type="stmt" count="0"/>
      <line num="1662" type="stmt" count="1"/>
      <line num="1664" type="stmt" count="1"/>
      <line num="1669" type="stmt" count="1"/>
      <line num="1670" type="stmt" count="1"/>
      <line num="1672" type="stmt" count="1"/>
      <line num="1674" type="stmt" count="1"/>
      <line num="1677" type="stmt" count="1"/>
      <line num="1678" type="stmt" count="1"/>
      <line num="1681" type="stmt" count="1"/>
      <line num="1683" type="stmt" count="1"/>
      <line num="1685" type="stmt" count="1"/>
      <line num="1689" type="stmt" count="0"/>
      <line num="1697" type="stmt" count="0"/>
      <line num="1698" type="stmt" count="0"/>
      <line num="1701" type="stmt" count="0"/>
      <line num="1703" type="stmt" count="0"/>
      <line num="1704" type="stmt" count="0"/>
      <line num="1707" type="stmt" count="0"/>
      <line num="1709" type="stmt" count="0"/>
      <line num="1713" type="stmt" count="0"/>
      <line num="1716" type="stmt" count="0"/>
      <line num="1718" type="stmt" count="0"/>
      <line num="1722" type="stmt" count="0"/>
      <line num="1724" type="stmt" count="0"/>
      <line num="1728" type="stmt" count="0"/>
      <line num="1731" type="stmt" count="0"/>
      <line num="1734" type="stmt" count="0"/>
      <line num="1738" type="stmt" count="0"/>
      <line num="1740" type="stmt" count="0"/>
      <line num="1741" type="stmt" count="0"/>
      <line num="1742" type="stmt" count="0"/>
      <line num="1743" type="stmt" count="0"/>
      <line num="1746" type="stmt" count="0"/>
      <line num="1747" type="stmt" count="0"/>
      <line num="1749" type="stmt" count="0"/>
      <line num="1754" type="stmt" count="0"/>
      <line num="1758" type="stmt" count="0"/>
      <line num="1759" type="stmt" count="0"/>
      <line num="1761" type="stmt" count="0"/>
      <line num="1763" type="stmt" count="0"/>
      <line num="1764" type="stmt" count="0"/>
      <line num="1769" type="stmt" count="0"/>
      <line num="1772" type="stmt" count="0"/>
      <line num="1774" type="stmt" count="0"/>
      <line num="1778" type="stmt" count="0"/>
      <line num="1779" type="stmt" count="0"/>
      <line num="1781" type="stmt" count="0"/>
      <line num="1783" type="stmt" count="0"/>
      <line num="1785" type="stmt" count="0"/>
      <line num="1788" type="stmt" count="0"/>
      <line num="1790" type="stmt" count="0"/>
      <line num="1792" type="stmt" count="0"/>
      <line num="1794" type="stmt" count="0"/>
      <line num="1795" type="stmt" count="0"/>
      <line num="1796" type="stmt" count="0"/>
      <line num="1797" type="stmt" count="0"/>
      <line num="1798" type="stmt" count="0"/>
      <line num="1800" type="stmt" count="0"/>
      <line num="1802" type="stmt" count="0"/>
      <line num="1804" type="stmt" count="0"/>
      <line num="1807" type="stmt" count="0"/>
      <line num="1808" type="stmt" count="0"/>
      <line num="1809" type="stmt" count="0"/>
      <line num="1810" type="stmt" count="0"/>
      <line num="1812" type="stmt" count="0"/>
      <line num="1814" type="stmt" count="0"/>
      <line num="1816" type="stmt" count="0"/>
      <line num="1824" type="stmt" count="0"/>
      <line num="1827" type="stmt" count="0"/>
      <line num="1829" type="stmt" count="0"/>
      <line num="1833" type="stmt" count="0"/>
      <line num="1838" type="stmt" count="0"/>
      <line num="1840" type="stmt" count="0"/>
      <line num="1842" type="stmt" count="0"/>
      <line num="1845" type="stmt" count="0"/>
      <line num="1851" type="stmt" count="0"/>
      <line num="1852" type="stmt" count="0"/>
      <line num="1855" type="stmt" count="0"/>
      <line num="1857" type="stmt" count="0"/>
      <line num="1859" type="stmt" count="0"/>
      <line num="1861" type="stmt" count="0"/>
      <line num="1862" type="stmt" count="0"/>
      <line num="1863" type="stmt" count="0"/>
      <line num="1867" type="stmt" count="0"/>
      <line num="1868" type="stmt" count="0"/>
      <line num="1869" type="stmt" count="0"/>
      <line num="1871" type="stmt" count="0"/>
      <line num="1874" type="stmt" count="0"/>
      <line num="1876" type="stmt" count="0"/>
      <line num="1877" type="stmt" count="0"/>
      <line num="1879" type="stmt" count="0"/>
      <line num="1880" type="stmt" count="0"/>
      <line num="1886" type="stmt" count="0"/>
      <line num="1887" type="stmt" count="0"/>
      <line num="1888" type="stmt" count="0"/>
      <line num="1892" type="stmt" count="0"/>
      <line num="1894" type="stmt" count="0"/>
      <line num="1897" type="stmt" count="0"/>
      <line num="1898" type="stmt" count="0"/>
      <line num="1904" type="stmt" count="0"/>
      <line num="1905" type="stmt" count="0"/>
      <line num="1906" type="stmt" count="0"/>
      <line num="1908" type="stmt" count="0"/>
      <line num="1910" type="stmt" count="0"/>
      <line num="1912" type="stmt" count="0"/>
      <line num="1914" type="stmt" count="0"/>
      <line num="1915" type="stmt" count="0"/>
      <line num="1916" type="stmt" count="0"/>
      <line num="1917" type="stmt" count="0"/>
      <line num="1918" type="stmt" count="0"/>
      <line num="1919" type="stmt" count="0"/>
      <line num="1920" type="stmt" count="0"/>
      <line num="1921" type="stmt" count="0"/>
      <line num="1923" type="stmt" count="0"/>
      <line num="1925" type="stmt" count="0"/>
      <line num="1926" type="stmt" count="0"/>
      <line num="1927" type="stmt" count="0"/>
      <line num="1928" type="stmt" count="0"/>
      <line num="1930" type="stmt" count="0"/>
      <line num="1931" type="stmt" count="0"/>
      <line num="1933" type="stmt" count="0"/>
      <line num="1935" type="stmt" count="0"/>
      <line num="1936" type="stmt" count="0"/>
      <line num="1937" type="stmt" count="0"/>
      <line num="1938" type="stmt" count="0"/>
      <line num="1939" type="stmt" count="0"/>
      <line num="1940" type="stmt" count="0"/>
      <line num="1941" type="stmt" count="0"/>
      <line num="1942" type="stmt" count="0"/>
      <line num="1943" type="stmt" count="0"/>
      <line num="1945" type="stmt" count="0"/>
      <line num="1946" type="stmt" count="0"/>
      <line num="1947" type="stmt" count="0"/>
      <line num="1948" type="stmt" count="0"/>
      <line num="1950" type="stmt" count="0"/>
      <line num="1951" type="stmt" count="0"/>
      <line num="1955" type="stmt" count="0"/>
      <line num="1956" type="stmt" count="0"/>
      <line num="1958" type="stmt" count="0"/>
      <line num="1961" type="stmt" count="0"/>
      <line num="1963" type="stmt" count="0"/>
      <line num="1972" type="stmt" count="1"/>
      <line num="1974" type="stmt" count="1"/>
      <line num="1976" type="stmt" count="1"/>
      <line num="1977" type="stmt" count="1"/>
      <line num="1980" type="stmt" count="1"/>
      <line num="1981" type="stmt" count="1"/>
      <line num="1982" type="stmt" count="1"/>
      <line num="1984" type="stmt" count="1"/>
      <line num="1987" type="stmt" count="1"/>
      <line num="1990" type="stmt" count="1"/>
      <line num="1992" type="stmt" count="1"/>
      <line num="1993" type="stmt" count="1"/>
      <line num="1995" type="stmt" count="1"/>
      <line num="1997" type="stmt" count="1"/>
      <line num="2000" type="stmt" count="1"/>
      <line num="2002" type="stmt" count="0"/>
      <line num="2006" type="stmt" count="1"/>
      <line num="2009" type="stmt" count="1"/>
      <line num="2010" type="stmt" count="1"/>
      <line num="2011" type="stmt" count="1"/>
      <line num="2013" type="stmt" count="1"/>
      <line num="2014" type="stmt" count="1"/>
      <line num="2015" type="stmt" count="1"/>
      <line num="2018" type="stmt" count="1"/>
      <line num="2019" type="stmt" count="1"/>
      <line num="2020" type="stmt" count="1"/>
      <line num="2021" type="stmt" count="1"/>
      <line num="2022" type="stmt" count="1"/>
      <line num="2023" type="stmt" count="1"/>
      <line num="2024" type="stmt" count="1"/>
      <line num="2027" type="stmt" count="1"/>
      <line num="2028" type="stmt" count="1"/>
      <line num="2029" type="stmt" count="1"/>
      <line num="2030" type="stmt" count="1"/>
      <line num="2031" type="stmt" count="1"/>
      <line num="2032" type="stmt" count="1"/>
      <line num="2033" type="stmt" count="1"/>
      <line num="2034" type="stmt" count="1"/>
      <line num="2048" type="stmt" count="0"/>
      <line num="2050" type="stmt" count="0"/>
      <line num="2056" type="stmt" count="1"/>
      <line num="2058" type="stmt" count="1"/>
      <line num="2059" type="stmt" count="1"/>
      <line num="2061" type="stmt" count="1"/>
      <line num="2064" type="stmt" count="1"/>
      <line num="2073" type="stmt" count="0"/>
      <line num="2074" type="stmt" count="0"/>
      <line num="2075" type="stmt" count="0"/>
      <line num="2077" type="stmt" count="0"/>
      <line num="2079" type="stmt" count="0"/>
      <line num="2083" type="stmt" count="0"/>
      <line num="2086" type="stmt" count="0"/>
      <line num="2088" type="stmt" count="0"/>
      <line num="2090" type="stmt" count="0"/>
      <line num="2094" type="stmt" count="0"/>
      <line num="2095" type="stmt" count="0"/>
      <line num="2098" type="stmt" count="0"/>
      <line num="2099" type="stmt" count="0"/>
      <line num="2100" type="stmt" count="0"/>
      <line num="2108" type="stmt" count="0"/>
      <line num="2110" type="stmt" count="0"/>
      <line num="2112" type="stmt" count="0"/>
      <line num="2116" type="stmt" count="0"/>
      <line num="2118" type="stmt" count="0"/>
      <line num="2119" type="stmt" count="0"/>
      <line num="2120" type="stmt" count="0"/>
      <line num="2121" type="stmt" count="0"/>
      <line num="2131" type="stmt" count="1"/>
      <line num="2132" type="stmt" count="1"/>
      <line num="2133" type="stmt" count="1"/>
      <line num="2134" type="stmt" count="1"/>
      <line num="2135" type="stmt" count="1"/>
      <line num="2147" type="stmt" count="1"/>
      <line num="2149" type="stmt" count="1"/>
      <line num="2151" type="stmt" count="1"/>
      <line num="2158" type="stmt" count="0"/>
      <line num="2159" type="stmt" count="0"/>
      <line num="2160" type="stmt" count="0"/>
      <line num="2162" type="stmt" count="0"/>
      <line num="2163" type="stmt" count="0"/>
      <line num="2176" type="stmt" count="0"/>
      <line num="2177" type="stmt" count="0"/>
      <line num="2180" type="stmt" count="0"/>
      <line num="2181" type="stmt" count="0"/>
      <line num="2187" type="stmt" count="0"/>
      <line num="2200" type="stmt" count="0"/>
      <line num="2201" type="stmt" count="0"/>
      <line num="2202" type="stmt" count="0"/>
      <line num="2208" type="stmt" count="0"/>
      <line num="2210" type="stmt" count="0"/>
      <line num="2211" type="stmt" count="0"/>
      <line num="2212" type="stmt" count="0"/>
      <line num="2213" type="stmt" count="0"/>
      <line num="2228" type="stmt" count="0"/>
      <line num="2229" type="stmt" count="0"/>
      <line num="2232" type="stmt" count="0"/>
      <line num="2240" type="stmt" count="0"/>
      <line num="2245" type="stmt" count="0"/>
      <line num="2247" type="stmt" count="0"/>
      <line num="2250" type="stmt" count="0"/>
      <line num="2252" type="stmt" count="0"/>
      <line num="2256" type="stmt" count="0"/>
      <line num="2257" type="stmt" count="0"/>
      <line num="2259" type="stmt" count="0"/>
      <line num="2260" type="stmt" count="0"/>
      <line num="2264" type="stmt" count="0"/>
      <line num="2265" type="stmt" count="0"/>
      <line num="2267" type="stmt" count="0"/>
      <line num="2269" type="stmt" count="0"/>
      <line num="2272" type="stmt" count="0"/>
      <line num="2273" type="stmt" count="0"/>
      <line num="2275" type="stmt" count="0"/>
      <line num="2277" type="stmt" count="0"/>
      <line num="2278" type="stmt" count="0"/>
      <line num="2282" type="stmt" count="0"/>
      <line num="2284" type="stmt" count="0"/>
      <line num="2286" type="stmt" count="0"/>
      <line num="2287" type="stmt" count="0"/>
      <line num="2291" type="stmt" count="0"/>
      <line num="2292" type="stmt" count="0"/>
      <line num="2294" type="stmt" count="0"/>
      <line num="2303" type="stmt" count="0"/>
      <line num="2305" type="stmt" count="0"/>
      <line num="2315" type="stmt" count="0"/>
      <line num="2317" type="stmt" count="0"/>
      <line num="2318" type="stmt" count="0"/>
      <line num="2321" type="stmt" count="0"/>
      <line num="2323" type="stmt" count="0"/>
      <line num="2326" type="stmt" count="0"/>
      <line num="2327" type="stmt" count="0"/>
      <line num="2328" type="stmt" count="0"/>
      <line num="2329" type="stmt" count="0"/>
      <line num="2331" type="stmt" count="0"/>
      <line num="2332" type="stmt" count="0"/>
      <line num="2333" type="stmt" count="0"/>
      <line num="2335" type="stmt" count="0"/>
      <line num="2339" type="stmt" count="0"/>
      <line num="2347" type="stmt" count="0"/>
      <line num="2349" type="stmt" count="0"/>
      <line num="2351" type="stmt" count="0"/>
      <line num="2352" type="stmt" count="0"/>
      <line num="2353" type="stmt" count="0"/>
      <line num="2354" type="stmt" count="0"/>
      <line num="2355" type="stmt" count="0"/>
      <line num="2358" type="stmt" count="0"/>
      <line num="2359" type="stmt" count="0"/>
      <line num="2364" type="stmt" count="0"/>
      <line num="2374" type="stmt" count="0"/>
      <line num="2376" type="stmt" count="0"/>
      <line num="2378" type="stmt" count="0"/>
      <line num="2384" type="stmt" count="0"/>
      <line num="2386" type="stmt" count="0"/>
      <line num="2387" type="stmt" count="0"/>
      <line num="2388" type="stmt" count="0"/>
      <line num="2389" type="stmt" count="0"/>
      <line num="2390" type="stmt" count="0"/>
      <line num="2393" type="stmt" count="0"/>
      <line num="2394" type="stmt" count="0"/>
      <line num="2407" type="stmt" count="0"/>
      <line num="2409" type="stmt" count="0"/>
      <line num="2410" type="stmt" count="0"/>
      <line num="2411" type="stmt" count="0"/>
      <line num="2412" type="stmt" count="0"/>
      <line num="2413" type="stmt" count="0"/>
      <line num="2416" type="stmt" count="0"/>
      <line num="2417" type="stmt" count="0"/>
      <line num="2424" type="stmt" count="0"/>
      <line num="2425" type="stmt" count="0"/>
      <line num="2433" type="stmt" count="0"/>
      <line num="2434" type="stmt" count="0"/>
      <line num="2435" type="stmt" count="0"/>
      <line num="2436" type="stmt" count="0"/>
      <line num="2437" type="stmt" count="0"/>
      <line num="2441" type="stmt" count="0"/>
      <line num="2442" type="stmt" count="0"/>
      <line num="2445" type="stmt" count="0"/>
      <line num="2460" type="stmt" count="0"/>
      <line num="2462" type="stmt" count="0"/>
      <line num="2465" type="stmt" count="0"/>
      <line num="2466" type="stmt" count="0"/>
      <line num="2469" type="stmt" count="0"/>
      <line num="2471" type="stmt" count="0"/>
      <line num="2478" type="stmt" count="0"/>
      <line num="2480" type="stmt" count="0"/>
      <line num="2482" type="stmt" count="0"/>
      <line num="2484" type="stmt" count="0"/>
      <line num="2486" type="stmt" count="0"/>
      <line num="2489" type="stmt" count="0"/>
      <line num="2491" type="stmt" count="0"/>
      <line num="2495" type="stmt" count="0"/>
      <line num="2499" type="stmt" count="0"/>
      <line num="2501" type="stmt" count="0"/>
      <line num="2507" type="stmt" count="0"/>
      <line num="2509" type="stmt" count="0"/>
      <line num="2512" type="stmt" count="0"/>
      <line num="2513" type="stmt" count="0"/>
      <line num="2514" type="stmt" count="0"/>
      <line num="2517" type="stmt" count="0"/>
      <line num="2519" type="stmt" count="0"/>
      <line num="2521" type="stmt" count="0"/>
      <line num="2523" type="stmt" count="0"/>
      <line num="2525" type="stmt" count="0"/>
      <line num="2527" type="stmt" count="0"/>
      <line num="2531" type="stmt" count="0"/>
      <line num="2538" type="stmt" count="0"/>
      <metrics loc="2545" ncloc="2306" classes="0" methods="0" coveredmethods="0" conditionals="0" coveredconditionals="0" statements="896" coveredstatements="265" elements="896" coveredelements="265"/>
    </file>
    <metrics files="2" loc="3159" ncloc="2783" classes="1" methods="15" coveredmethods="5" conditionals="0" coveredconditionals="0" statements="1085" coveredstatements="280" elements="1100" coveredelements="285"/>
  </project>
</coverage>
