<?xml version="1.0" encoding="UTF-8"?>
<coverage generated="1511534670">
  <project timestamp="1511534670">
    <file name="/Users/tessy/workspace/wordpress/wp-content/plugins/razorpay-woocommerce/includes/razorpay-webhook.php">
      <class name="RZP_Webhook" namespace="global" fullPackage="RZP">
        <metrics complexity="23" methods="6" coveredmethods="1" conditionals="0" coveredconditionals="0" statements="69" coveredstatements="5" elements="75" coveredelements="6"/>
      </class>
      <line num="29" type="method" name="__construct" complexity="1" crap="1" count="1"/>
      <line num="31" type="stmt" count="1"/>
      <line num="33" type="stmt" count="1"/>
      <line num="34" type="stmt" count="1"/>
      <line num="48" type="method" name="process" visibility="public" complexity="9" crap="90" count="0"/>
      <line num="50" type="stmt" count="0"/>
      <line num="52" type="stmt" count="0"/>
      <line num="54" type="stmt" count="0"/>
      <line num="56" type="stmt" count="0"/>
      <line num="59" type="stmt" count="0"/>
      <line num="61" type="stmt" count="0"/>
      <line num="62" type="stmt" count="0"/>
      <line num="64" type="stmt" count="0"/>
      <line num="66" type="stmt" count="0"/>
      <line num="71" type="stmt" count="0"/>
      <line num="73" type="stmt" count="0"/>
      <line num="78" type="stmt" count="0"/>
      <line num="79" type="stmt" count="0"/>
      <line num="80" type="stmt" count="0"/>
      <line num="82" type="stmt" count="0"/>
      <line num="85" type="stmt" count="0"/>
      <line num="86" type="stmt" count="0"/>
      <line num="87" type="stmt" count="0"/>
      <line num="90" type="stmt" count="0"/>
      <line num="91" type="stmt" count="0"/>
      <line num="94" type="stmt" count="0"/>
      <line num="96" type="stmt" count="0"/>
      <line num="97" type="stmt" count="0"/>
      <line num="99" type="stmt" count="0"/>
      <line num="100" type="stmt" count="0"/>
      <line num="103" type="stmt" count="0"/>
      <line num="107" type="stmt" count="0"/>
      <line num="113" type="method" name="paymentFailed" visibility="protected" complexity="1" crap="2" count="0"/>
      <line num="115" type="stmt" count="0"/>
      <line num="123" type="method" name="paymentAuthorized" visibility="protected" complexity="8" crap="72" count="0"/>
      <line num="126" type="stmt" count="0"/>
      <line num="128" type="stmt" count="0"/>
      <line num="134" type="stmt" count="0"/>
      <line num="136" type="stmt" count="0"/>
      <line num="139" type="stmt" count="0"/>
      <line num="141" type="stmt" count="0"/>
      <line num="144" type="stmt" count="0"/>
      <line num="146" type="stmt" count="0"/>
      <line num="148" type="stmt" count="0"/>
      <line num="150" type="stmt" count="0"/>
      <line num="151" type="stmt" count="0"/>
      <line num="153" type="stmt" count="0"/>
      <line num="155" type="stmt" count="0"/>
      <line num="157" type="stmt" count="0"/>
      <line num="158" type="stmt" count="0"/>
      <line num="166" type="stmt" count="0"/>
      <line num="168" type="stmt" count="0"/>
      <line num="170" type="stmt" count="0"/>
      <line num="176" type="stmt" count="0"/>
      <line num="177" type="stmt" count="0"/>
      <line num="178" type="stmt" count="0"/>
      <line num="181" type="stmt" count="0"/>
      <line num="186" type="stmt" count="0"/>
      <line num="188" type="stmt" count="0"/>
      <line num="190" type="stmt" count="0"/>
      <line num="195" type="stmt" count="0"/>
      <line num="198" type="stmt" count="0"/>
      <line num="201" type="method" name="getPaymentEntity" visibility="protected" complexity="2" crap="6" count="0"/>
      <line num="205" type="stmt" count="0"/>
      <line num="207" type="stmt" count="0"/>
      <line num="210" type="stmt" count="0"/>
      <line num="211" type="stmt" count="0"/>
      <line num="212" type="stmt" count="0"/>
      <line num="215" type="stmt" count="0"/>
      <line num="217" type="stmt" count="0"/>
      <line num="220" type="stmt" count="0"/>
      <line num="228" type="method" name="getOrderAmountAsInteger" visibility="public" complexity="2" crap="2.15" count="1"/>
      <line num="230" type="stmt" count="1"/>
      <line num="232" type="stmt" count="1"/>
      <line num="235" type="stmt" count="0"/>
      <metrics loc="237" ncloc="162" classes="1" methods="6" coveredmethods="1" conditionals="0" coveredconditionals="0" statements="69" coveredstatements="5" elements="75" coveredelements="6"/>
    </file>
    <file name="/Users/tessy/workspace/wordpress/wp-content/plugins/razorpay-woocommerce/woo-razorpay.php">
      <class name="WC_Razorpay" namespace="global" fullPackage="WC">
        <metrics complexity="84" methods="36" coveredmethods="7" conditionals="0" coveredconditionals="0" statements="304" coveredstatements="122" elements="340" coveredelements="129"/>
      </class>
      <line num="31" type="stmt" count="0"/>
      <line num="33" type="stmt" count="0"/>
      <line num="108" type="method" name="getSetting" visibility="public" complexity="1" crap="1" count="16"/>
      <line num="110" type="stmt" count="16"/>
      <line num="118" type="method" name="__construct" visibility="public" complexity="2" crap="2" count="16"/>
      <line num="120" type="stmt" count="16"/>
      <line num="122" type="stmt" count="16"/>
      <line num="123" type="stmt" count="16"/>
      <line num="127" type="stmt" count="16"/>
      <line num="129" type="stmt" count="1"/>
      <line num="132" type="stmt" count="16"/>
      <line num="133" type="stmt" count="16"/>
      <line num="135" type="method" name="initHooks" visibility="protected" complexity="2" crap="2.01" count="1"/>
      <line num="137" type="stmt" count="1"/>
      <line num="139" type="stmt" count="1"/>
      <line num="141" type="stmt" count="1"/>
      <line num="143" type="stmt" count="1"/>
      <line num="145" type="stmt" count="1"/>
      <line num="147" type="stmt" count="1"/>
      <line num="151" type="stmt" count="0"/>
      <line num="153" type="stmt" count="1"/>
      <line num="155" type="method" name="init_form_fields" visibility="public" complexity="3" crap="3" count="16"/>
      <line num="157" type="stmt" count="16"/>
      <line num="160" type="stmt" count="16"/>
      <line num="161" type="stmt" count="16"/>
      <line num="162" type="stmt" count="16"/>
      <line num="163" type="stmt" count="16"/>
      <line num="164" type="stmt" count="16"/>
      <line num="167" type="stmt" count="16"/>
      <line num="168" type="stmt" count="16"/>
      <line num="169" type="stmt" count="16"/>
      <line num="170" type="stmt" count="16"/>
      <line num="173" type="stmt" count="16"/>
      <line num="174" type="stmt" count="16"/>
      <line num="175" type="stmt" count="16"/>
      <line num="176" type="stmt" count="16"/>
      <line num="179" type="stmt" count="16"/>
      <line num="180" type="stmt" count="16"/>
      <line num="181" type="stmt" count="16"/>
      <line num="184" type="stmt" count="16"/>
      <line num="185" type="stmt" count="16"/>
      <line num="186" type="stmt" count="16"/>
      <line num="189" type="stmt" count="16"/>
      <line num="190" type="stmt" count="16"/>
      <line num="191" type="stmt" count="16"/>
      <line num="199" type="stmt" count="16"/>
      <line num="200" type="stmt" count="16"/>
      <line num="201" type="stmt" count="16"/>
      <line num="202" type="stmt" count="16"/>
      <line num="203" type="stmt" count="16"/>
      <line num="206" type="stmt" count="16"/>
      <line num="207" type="stmt" count="16"/>
      <line num="208" type="stmt" count="16"/>
      <line num="209" type="stmt" count="16"/>
      <line num="213" type="stmt" count="16"/>
      <line num="215" type="stmt" count="16"/>
      <line num="217" type="stmt" count="16"/>
      <line num="220" type="stmt" count="16"/>
      <line num="222" type="method" name="admin_options" visibility="public" complexity="1" crap="2" count="0"/>
      <line num="224" type="stmt" count="0"/>
      <line num="225" type="stmt" count="0"/>
      <line num="226" type="stmt" count="0"/>
      <line num="229" type="stmt" count="0"/>
      <line num="230" type="stmt" count="0"/>
      <line num="231" type="stmt" count="0"/>
      <line num="233" type="method" name="get_description" visibility="public" complexity="1" crap="1" count="1"/>
      <line num="235" type="stmt" count="1"/>
      <line num="242" type="method" name="receipt_page" complexity="1" crap="2" count="0"/>
      <line num="244" type="stmt" count="0"/>
      <line num="245" type="stmt" count="0"/>
      <line num="252" type="method" name="getOrderSessionKey" visibility="protected" complexity="1" crap="1" count="1"/>
      <line num="254" type="stmt" count="1"/>
      <line num="266" type="method" name="createOrGetRazorpayOrderId" visibility="protected" complexity="8" crap="9.63" count="1"/>
      <line num="268" type="stmt" count="1"/>
      <line num="270" type="stmt" count="1"/>
      <line num="272" type="stmt" count="1"/>
      <line num="276" type="stmt" count="1"/>
      <line num="280" type="stmt" count="1"/>
      <line num="281" type="stmt" count="1"/>
      <line num="283" type="stmt" count="1"/>
      <line num="287" type="stmt" count="1"/>
      <line num="292" type="stmt" count="0"/>
      <line num="294" type="stmt" count="0"/>
      <line num="297" type="stmt" count="1"/>
      <line num="301" type="stmt" count="1"/>
      <line num="304" type="stmt" count="1"/>
      <line num="306" type="stmt" count="1"/>
      <line num="310" type="stmt" count="0"/>
      <line num="312" type="stmt" count="0"/>
      <line num="315" type="stmt" count="0"/>
      <line num="321" type="method" name="getRedirectUrl" visibility="private" complexity="1" crap="2" count="0"/>
      <line num="323" type="stmt" count="0"/>
      <line num="332" type="method" name="getRazorpayPaymentParams" visibility="protected" complexity="3" crap="3.21" count="1"/>
      <line num="334" type="stmt" count="1"/>
      <line num="336" type="stmt" count="1"/>
      <line num="338" type="stmt" count="0"/>
      <line num="340" type="stmt" count="1"/>
      <line num="342" type="stmt" count="1"/>
      <line num="344" type="stmt" count="1"/>
      <line num="348" type="stmt" count="0"/>
      <line num="356" type="method" name="generate_razorpay_form" visibility="public" complexity="2" crap="2.50" count="1"/>
      <line num="358" type="stmt" count="1"/>
      <line num="362" type="stmt" count="1"/>
      <line num="364" type="stmt" count="1"/>
      <line num="366" type="stmt" count="1"/>
      <line num="369" type="stmt" count="0"/>
      <line num="371" type="stmt" count="0"/>
      <line num="373" type="stmt" count="0"/>
      <line num="375" type="stmt" count="0"/>
      <line num="383" type="method" name="getDefaultCheckoutArguments" visibility="private" complexity="1" crap="2" count="0"/>
      <line num="385" type="stmt" count="0"/>
      <line num="387" type="stmt" count="0"/>
      <line num="389" type="stmt" count="0"/>
      <line num="392" type="stmt" count="0"/>
      <line num="393" type="stmt" count="0"/>
      <line num="395" type="stmt" count="0"/>
      <line num="397" type="stmt" count="0"/>
      <line num="399" type="stmt" count="0"/>
      <line num="400" type="stmt" count="0"/>
      <line num="408" type="method" name="getOrderCurrency" visibility="private" complexity="2" crap="6" count="0"/>
      <line num="410" type="stmt" count="0"/>
      <line num="412" type="stmt" count="0"/>
      <line num="415" type="stmt" count="0"/>
      <line num="423" type="method" name="getDisplayAmount" visibility="protected" complexity="1" crap="2" count="0"/>
      <line num="425" type="stmt" count="0"/>
      <line num="431" type="method" name="getCheckoutArguments" visibility="private" complexity="2" crap="6" count="0"/>
      <line num="433" type="stmt" count="0"/>
      <line num="435" type="stmt" count="0"/>
      <line num="437" type="stmt" count="0"/>
      <line num="439" type="stmt" count="0"/>
      <line num="440" type="stmt" count="0"/>
      <line num="443" type="stmt" count="0"/>
      <line num="445" type="stmt" count="0"/>
      <line num="448" type="method" name="getCustomerInfo" visibility="public" complexity="2" crap="2.21" count="1"/>
      <line num="450" type="stmt" count="1"/>
      <line num="453" type="stmt" count="1"/>
      <line num="454" type="stmt" count="1"/>
      <line num="455" type="stmt" count="1"/>
      <line num="461" type="stmt" count="0"/>
      <line num="462" type="stmt" count="0"/>
      <line num="463" type="stmt" count="0"/>
      <line num="467" type="stmt" count="1"/>
      <line num="470" type="method" name="createRazorpayOrderId" visibility="protected" complexity="2" crap="3.37" count="1"/>
      <line num="473" type="stmt" count="1"/>
      <line num="475" type="stmt" count="1"/>
      <line num="477" type="stmt" count="1"/>
      <line num="481" type="stmt" count="0"/>
      <line num="483" type="stmt" count="0"/>
      <line num="485" type="stmt" count="0"/>
      <line num="487" type="stmt" count="0"/>
      <line num="490" type="stmt" count="0"/>
      <line num="492" type="stmt" count="0"/>
      <line num="494" type="stmt" count="0"/>
      <line num="506" type="method" name="convertCurrency" visibility="protected" complexity="4" crap="20" count="0"/>
      <line num="508" type="stmt" count="0"/>
      <line num="510" type="stmt" count="0"/>
      <line num="512" type="stmt" count="0"/>
      <line num="514" type="stmt" count="0"/>
      <line num="519" type="stmt" count="0"/>
      <line num="522" type="stmt" count="0"/>
      <line num="524" type="stmt" count="0"/>
      <line num="525" type="stmt" count="0"/>
      <line num="529" type="stmt" count="0"/>
      <line num="530" type="stmt" count="0"/>
      <line num="531" type="stmt" count="0"/>
      <line num="532" type="stmt" count="0"/>
      <line num="536" type="stmt" count="0"/>
      <line num="538" type="method" name="verifyOrderAmount" visibility="protected" complexity="4" crap="20" count="0"/>
      <line num="540" type="stmt" count="0"/>
      <line num="542" type="stmt" count="0"/>
      <line num="546" type="stmt" count="0"/>
      <line num="548" type="stmt" count="0"/>
      <line num="550" type="stmt" count="0"/>
      <line num="551" type="stmt" count="0"/>
      <line num="554" type="stmt" count="0"/>
      <line num="557" type="stmt" count="0"/>
      <line num="558" type="stmt" count="0"/>
      <line num="559" type="stmt" count="0"/>
      <line num="560" type="stmt" count="0"/>
      <line num="563" type="stmt" count="0"/>
      <line num="565" type="stmt" count="0"/>
      <line num="567" type="stmt" count="0"/>
      <line num="569" type="stmt" count="0"/>
      <line num="573" type="stmt" count="0"/>
      <line num="576" type="method" name="getOrderCreationData" visibility="private" complexity="3" crap="3.01" count="1"/>
      <line num="578" type="stmt" count="1"/>
      <line num="581" type="stmt" count="1"/>
      <line num="582" type="stmt" count="1"/>
      <line num="583" type="stmt" count="1"/>
      <line num="584" type="stmt" count="1"/>
      <line num="586" type="stmt" count="1"/>
      <line num="590" type="stmt" count="1"/>
      <line num="592" type="stmt" count="1"/>
      <line num="595" type="stmt" count="0"/>
      <line num="598" type="method" name="handleCurrencyConversion" visibility="public" complexity="2" crap="2.09" count="1"/>
      <line num="600" type="stmt" count="1"/>
      <line num="602" type="stmt" count="1"/>
      <line num="603" type="stmt" count="1"/>
      <line num="604" type="stmt" count="1"/>
      <line num="605" type="stmt" count="1"/>
      <line num="609" type="stmt" count="0"/>
      <line num="610" type="stmt" count="0"/>
      <line num="612" type="method" name="enqueueCheckoutScripts" visibility="private" complexity="1" crap="2" count="0"/>
      <line num="614" type="stmt" count="0"/>
      <line num="615" type="stmt" count="0"/>
      <line num="616" type="stmt" count="0"/>
      <line num="618" type="stmt" count="0"/>
      <line num="619" type="stmt" count="0"/>
      <line num="621" type="stmt" count="0"/>
      <line num="622" type="stmt" count="0"/>
      <line num="623" type="stmt" count="0"/>
      <line num="626" type="stmt" count="0"/>
      <line num="627" type="stmt" count="0"/>
      <line num="632" type="method" name="generateOrderForm" complexity="1" crap="2" count="0"/>
      <line num="634" type="stmt" count="0"/>
      <line num="635" type="stmt" count="0"/>
      <line num="638" type="stmt" count="0"/>
      <line num="658" type="method" name="getOrderKey" visibility="protected" complexity="2" crap="6" count="0"/>
      <line num="660" type="stmt" count="0"/>
      <line num="662" type="stmt" count="0"/>
      <line num="664" type="stmt" count="0"/>
      <line num="667" type="stmt" count="0"/>
      <line num="670" type="method" name="getOrderId" visibility="protected" complexity="2" crap="2.15" count="2"/>
      <line num="672" type="stmt" count="2"/>
      <line num="674" type="stmt" count="2"/>
      <line num="677" type="stmt" count="0"/>
      <line num="680" type="method" name="process_refund" visibility="public" complexity="4" crap="20" count="0"/>
      <line num="682" type="stmt" count="0"/>
      <line num="684" type="stmt" count="0"/>
      <line num="686" type="stmt" count="0"/>
      <line num="689" type="stmt" count="0"/>
      <line num="691" type="stmt" count="0"/>
      <line num="694" type="stmt" count="0"/>
      <line num="696" type="stmt" count="0"/>
      <line num="697" type="stmt" count="0"/>
      <line num="703" type="stmt" count="0"/>
      <line num="704" type="stmt" count="0"/>
      <line num="705" type="stmt" count="0"/>
      <line num="707" type="stmt" count="0"/>
      <line num="709" type="stmt" count="0"/>
      <line num="711" type="stmt" count="0"/>
      <line num="713" type="stmt" count="0"/>
      <line num="720" type="method" name="process_payment" complexity="3" crap="12" count="0"/>
      <line num="722" type="stmt" count="0"/>
      <line num="723" type="stmt" count="0"/>
      <line num="724" type="stmt" count="0"/>
      <line num="726" type="stmt" count="0"/>
      <line num="728" type="stmt" count="0"/>
      <line num="731" type="stmt" count="0"/>
      <line num="732" type="stmt" count="0"/>
      <line num="735" type="stmt" count="0"/>
      <line num="738" type="stmt" count="0"/>
      <line num="739" type="stmt" count="0"/>
      <line num="740" type="stmt" count="0"/>
      <line num="746" type="stmt" count="0"/>
      <line num="747" type="stmt" count="0"/>
      <line num="748" type="stmt" count="0"/>
      <line num="753" type="method" name="getRazorpayApiInstance" visibility="public" complexity="1" crap="1" count="3"/>
      <line num="755" type="stmt" count="3"/>
      <line num="761" type="method" name="check_razorpay_response" complexity="5" crap="30" count="0"/>
      <line num="763" type="stmt" count="0"/>
      <line num="765" type="stmt" count="0"/>
      <line num="766" type="stmt" count="0"/>
      <line num="772" type="stmt" count="0"/>
      <line num="774" type="stmt" count="0"/>
      <line num="777" type="stmt" count="0"/>
      <line num="779" type="stmt" count="0"/>
      <line num="781" type="stmt" count="0"/>
      <line num="782" type="stmt" count="0"/>
      <line num="786" type="stmt" count="0"/>
      <line num="787" type="stmt" count="0"/>
      <line num="788" type="stmt" count="0"/>
      <line num="790" type="stmt" count="0"/>
      <line num="792" type="stmt" count="0"/>
      <line num="797" type="stmt" count="0"/>
      <line num="798" type="stmt" count="0"/>
      <line num="799" type="stmt" count="0"/>
      <line num="802" type="stmt" count="0"/>
      <line num="804" type="stmt" count="0"/>
      <line num="805" type="stmt" count="0"/>
      <line num="807" type="method" name="redirectUser" visibility="protected" complexity="1" crap="2" count="0"/>
      <line num="809" type="stmt" count="0"/>
      <line num="811" type="stmt" count="0"/>
      <line num="812" type="stmt" count="0"/>
      <line num="815" type="method" name="verifySignature" visibility="protected" complexity="1" crap="2" count="0"/>
      <line num="817" type="stmt" count="0"/>
      <line num="819" type="stmt" count="0"/>
      <line num="822" type="stmt" count="0"/>
      <line num="823" type="stmt" count="0"/>
      <line num="826" type="stmt" count="0"/>
      <line num="827" type="stmt" count="0"/>
      <line num="829" type="stmt" count="0"/>
      <line num="830" type="stmt" count="0"/>
      <line num="832" type="method" name="getErrorMessage" visibility="protected" complexity="4" crap="20" count="0"/>
      <line num="835" type="stmt" count="0"/>
      <line num="837" type="stmt" count="0"/>
      <line num="839" type="stmt" count="0"/>
      <line num="841" type="stmt" count="0"/>
      <line num="843" type="stmt" count="0"/>
      <line num="844" type="stmt" count="0"/>
      <line num="846" type="stmt" count="0"/>
      <line num="848" type="stmt" count="0"/>
      <line num="850" type="stmt" count="0"/>
      <line num="851" type="stmt" count="0"/>
      <line num="856" type="stmt" count="0"/>
      <line num="859" type="stmt" count="0"/>
      <line num="867" type="method" name="updateOrder" visibility="public" complexity="5" crap="5" count="2"/>
      <line num="869" type="stmt" count="2"/>
      <line num="871" type="stmt" count="2"/>
      <line num="873" type="stmt" count="2"/>
      <line num="875" type="stmt" count="1"/>
      <line num="876" type="stmt" count="1"/>
      <line num="878" type="stmt" count="1"/>
      <line num="879" type="stmt" count="1"/>
      <line num="880" type="stmt" count="1"/>
      <line num="882" type="stmt" count="1"/>
      <line num="884" type="stmt" count="1"/>
      <line num="889" type="stmt" count="1"/>
      <line num="890" type="stmt" count="1"/>
      <line num="892" type="stmt" count="1"/>
      <line num="894" type="stmt" count="1"/>
      <line num="897" type="stmt" count="1"/>
      <line num="898" type="stmt" count="1"/>
      <line num="901" type="stmt" count="2"/>
      <line num="903" type="stmt" count="2"/>
      <line num="905" type="stmt" count="2"/>
      <line num="907" type="method" name="handleErrorCase" visibility="protected" complexity="1" crap="2" count="0"/>
      <line num="909" type="stmt" count="0"/>
      <line num="911" type="stmt" count="0"/>
      <line num="912" type="stmt" count="0"/>
      <line num="913" type="stmt" count="0"/>
      <line num="921" type="method" name="add_notice" visibility="protected" complexity="4" crap="6.00" count="2"/>
      <line num="923" type="stmt" count="2"/>
      <line num="924" type="stmt" count="2"/>
      <line num="926" type="stmt" count="2"/>
      <line num="928" type="stmt" count="2"/>
      <line num="935" type="stmt" count="0"/>
      <line num="936" type="stmt" count="0"/>
      <line num="937" type="stmt" count="0"/>
      <line num="939" type="stmt" count="0"/>
      <line num="940" type="stmt" count="0"/>
      <line num="943" type="stmt" count="2"/>
      <line num="951" type="stmt" count="1"/>
      <line num="952" type="stmt" count="1"/>
      <line num="955" type="stmt" count="0"/>
      <line num="956" type="stmt" count="0"/>
      <line num="961" type="stmt" count="0"/>
      <line num="963" type="stmt" count="0"/>
      <line num="964" type="stmt" count="0"/>
      <metrics loc="964" ncloc="789" classes="1" methods="36" coveredmethods="7" conditionals="0" coveredconditionals="0" statements="313" coveredstatements="124" elements="349" coveredelements="131"/>
    </file>
    <metrics files="2" loc="1201" ncloc="951" classes="2" methods="42" coveredmethods="8" conditionals="0" coveredconditionals="0" statements="382" coveredstatements="129" elements="424" coveredelements="137"/>
  </project>
</coverage>
